SLURM_JOBID=3789587
SLURM_JOB_NAME=filmreconcontrastive
SLURM_JOB_NODELIST=viscam4
SLURM_NNODES=1
SLURMTMPDIR=
working directory = /viscam/u/joycj/dvr/fin_code/film/fin_scripts/batch_scripts
/viscam/u/joycj/dvr/fin_code/film/vr/models/layers.py:141: UserWarning: nn.init.kaiming_uniform is now deprecated in favor of nn.init.kaiming_uniform_.
  init_params(m.weight)
Will save checkpoints to /viscam/u/joycj/dvr/film/chckpt_paths/appendix_biased_005_film_moma_attr_ans_cogen_biased_005_78_sampler_t3.pt
Entropy threshold 0.3
Reading features from /viscam/u/joycj/dvr/final_datasets/cogen_multi_object_biased_005/train/features.h5
Reading questions from  /viscam/u/joycj/dvr/final_datasets/cogen_multi_object_biased_005/questions/train/what_attr_is_the_attr_questions.h5
Reading question data into memory
Reading features from /viscam/u/joycj/dvr/final_datasets/cogen_multi_object/test/features.h5
Reading questions from  /viscam/u/joycj/dvr/final_datasets/cogen_multi_object/questions/test/what_attr_is_the_attr_questions.h5
Reading question data into memory
Loading FiLMGen from /viscam/u/joycj/dvr/film/checkpoint_paths/stage_1_film_moma_attr_ans_cogen_biased_005_78.pt
Here is the conditioning network:
FiLMGen(
  (encoder_embed): Embedding(27, 200)
  (encoder_rnn): GRU(200, 4096, batch_first=True)
  (decoder_linear): Linear(in_features=4096, out_features=1024, bias=True)
)
Loading FiLMReconContrastiveIntermediate from /viscam/u/joycj/dvr/film/checkpoint_paths/stage_1_film_moma_attr_ans_cogen_biased_005_78.pt
Here is the conditioned network:
FiLMedNetReconContrastiveIntermediate(
  (stem): Sequential(
    (0): Conv2d(1026, 128, kernel_size=(3, 3), stride=(1, 1), padding=(1, 1))
    (1): BatchNorm2d(128, eps=1e-05, momentum=0.1, affine=True, track_running_stats=True)
    (2): ReLU(inplace=True)
  )
  (0): FiLMedResBlock(
    (input_proj): Conv2d(130, 128, kernel_size=(1, 1), stride=(1, 1))
    (conv1): Conv2d(128, 128, kernel_size=(3, 3), stride=(1, 1), padding=(1, 1))
    (bn1): BatchNorm2d(128, eps=1e-05, momentum=0.1, affine=False, track_running_stats=True)
    (film): FiLM()
  )
  (1): FiLMedResBlock(
    (input_proj): Conv2d(130, 128, kernel_size=(1, 1), stride=(1, 1))
    (conv1): Conv2d(128, 128, kernel_size=(3, 3), stride=(1, 1), padding=(1, 1))
    (bn1): BatchNorm2d(128, eps=1e-05, momentum=0.1, affine=False, track_running_stats=True)
    (film): FiLM()
  )
  (2): FiLMedResBlock(
    (input_proj): Conv2d(130, 128, kernel_size=(1, 1), stride=(1, 1))
    (conv1): Conv2d(128, 128, kernel_size=(3, 3), stride=(1, 1), padding=(1, 1))
    (bn1): BatchNorm2d(128, eps=1e-05, momentum=0.1, affine=False, track_running_stats=True)
    (film): FiLM()
  )
  (3): FiLMedResBlock(
    (input_proj): Conv2d(130, 128, kernel_size=(1, 1), stride=(1, 1))
    (conv1): Conv2d(128, 128, kernel_size=(3, 3), stride=(1, 1), padding=(1, 1))
    (bn1): BatchNorm2d(128, eps=1e-05, momentum=0.1, affine=False, track_running_stats=True)
    (film): FiLM()
  )
  (bottleneck_classifier): Sequential(
    (0): Conv2d(130, 512, kernel_size=(1, 1), stride=(1, 1))
    (1): BatchNorm2d(512, eps=1e-05, momentum=0.1, affine=True, track_running_stats=True)
    (2): ReLU(inplace=True)
    (3): MaxPool2d(kernel_size=14, stride=14, padding=0, dilation=1, ceil_mode=False)
    (4): Flatten()
    (5): Linear(in_features=512, out_features=1024, bias=True)
    (6): BatchNorm1d(1024, eps=1e-05, momentum=0.1, affine=True, track_running_stats=True)
    (7): ReLU(inplace=True)
    (8): Linear(in_features=1024, out_features=16, bias=True)
  )
  (pred_classifier): Linear(in_features=16, out_features=19, bias=True)
)
train_loader has 49635 samples
val_loader has 12399 samples
real_loader has 2000 samples
/viscam/u/joycj/dvr/final_datasets/cogen_multi_object/test/CLEVR_scenes.json
Starting epoch 1
/viscam/u/joycj/dvr/fin_code/film/fin_scripts/train_sampler.py:398: UserWarning: Implicit dimension choice for softmax has been deprecated. Change the call to include dim=X as an argument.
  p = torch.nn.Softmax()(recon_scores)
100 0.1255529221694087
200 0.1163943417838891
300 0.13046886425989215
Starting epoch 2
400 0.11494313647206582
500 0.14548214665839623
600 0.1931285096965439
700 0.18662142346129257
Starting epoch 3
800 0.14585566513891535
900 0.36505028480751206
1000 0.23919328812047752
Checking training accuracy ... 
/viscam/u/joycj/dvr/fin_code/film/fin_scripts/train_sampler.py:784: UserWarning: volatile was removed and now has no effect. Use `with torch.no_grad():` instead.
  questions_var = Variable(questions.cuda(), volatile=True)
/viscam/u/joycj/dvr/fin_code/film/fin_scripts/train_sampler.py:785: UserWarning: volatile was removed and now has no effect. Use `with torch.no_grad():` instead.
  feats_var = Variable(feats.cuda(), volatile=True)
/viscam/u/joycj/dvr/fin_code/film/fin_scripts/train_sampler.py:786: UserWarning: volatile was removed and now has no effect. Use `with torch.no_grad():` instead.
  answers_var = Variable(feats.cuda(), volatile=True)
train accuracy is 0.9778986602196031
Checking validation accuracy ...
val accuracy is  0.8554722155012501
total counted in batch average is 121.20140280561122
Saving checkpoint to /viscam/u/joycj/dvr/film/chckpt_paths/appendix_biased_005_film_moma_attr_ans_cogen_biased_005_78_sampler_t3_1.pt
1100 0.09678330744476625
Starting epoch 4
1200 0.16216226926268063
1300 0.16689284457394934
1400 0.13818129915058308
1500 0.13794786862883485
Starting epoch 5
1600 0.1856279629132041
1700 0.1580673756069899
1800 0.221598067439013
1900 0.18320640224132148
Starting epoch 6
2000 0.15914419142514816
Checking training accuracy ... 
train accuracy is 0.989060139014808
Checking validation accuracy ...
val accuracy is  0.8900717799822566
total counted in batch average is 123.90270812437312
Saving checkpoint to /viscam/u/joycj/dvr/film/chckpt_paths/appendix_biased_005_film_moma_attr_ans_cogen_biased_005_78_sampler_t3_2.pt
2100 0.11831537631159109
2200 0.1621246604901941
2300 0.17942991151413026
Starting epoch 7
2400 0.20661355035953421
2500 0.20959655046296122
2600 0.16915174138822864
2700 0.19287346733768004
Starting epoch 8
2800 0.16758104644216815
2900 0.17964606214467949
3000 0.31374831252294827
Checking training accuracy ... 
train accuracy is 0.9861992545582754
Checking validation accuracy ...
val accuracy is  0.8753931768691023
total counted in batch average is 124.5190380761523
Saving checkpoint to /viscam/u/joycj/dvr/film/chckpt_paths/appendix_biased_005_film_moma_attr_ans_cogen_biased_005_78_sampler_t3_3.pt
3100 0.11499309507957065
Starting epoch 9
3200 0.16866343899592295
3300 0.16132031963154986
3400 0.132163270569165
Starting epoch 10
3500 0.291602784270799
3600 0.21385763705515212
3700 0.20945876793074603
3800 0.16546580968683655
Starting epoch 11
3900 0.23161043973757842
4000 0.13865963204484616
Checking training accuracy ... 
train accuracy is 0.9858366072327994
Checking validation accuracy ...
val accuracy is  0.8717638519235422
total counted in batch average is 124.22768304914744
Saving checkpoint to /viscam/u/joycj/dvr/film/chckpt_paths/appendix_biased_005_film_moma_attr_ans_cogen_biased_005_78_sampler_t3_4.pt
4100 0.1869739251015615
4200 0.20889180814748443
Starting epoch 12
4300 0.23636381308198906
4400 0.17207203666583967
4500 0.14083889620648804
4600 0.09858073749891812
Starting epoch 13
4700 0.2282546939088161
4800 0.10336289726772627
4900 0.21651698048016044
5000 0.17528089939508618
Checking training accuracy ... 
train accuracy is 0.9732648332829656
Checking validation accuracy ...
val accuracy is  0.7858698282119526
total counted in batch average is 124.85370741482966
Saving checkpoint to /viscam/u/joycj/dvr/film/chckpt_paths/appendix_biased_005_film_moma_attr_ans_cogen_biased_005_78_sampler_t3_5.pt
Starting epoch 14
5100 0.1512733896464846
5200 0.31619390279029175
5300 0.17593507019922255
5400 0.12115333713390837
Starting epoch 15
5500 0.16226924452830105
5600 0.20227304516791306
5700 0.1342424206758278
5800 0.16564968872983546
Starting epoch 16
5900 0.09830859280994166
6000 0.09410463309437858
Checking training accuracy ... 
train accuracy is 0.9923441120177294
Checking validation accuracy ...
val accuracy is  0.8632954270505686
total counted in batch average is 124.73520561685055
Saving checkpoint to /viscam/u/joycj/dvr/film/chckpt_paths/appendix_biased_005_film_moma_attr_ans_cogen_biased_005_78_sampler_t3_6.pt
6100 0.18270330096996532
6200 0.11731973113400898
Starting epoch 17
6300 0.17837568054942
6400 0.11425759101025879
6500 0.14680680446053537
Starting epoch 18
6600 0.17011485326564085
6700 0.15089423426942175
6800 0.2500612044975177
6900 0.26783035224349194
Starting epoch 19
7000 0.17653569249018516
Checking training accuracy ... 
train accuracy is 0.99159867029314
Checking validation accuracy ...
val accuracy is  0.8578917654649568
total counted in batch average is 124.79839518555667
Saving checkpoint to /viscam/u/joycj/dvr/film/chckpt_paths/appendix_biased_005_film_moma_attr_ans_cogen_biased_005_78_sampler_t3_7.pt
7100 0.18386782423293468
7200 0.22224756413345972
7300 0.3473721082683187
Starting epoch 20
7400 0.26495317237871524
7500 0.20962514155552583
7600 0.16990036893955815
7700 0.12194380720492998
Starting epoch 21
7800 0.25926760694923073
7900 0.15676301261590767
8000 0.15318703683704613
Checking training accuracy ... 
train accuracy is 0.9891004331620832
Checking validation accuracy ...
val accuracy is  0.8380514557625615
total counted in batch average is 124.91282565130261
Saving checkpoint to /viscam/u/joycj/dvr/film/chckpt_paths/appendix_biased_005_film_moma_attr_ans_cogen_biased_005_78_sampler_t3_8.pt
8100 0.14941796614147676
Starting epoch 22
8200 0.13918969375405016
8300 0.22445417683517377
8400 0.2234916734199586
8500 0.17018468629132022
Starting epoch 23
8600 0.20437568054049
8700 0.27368165391733723
8800 0.15742511125623349
8900 0.13528578555408033
Starting epoch 24
9000 0.26752028218901613
Checking training accuracy ... 
train accuracy is 0.9830764581444545
Checking validation accuracy ...
val accuracy is  0.8025647229615291
total counted in batch average is 124.91875626880642
Saving checkpoint to /viscam/u/joycj/dvr/film/chckpt_paths/appendix_biased_005_film_moma_attr_ans_cogen_biased_005_78_sampler_t3_9.pt
9100 0.14831760151461598
9200 0.20335887101921585
9300 0.2061369580632375
Starting epoch 25
9400 0.10468613530637297
9500 0.17657024278203054
9600 0.14776109334583837
Starting epoch 26
9800 0.4723015860550834
9900 0.22380635319725115
10000 0.2773222732591074
Checking training accuracy ... 
train accuracy is 0.9825324871562405
Checking validation accuracy ...
val accuracy is  0.821275909347528
total counted in batch average is 125.21843687374749
Saving checkpoint to /viscam/u/joycj/dvr/film/chckpt_paths/appendix_biased_005_film_moma_attr_ans_cogen_biased_005_78_sampler_t3_10.pt
Starting epoch 27
10100 0.17767130904349215
10200 0.1471579053183541
10300 0.11282137067198107
10400 0.09716369245698324
Starting epoch 28
10500 0.1553338767972194
10600 0.186371961166876
10700 0.22495125922466144
10800 0.19101001093539366
Starting epoch 29
10900 0.14234607864017748
11000 0.15771299247873458
Checking training accuracy ... 
train accuracy is 0.9784829253550922
Checking validation accuracy ...
val accuracy is  0.7663521251713847
total counted in batch average is 125.23370110330993
Saving checkpoint to /viscam/u/joycj/dvr/film/chckpt_paths/appendix_biased_005_film_moma_attr_ans_cogen_biased_005_78_sampler_t3_11.pt
11100 0.21710989486447832
11200 0.20061148301271486
Starting epoch 30
11300 0.17724710487169715
11400 0.14734709103395643
11500 0.12605765418824078
11600 0.1420435304917123
Starting epoch 31
11700 0.2384863959139283
11800 0.29070781145605795
11900 0.2198740463594494
12000 0.1570306359007195
Checking training accuracy ... 
train accuracy is 0.9895638158557469
Checking validation accuracy ...
val accuracy is  0.7947415114122106
total counted in batch average is 125.09418837675351
Saving checkpoint to /viscam/u/joycj/dvr/film/chckpt_paths/appendix_biased_005_film_moma_attr_ans_cogen_biased_005_78_sampler_t3_12.pt
Starting epoch 32
12100 0.19961053094590794
12200 0.17086023142306922
12300 0.2785172925632373
12400 0.29776953750596474
Starting epoch 33
12500 0.17932720393842685
12600 0.14919973816783036
12700 0.12599705463166275
12800 0.1768614372538081
Starting epoch 34
12900 0.10503713147274964
13000 0.22947300104292878
Checking training accuracy ... 
train accuracy is 0.9746751284375944
Checking validation accuracy ...
val accuracy is  0.7470763771271877
total counted in batch average is 125.24974924774322
Saving checkpoint to /viscam/u/joycj/dvr/film/chckpt_paths/appendix_biased_005_film_moma_attr_ans_cogen_biased_005_78_sampler_t3_13.pt
13100 0.21892789074870184
Starting epoch 35
13200 0.19616225039597748
13300 0.19003843252194158
13400 0.13930769350254443
13500 0.11450892721548576
Starting epoch 36
13600 0.15008668029824854
13700 0.15995388268337093
13800 0.1872229371871234
13900 0.17137609061344
Starting epoch 37
14000 0.1295964874525432
Checking training accuracy ... 
train accuracy is 0.9935529364359826
Checking validation accuracy ...
val accuracy is  0.747640938785386
total counted in batch average is 125.74222668004012
Saving checkpoint to /viscam/u/joycj/dvr/film/chckpt_paths/appendix_biased_005_film_moma_attr_ans_cogen_biased_005_78_sampler_t3_14.pt
14100 0.0897667844602222
14200 0.281949924341132
14300 0.21813615234815828
Starting epoch 38
14400 0.22719681025471344
14500 0.17081339644750734
14600 0.1845415248541974
14700 0.1560550784717357
Starting epoch 39
14800 0.22381457024077356
14900 0.3062766963522401
15000 0.35308190599201905
Checking training accuracy ... 
train accuracy is 0.976730129948625
Checking validation accuracy ...
val accuracy is  0.7325590773449472
total counted in batch average is 125.71543086172345
Saving checkpoint to /viscam/u/joycj/dvr/film/chckpt_paths/appendix_biased_005_film_moma_attr_ans_cogen_biased_005_78_sampler_t3_15.pt
15100 0.25671039355557207
Starting epoch 40
15200 0.16487523749409252
15300 0.12682307443861693
15400 0.18134189412137314
15500 0.1930398985594367
Starting epoch 41
15600 0.2815946645871098
15700 0.21653242591495275
15800 0.13665010703753125
15900 0.19863264507210426
Starting epoch 42
16000 0.23654484701054435
Checking training accuracy ... 
train accuracy is 0.9874080789765287
Checking validation accuracy ...
val accuracy is  0.7343334139849987
total counted in batch average is 125.67502507522568
Saving checkpoint to /viscam/u/joycj/dvr/film/chckpt_paths/appendix_biased_005_film_moma_attr_ans_cogen_biased_005_78_sampler_t3_16.pt
16100 0.1667276136633955
16200 0.12002202495463479
Starting epoch 43
16300 0.13137686818051497
16400 0.18349840661822991
16500 0.13599298476491592
16600 0.120122532880575
Starting epoch 44
16700 0.16806798708608572
16800 0.14508912014018308
16900 0.17825841254286004
17000 0.1935327572312457
Checking training accuracy ... 
train accuracy is 0.991276317114939
Checking validation accuracy ...
val accuracy is  0.7363497056214211
total counted in batch average is 125.64028056112224
Saving checkpoint to /viscam/u/joycj/dvr/film/chckpt_paths/appendix_biased_005_film_moma_attr_ans_cogen_biased_005_78_sampler_t3_17.pt
Starting epoch 45
17100 0.17886225758857324
17200 0.2034701674672936
17300 0.22435615521433477
17400 0.18536009295221667
Starting epoch 46
17500 0.14990172110651026
17600 0.1738537474254268
17700 0.14004329559642936
17800 0.18985353794147408
Starting epoch 47
17900 0.16279794124866778
18000 0.17349986808364612
Checking training accuracy ... 
train accuracy is 0.9860783721164501
Checking validation accuracy ...
val accuracy is  0.7403016372288088
total counted in batch average is 125.5616850551655
Saving checkpoint to /viscam/u/joycj/dvr/film/chckpt_paths/appendix_biased_005_film_moma_attr_ans_cogen_biased_005_78_sampler_t3_18.pt
18100 0.20237349874685226
18200 0.1554795941443096
Starting epoch 48
18300 0.15877915590085803
18400 0.19013351465282968
18500 0.15642298054514492
18600 0.15305488520907606
Starting epoch 49
18700 0.15226913467752815
18800 0.2136067822387943
18900 0.2324262057677284
19000 0.18572318011979597
Checking training accuracy ... 
train accuracy is 0.9922433766495417
Checking validation accuracy ...
val accuracy is  0.7417533672070328
total counted in batch average is 125.6132264529058
Saving checkpoint to /viscam/u/joycj/dvr/film/chckpt_paths/appendix_biased_005_film_moma_attr_ans_cogen_biased_005_78_sampler_t3_19.pt
Starting epoch 50
19100 0.15217355075528716
19200 0.17366947616978526
19300 0.18663815080675178
Starting epoch 51
19500 0.3807930245348741
19600 0.15579649278177585
19700 0.16425940244097917
Starting epoch 52
19800 0.20490406926724553
19900 0.23181333629856282
20000 0.15243149108110235
Checking training accuracy ... 
train accuracy is 0.9821899869044022
Checking validation accuracy ...
val accuracy is  0.7594160819420921
total counted in batch average is 125.52056168505517
Saving checkpoint to /viscam/u/joycj/dvr/film/chckpt_paths/appendix_biased_005_film_moma_attr_ans_cogen_biased_005_78_sampler_t3_20.pt
20100 0.2100056741414108
Starting epoch 53
20200 0.21953600146371627
20300 0.2006311612959143
20400 0.20215539789046247
20500 0.17285728637805342
Starting epoch 54
20600 0.16390454240025437
20700 0.18406225350928626
20800 0.10631667816751125
20900 0.30045400667255157
Starting epoch 55
21000 0.151976178647714
Checking training accuracy ... 
train accuracy is 0.989745139518485
Checking validation accuracy ...
val accuracy is  0.7289297523993871
total counted in batch average is 125.80441323971915
Saving checkpoint to /viscam/u/joycj/dvr/film/chckpt_paths/appendix_biased_005_film_moma_attr_ans_cogen_biased_005_78_sampler_t3_21.pt
21100 0.14593428666925265
21200 0.13564449619023228
21300 0.24046295440989085
Starting epoch 56
21400 0.21565340913107037
21500 0.2200610432173278
21600 0.1811051156726495
21700 0.15091335149285798
Starting epoch 57
21800 0.21332897618749824
21900 0.18669419340497928
22000 0.16628363066990087
Checking training accuracy ... 
train accuracy is 0.9911957288203889
Checking validation accuracy ...
val accuracy is  0.73715622227599
total counted in batch average is 126.03507014028057
Saving checkpoint to /viscam/u/joycj/dvr/film/chckpt_paths/appendix_biased_005_film_moma_attr_ans_cogen_biased_005_78_sampler_t3_22.pt
22100 0.1618108781701354
Starting epoch 58
22200 0.12609706650908348
22300 0.18824108239475648
22400 0.16624657462921377
22500 0.13441585354910257
Starting epoch 59
22600 0.1191833269740019
22700 0.1314569300750347
22800 0.18756162563975187
Starting epoch 60
22900 0.19893558169488246
23000 0.13314211670855866
Checking training accuracy ... 
train accuracy is 0.9919008763977032
Checking validation accuracy ...
val accuracy is  0.7544156786837648
total counted in batch average is 126.04714142427282
Saving checkpoint to /viscam/u/joycj/dvr/film/chckpt_paths/appendix_biased_005_film_moma_attr_ans_cogen_biased_005_78_sampler_t3_23.pt
23100 0.3236917704233373
23200 0.3251177887280868
Starting epoch 61
23300 0.16225215556461883
23400 0.17007640061845053
23500 0.1621428617540711
23600 0.20540370421604456
Starting epoch 62
23700 0.1525335565833105
23800 0.17010183981873767
23900 0.1303707889763168
24000 0.1570294319402305
Checking training accuracy ... 
train accuracy is 0.9914374937040394
Checking validation accuracy ...
val accuracy is  0.7460279054762481
total counted in batch average is 125.76653306613227
Saving checkpoint to /viscam/u/joycj/dvr/film/chckpt_paths/appendix_biased_005_film_moma_attr_ans_cogen_biased_005_78_sampler_t3_24.pt
Starting epoch 63
24100 0.12835274150113554
24200 0.14974653745962774
24300 0.2744466026537848
24400 0.1589986988479149
Starting epoch 64
24500 0.18021656167020528
24600 0.18799859738393437
24700 0.24119319353712348
24800 0.16173572620258084
Starting epoch 65
24900 0.13033126277683144
25000 0.16385364394647453
Checking training accuracy ... 
train accuracy is 0.9951042611060743
Checking validation accuracy ...
val accuracy is  0.7539317686910235
total counted in batch average is 125.80842527582749
Saving checkpoint to /viscam/u/joycj/dvr/film/chckpt_paths/appendix_biased_005_film_moma_attr_ans_cogen_biased_005_78_sampler_t3_25.pt
25100 0.08485405135586953
25200 0.1849302664410009
Starting epoch 66
25300 0.24068854183480246
25400 0.19562222728883844
25500 0.1333950870731268
25600 0.15860594516483423
Starting epoch 67
25700 0.1503258347121886
25800 0.16336391623251778
25900 0.14100920712793663
Starting epoch 68
26000 0.16196761513400174
Checking training accuracy ... 
train accuracy is 0.9864813135892012
Checking validation accuracy ...
val accuracy is  0.7561093636583596
total counted in batch average is 125.95386158475426
Saving checkpoint to /viscam/u/joycj/dvr/film/chckpt_paths/appendix_biased_005_film_moma_attr_ans_cogen_biased_005_78_sampler_t3_26.pt
26100 0.2516815552311864
26200 0.21672564645521647
26300 0.17144454847692372
Starting epoch 69
26400 0.13689620447872858
26500 0.27461482787293073
26600 0.1764814566508666
26700 0.22283458814997395
Starting epoch 70
26800 0.15658874236875464
26900 0.15278028978091776
27000 0.14421956070646208
Checking training accuracy ... 
train accuracy is 0.9934320539941573
Checking validation accuracy ...
val accuracy is  0.7627228002258246
total counted in batch average is 125.73046092184369
Saving checkpoint to /viscam/u/joycj/dvr/film/chckpt_paths/appendix_biased_005_film_moma_attr_ans_cogen_biased_005_78_sampler_t3_27.pt
27100 0.10388574519019798
Starting epoch 71
27200 0.12960570095985327
27300 0.11774442387937896
27400 0.15351574942692298
27500 0.18497105051857787
Starting epoch 72
27600 0.3449177374323154
27700 0.12883788691428585
27800 0.19397515931910955
27900 0.21111365170048996
Starting epoch 73
28000 0.22061219415313765
Checking training accuracy ... 
train accuracy is 0.9888989624257076
Checking validation accuracy ...
val accuracy is  0.7749012017098154
total counted in batch average is 125.89167502507523
Saving checkpoint to /viscam/u/joycj/dvr/film/chckpt_paths/appendix_biased_005_film_moma_attr_ans_cogen_biased_005_78_sampler_t3_28.pt
28100 0.17565501040114892
28200 0.14406184180810733
28300 0.21133073895443424
Starting epoch 74
28400 0.1353712477185712
28500 0.1688498344227378
28600 0.13821625788785122
28700 0.2070247384209106
Starting epoch 75
28800 0.1340974765924392
28900 0.1697394118990425
29000 0.1147547106548131
Checking training accuracy ... 
train accuracy is 0.9876901380074544
Checking validation accuracy ...
val accuracy is  0.759496733607549
total counted in batch average is 126.05811623246493
Saving checkpoint to /viscam/u/joycj/dvr/film/chckpt_paths/appendix_biased_005_film_moma_attr_ans_cogen_biased_005_78_sampler_t3_29.pt
Starting epoch 76
29200 0.2891932932269194
29300 0.14507290915405183
29400 0.15488786268159016
Starting epoch 77
29500 0.09899704890063583
29600 0.11372487320676035
29700 0.1559919507951235
29800 0.17623294268921647
Starting epoch 78
29900 0.15029459044094526
30000 0.15172732580023246
Checking training accuracy ... 
train accuracy is 0.9888788153520701
Checking validation accuracy ...
val accuracy is  0.786273086539237
total counted in batch average is 125.88966900702107
Saving checkpoint to /viscam/u/joycj/dvr/film/chckpt_paths/appendix_biased_005_film_moma_attr_ans_cogen_biased_005_78_sampler_t3_30.pt
30100 0.10750370887151021
30200 0.12951543504086613
Starting epoch 79
30300 0.136966894396245
30400 0.29912929593173315
30500 0.29586888456627713
30600 0.2244256080768659
Starting epoch 80
30700 0.14541358918029196
30800 0.22917229913727277
30900 0.12629531817474235
31000 0.14697389090188515
Checking training accuracy ... 
train accuracy is 0.993673818877808
Checking validation accuracy ...
val accuracy is  0.7829663682555045
total counted in batch average is 125.91983967935872
Saving checkpoint to /viscam/u/joycj/dvr/film/chckpt_paths/appendix_biased_005_film_moma_attr_ans_cogen_biased_005_78_sampler_t3_31.pt
Starting epoch 81
31100 0.10500595099346409
31200 0.12458018852843616
31300 0.09423719433183912
31400 0.11275096889587825
Starting epoch 82
31500 0.1062203037307934
31600 0.11132371815712841
31700 0.20473131106833464
31800 0.1228526846612203
Starting epoch 83
31900 0.17203419530181427
32000 0.16899569030347888
Checking training accuracy ... 
train accuracy is 0.9871260199456029
Checking validation accuracy ...
val accuracy is  0.8045003629324946
total counted in batch average is 126.35907723169508
Saving checkpoint to /viscam/u/joycj/dvr/film/chckpt_paths/appendix_biased_005_film_moma_attr_ans_cogen_biased_005_78_sampler_t3_32.pt
32100 0.09784182027038424
32200 0.10891076672882281
Starting epoch 84
32300 0.1537985678461148
32400 0.21193782329646293
32500 0.2661621873211266
Starting epoch 85
32600 0.1732218106886946
32700 0.1733997997552736
32800 0.08969104164446338
32900 0.11283372636556781
Starting epoch 86
33000 0.13401862738701106
Checking training accuracy ... 
train accuracy is 0.9878513145965548
Checking validation accuracy ...
val accuracy is  0.8253891442858295
total counted in batch average is 126.25476429287863
Saving checkpoint to /viscam/u/joycj/dvr/film/chckpt_paths/appendix_biased_005_film_moma_attr_ans_cogen_biased_005_78_sampler_t3_33.pt
33100 0.1648619647387943
33200 0.16627871174203535
33300 0.26602425247465383
Starting epoch 87
33400 0.20006152836568447
33500 0.25364200812084325
33600 0.16335460100390573
33700 0.13436984815357902
Starting epoch 88
33800 0.10745769181005685
33900 0.19129529719455426
34000 0.0918616632956332
Checking training accuracy ... 
train accuracy is 0.9929283771532185
Checking validation accuracy ...
val accuracy is  0.8107105411726753
total counted in batch average is 126.09318637274549
Saving checkpoint to /viscam/u/joycj/dvr/film/chckpt_paths/appendix_biased_005_film_moma_attr_ans_cogen_biased_005_78_sampler_t3_34.pt
34100 0.12544142919170848
Starting epoch 89
34200 0.1385302009691276
34300 0.17834708965290255
34400 0.12347720208730444
34500 0.1905676754956572
Starting epoch 90
34600 0.11902448531430738
34700 0.12767302489060597
34800 0.2074573643190912
34900 0.20957006738398018
Starting epoch 91
35000 0.12873764454656064
Checking training accuracy ... 
train accuracy is 0.9936133776568954
Checking validation accuracy ...
val accuracy is  0.803371239616098
total counted in batch average is 126.22668004012036
Saving checkpoint to /viscam/u/joycj/dvr/film/chckpt_paths/appendix_biased_005_film_moma_attr_ans_cogen_biased_005_78_sampler_t3_35.pt
35100 0.13824061987734593
35200 0.2527220857154846
35300 0.594234282822199
Starting epoch 92
35400 0.23897128469579543
35500 0.17248641502469492
35600 0.1163591736938578
Starting epoch 93
35700 0.17450525107626685
35800 0.11616893271677486
35900 0.15802326665523847
36000 0.20170745852978392
Checking training accuracy ... 
train accuracy is 0.9924247003122797
Checking validation accuracy ...
val accuracy is  0.8049842729252359
total counted in batch average is 126.10521042084169
Saving checkpoint to /viscam/u/joycj/dvr/film/chckpt_paths/appendix_biased_005_film_moma_attr_ans_cogen_biased_005_78_sampler_t3_36.pt
Starting epoch 94
36100 0.13659612048323527
36200 0.179587126542929
36300 0.12364962508303137
36400 0.2309175858119142
Starting epoch 95
36500 0.29028860231732395
36600 0.31307405879473477
36700 0.14734233150678944
36800 0.5074115855656072
Starting epoch 96
36900 0.1282743003065848
37000 0.17919944011472688
Checking training accuracy ... 
train accuracy is 0.989060139014808
Checking validation accuracy ...
val accuracy is  0.8240180659730624
total counted in batch average is 125.96088264794383
Saving checkpoint to /viscam/u/joycj/dvr/film/chckpt_paths/appendix_biased_005_film_moma_attr_ans_cogen_biased_005_78_sampler_t3_37.pt
37100 0.15153918530297966
37200 0.15436390460242183
Starting epoch 97
37300 0.1286023741020397
37400 0.11609704657308675
37500 0.1895308700425582
37600 0.2740141918981483
Starting epoch 98
37700 0.14423497003342484
37800 0.15650116432805253
37900 0.18083207102944865
38000 0.11881816801404187
Checking training accuracy ... 
train accuracy is 0.992545582754105
Checking validation accuracy ...
val accuracy is  0.8162755060892007
total counted in batch average is 126.4629258517034
Saving checkpoint to /viscam/u/joycj/dvr/film/chckpt_paths/appendix_biased_005_film_moma_attr_ans_cogen_biased_005_78_sampler_t3_38.pt
Starting epoch 99
38100 0.09155282967089988
38200 0.10957135439593385
38300 0.15744335112225286
38400 0.2137870435353084
Starting epoch 100
38500 0.17892035612614762
38600 0.1939453090317693
38700 0.12881522853483005
Starting epoch 101
38900 0.24242693782233535
39000 0.17905469934564344
Checking training accuracy ... 
train accuracy is 0.9885967563211443
Checking validation accuracy ...
val accuracy is  0.7909508831357368
total counted in batch average is 126.30190571715146
Saving checkpoint to /viscam/u/joycj/dvr/film/chckpt_paths/appendix_biased_005_film_moma_attr_ans_cogen_biased_005_78_sampler_t3_39.pt
39100 0.17966496446583274
Starting epoch 102
39200 0.13972213000700384
39300 0.09834463582068276
39400 0.1911612254736162
39500 0.12500647715903015
Starting epoch 103
39600 0.1660422202194323
39700 0.1129639152729068
39800 0.1573477425608873
39900 0.14506076350886943
Starting epoch 104
40000 0.14043028197430155
Checking training accuracy ... 
train accuracy is 0.9926664651959303
Checking validation accuracy ...
val accuracy is  0.778853133317203
total counted in batch average is 125.95687061183551
Saving checkpoint to /viscam/u/joycj/dvr/film/chckpt_paths/appendix_biased_005_film_moma_attr_ans_cogen_biased_005_78_sampler_t3_40.pt
40100 0.10805282818444834
40200 0.12099385135410066
40300 0.12466221147624007
Starting epoch 105
40400 0.12915333224821396
40500 0.2045120859432398
40600 0.12683900010545457
40700 0.1026787966677072
Starting epoch 106
40800 0.07044079132556176
40900 0.11654963315143854
41000 0.13674327346224552
Checking training accuracy ... 
train accuracy is 0.9920419059131661
Checking validation accuracy ...
val accuracy is  0.8021614646342446
total counted in batch average is 126.02004008016031
Saving checkpoint to /viscam/u/joycj/dvr/film/chckpt_paths/appendix_biased_005_film_moma_attr_ans_cogen_biased_005_78_sampler_t3_41.pt
41100 0.10328937887482578
Starting epoch 107
41200 0.15216875241427943
41300 0.2650234123844223
41400 0.2519623904541614
41500 0.1182483071995452
Starting epoch 108
41600 0.10382470681335766
41700 0.2010392581426228
41800 0.15055472066408415
41900 0.13623619082238012
Starting epoch 109
42000 0.1626006139821867
Checking training accuracy ... 
train accuracy is 0.9858164601591619
Checking validation accuracy ...
val accuracy is  0.7919993547866764
total counted in batch average is 125.97592778335004
Saving checkpoint to /viscam/u/joycj/dvr/film/chckpt_paths/appendix_biased_005_film_moma_attr_ans_cogen_biased_005_78_sampler_t3_42.pt
42100 0.18214292983741984
42200 0.11771691906152232
Starting epoch 110
42300 0.11912458687748169
42400 0.104933662194619
42500 0.12816784531597325
42600 0.22560674852222662
Starting epoch 111
42700 0.32955594541955235
42800 0.1621561756212423
42900 0.20102279304396858
43000 0.13963988978408126
Checking training accuracy ... 
train accuracy is 0.9847889594036466
Checking validation accuracy ...
val accuracy is  0.8012742963142189
total counted in batch average is 126.04308617234469
Saving checkpoint to /viscam/u/joycj/dvr/film/chckpt_paths/appendix_biased_005_film_moma_attr_ans_cogen_biased_005_78_sampler_t3_43.pt
Starting epoch 112
43100 0.14281116755013426
43200 0.3288656856020953
43300 0.16535981817235318
43400 0.3061320879578298
Starting epoch 113
43500 0.24853770327710656
43600 0.3187577133260493
43700 0.37085592768179565
43800 0.3797682828230677
Starting epoch 114
43900 0.19090265236988913
44000 0.21801913379961452
Checking training accuracy ... 
train accuracy is 0.9842248413417951
Checking validation accuracy ...
val accuracy is  0.8068392612307445
total counted in batch average is 125.87462387161484
Saving checkpoint to /viscam/u/joycj/dvr/film/chckpt_paths/appendix_biased_005_film_moma_attr_ans_cogen_biased_005_78_sampler_t3_44.pt
44100 0.18677537133014765
44200 0.246407006910483
Starting epoch 115
44300 0.16802945957069262
44400 0.19678204772625393
44500 0.1630008480670651
44600 0.13552565626225724
Starting epoch 116
44700 0.1674723692351726
44800 0.2552775553821087
44900 0.2812780948541695
45000 0.18215447294582418
Checking training accuracy ... 
train accuracy is 0.9876901380074544
Checking validation accuracy ...
val accuracy is  0.7981288813614001
total counted in batch average is 126.02805611222445
Saving checkpoint to /viscam/u/joycj/dvr/film/chckpt_paths/appendix_biased_005_film_moma_attr_ans_cogen_biased_005_78_sampler_t3_45.pt
Starting epoch 117
45100 0.16938483394003057
45200 0.1478486685910365
45300 0.15040654694840844
Starting epoch 118
45400 0.11735573538157663
45500 0.106860425789267
45600 0.14964420184856256
45700 0.22801130719824309
Starting epoch 119
45800 0.14502266021478744
45900 0.1644386947098606
46000 0.17357821394187659
Checking training accuracy ... 
train accuracy is 0.9794902790369698
Checking validation accuracy ...
val accuracy is  0.7734494717315913
total counted in batch average is 126.0852557673019
Saving checkpoint to /viscam/u/joycj/dvr/film/chckpt_paths/appendix_biased_005_film_moma_attr_ans_cogen_biased_005_78_sampler_t3_46.pt
46100 0.22643940860669304
Starting epoch 120
46200 0.19274429632556866
46300 0.11530719889087593
46400 0.14583112031442744
46500 0.1428637879702813
Starting epoch 121
46600 0.18721459688850764
46700 0.296061898906945
46800 0.3228403816095306
46900 0.1854533912397895
Starting epoch 122
47000 0.1759366277922389
Checking training accuracy ... 
train accuracy is 0.9818676337262012
Checking validation accuracy ...
val accuracy is  0.766916686829583
total counted in batch average is 125.97993981945838
Saving checkpoint to /viscam/u/joycj/dvr/film/chckpt_paths/appendix_biased_005_film_moma_attr_ans_cogen_biased_005_78_sampler_t3_47.pt
47100 0.24629689304385471
47200 0.3011009333444009
47300 0.18744123197745693
Starting epoch 123
47400 0.13539992859329636
47500 0.1639034935208653
47600 0.17559181547038624
47700 0.16072772175483963
Starting epoch 124
47800 0.2163955489843686
47900 0.15253942496727485
48000 0.18967876570500614
Checking training accuracy ... 
train accuracy is 0.986259695779188
Checking validation accuracy ...
val accuracy is  0.7757077183643842
total counted in batch average is 126.02104208416834
Saving checkpoint to /viscam/u/joycj/dvr/film/chckpt_paths/appendix_biased_005_film_moma_attr_ans_cogen_biased_005_78_sampler_t3_48.pt
48100 0.22410537636409347
Starting epoch 125
48200 0.18101156287786016
48300 0.2099534733482477
48400 0.19772676618460444
Starting epoch 126
48600 0.4604708582699334
48700 0.09361733634545248
48800 0.09849965877164056
Starting epoch 127
48900 0.12030970425161175
49000 0.09998699911510586
Checking training accuracy ... 
train accuracy is 0.9930895537423189
Checking validation accuracy ...
val accuracy is  0.7987740946850552
total counted in batch average is 126.26880641925777
Saving checkpoint to /viscam/u/joycj/dvr/film/chckpt_paths/appendix_biased_005_film_moma_attr_ans_cogen_biased_005_78_sampler_t3_49.pt
49100 0.13978259380745725
49200 0.11751111193946961
Starting epoch 128
49300 0.17065702910748462
49400 0.2698913623019989
49500 0.20567320267643338
49600 0.31308583343847346
Starting epoch 129
49700 0.4307591924485723
49800 0.2049088627279063
49900 0.21816233765530454
50000 0.22316764697279942
Checking training accuracy ... 
train accuracy is 0.9932910244786944
Checking validation accuracy ...
val accuracy is  0.7891765464956851
total counted in batch average is 126.23246492985972
Saving checkpoint to /viscam/u/joycj/dvr/film/chckpt_paths/appendix_biased_005_film_moma_attr_ans_cogen_biased_005_78_sampler_t3_50.pt
Starting epoch 130
50100 0.24679452923076473
50200 0.14590801927910121
50300 0.2255784582081526
50400 0.11164809955671672
Starting epoch 131
50500 0.11075407771671564
50600 0.29607964202892617
50700 0.2576333614123382
50800 0.3831156099339751
Starting epoch 132
50900 0.21083457369845746
51000 0.13120833770626633
Checking training accuracy ... 
train accuracy is 0.9852120479500353
Checking validation accuracy ...
val accuracy is  0.7561093636583596
total counted in batch average is 126.17753259779337
Saving checkpoint to /viscam/u/joycj/dvr/film/chckpt_paths/appendix_biased_005_film_moma_attr_ans_cogen_biased_005_78_sampler_t3_51.pt
51100 0.26387911620658827
51200 0.1818630309011364
Starting epoch 133
51300 0.11873292911984422
51400 0.3283283939043281
51500 0.2070772152232246
51600 0.1860849935893202
Starting epoch 134
51700 0.14477287418812523
51800 0.16048740274816736
51900 0.1865045932904468
Starting epoch 135
52000 0.18446146465489163
Checking training accuracy ... 
train accuracy is 0.9848896947718344
Checking validation accuracy ...
val accuracy is  0.7526413420437132
total counted in batch average is 126.24774322968906
Saving checkpoint to /viscam/u/joycj/dvr/film/chckpt_paths/appendix_biased_005_film_moma_attr_ans_cogen_biased_005_78_sampler_t3_52.pt
52100 0.16353611836842902
52200 0.17329375663121255
52300 0.18007447623975167
Starting epoch 136
52400 0.2240877734159585
52500 0.2558196605159765
52600 0.13367470129966683
52700 0.1587257820103605
Starting epoch 137
52800 0.14723081966258178
52900 0.1358359691855992
53000 0.16476206406808885
Checking training accuracy ... 
train accuracy is 0.9909741110103757
Checking validation accuracy ...
val accuracy is  0.7651423501895314
total counted in batch average is 126.05911823647294
Saving checkpoint to /viscam/u/joycj/dvr/film/chckpt_paths/appendix_biased_005_film_moma_attr_ans_cogen_biased_005_78_sampler_t3_53.pt
53100 0.07497410045692736
Starting epoch 138
53200 0.10141792587061162
53300 0.07705215855499276
53400 0.6931772941879295
53500 0.33207974492328757
Starting epoch 139
53600 0.5127478322808747
53700 0.2630354478429217
53800 0.6032551203739422
53900 0.6581293856399134
Starting epoch 140
54000 0.16592965144100616
Checking training accuracy ... 
train accuracy is 0.9610355595849703
Checking validation accuracy ...
val accuracy is  0.734172110654085
total counted in batch average is 125.80641925777331
Saving checkpoint to /viscam/u/joycj/dvr/film/chckpt_paths/appendix_biased_005_film_moma_attr_ans_cogen_biased_005_78_sampler_t3_54.pt
54100 0.22396842941176145
54200 0.30815106171181467
54300 0.15338905222237828
Starting epoch 141
54400 0.12752998713849137
54500 0.10753428256530242
54600 0.09306401041932659
54700 0.06628322887644657
Starting epoch 142
54800 0.05471094229486198
54900 0.08744041335281054
55000 0.09297626429912441
Checking training accuracy ... 
train accuracy is 0.9858164601591619
Checking validation accuracy ...
val accuracy is  0.7657875635131866
total counted in batch average is 126.12925851703407
Saving checkpoint to /viscam/u/joycj/dvr/film/chckpt_paths/appendix_biased_005_film_moma_attr_ans_cogen_biased_005_78_sampler_t3_55.pt
Starting epoch 143
55100 0.06539986766072105
55200 0.0706755016307477
55300 0.12122244147776598
55400 0.171739231540667
Starting epoch 144
55500 0.08336945772384784
55600 0.11240996919961162
55700 0.10913554242651116
55800 0.10046463644707955
Starting epoch 145
55900 0.10942224303712024
56000 0.13364823027625902
Checking training accuracy ... 
train accuracy is 0.9895839629293846
Checking validation accuracy ...
val accuracy is  0.7563513186547303
total counted in batch average is 126.55867602808425
Saving checkpoint to /viscam/u/joycj/dvr/film/chckpt_paths/appendix_biased_005_film_moma_attr_ans_cogen_biased_005_78_sampler_t3_56.pt
56100 0.27403061268737017
56200 0.33126774461317837
Starting epoch 146
56300 0.3121469381186489
56400 0.12726709351129345
56500 0.19236664471856785
56600 0.15804485003262583
Starting epoch 147
56700 0.18417646979538405
56800 0.19198391535777773
56900 0.10540668088959138
57000 0.08231359911037202
Checking training accuracy ... 
train accuracy is 0.9913569054094893
Checking validation accuracy ...
val accuracy is  0.7672392934914106
total counted in batch average is 126.29258517034069
Saving checkpoint to /viscam/u/joycj/dvr/film/chckpt_paths/appendix_biased_005_film_moma_attr_ans_cogen_biased_005_78_sampler_t3_57.pt
Starting epoch 148
57100 0.09036754216779155
57200 0.14674336072148036
57300 0.12560644666466034
57400 0.09473693523829585
Starting epoch 149
57500 0.07203295563619407
57600 0.16622280795454572
57700 0.07980369918919558
57800 0.08088467161557049
Starting epoch 150
57900 0.16050196534066646
58000 0.19475076406165046
Checking training accuracy ... 
train accuracy is 0.9843860179308955
Checking validation accuracy ...
val accuracy is  0.7683684168078071
total counted in batch average is 126.46339017051153
Saving checkpoint to /viscam/u/joycj/dvr/film/chckpt_paths/appendix_biased_005_film_moma_attr_ans_cogen_biased_005_78_sampler_t3_58.pt
58100 0.27172873719372
Starting epoch 151
58300 0.26333365406831716
58400 0.1601032186787529
58500 0.11346568991169402
Starting epoch 152
58600 0.2003629407706991
58700 0.14574131119352118
58800 0.14322023813428586
58900 0.14759969667604125
Starting epoch 153
59000 0.17657484830420686
Checking training accuracy ... 
train accuracy is 0.9895638158557469
Checking validation accuracy ...
val accuracy is  0.7802242116299701
total counted in batch average is 126.26579739217652
Saving checkpoint to /viscam/u/joycj/dvr/film/chckpt_paths/appendix_biased_005_film_moma_attr_ans_cogen_biased_005_78_sampler_t3_59.pt
59100 0.10034314724958676
59200 0.2221646248338493
59300 0.10006854357855226
Starting epoch 154
59400 0.15828994925385473
59500 0.10470074423021287
59600 0.11119260370069696
59700 0.13770636541830755
Starting epoch 155
59800 0.1250871663131329
59900 0.10957718803535223
60000 0.10475677284734373
Checking training accuracy ... 
train accuracy is 0.9792485141533193
Checking validation accuracy ...
val accuracy is  0.7516735220582305
total counted in batch average is 126.47394789579158
Saving checkpoint to /viscam/u/joycj/dvr/film/chckpt_paths/appendix_biased_005_film_moma_attr_ans_cogen_biased_005_78_sampler_t3_60.pt
60100 0.07373769106269001
Starting epoch 156
60200 0.2137672954173246
60300 0.3065035142958368
60400 0.2734876326785991
60500 0.33796645862902414
Starting epoch 157
60600 0.4213696585141588
60700 0.18069324225082256
60800 0.14841884318720758
60900 0.18255790131374838
Starting epoch 158
61000 0.15148212644282466
Checking training accuracy ... 
train accuracy is 0.9858366072327994
Checking validation accuracy ...
val accuracy is  0.7674812484877813
total counted in batch average is 126.37412236710131
Saving checkpoint to /viscam/u/joycj/dvr/film/chckpt_paths/appendix_biased_005_film_moma_attr_ans_cogen_biased_005_78_sampler_t3_61.pt
61100 0.12478137350954967
61200 0.10687134273930951
61300 0.09864916562846701
Starting epoch 159
61400 0.1463188628657099
61500 0.08234981337011049
61600 0.0869729012247717
Starting epoch 160
61700 0.14488655911067327
61800 0.1292783205048181
61900 0.10312479703810823
62000 0.16895468253904256
Checking training accuracy ... 
train accuracy is 0.9849904301400222
Checking validation accuracy ...
val accuracy is  0.7856278732155819
total counted in batch average is 126.47595190380761
Saving checkpoint to /viscam/u/joycj/dvr/film/chckpt_paths/appendix_biased_005_film_moma_attr_ans_cogen_biased_005_78_sampler_t3_62.pt
Starting epoch 161
62100 0.11170588674383453
62200 0.3774020054808352
62300 0.2042976953845937
62400 0.1746217526439432
Starting epoch 162
62500 0.1430124580525444
62600 0.4209864212013781
62700 0.2518018380086869
62800 0.1782891394442413
Starting epoch 163
62900 0.16706994142587064
63000 0.12699180094408802
Checking training accuracy ... 
train accuracy is 0.9780598368087036
Checking validation accuracy ...
val accuracy is  0.7646584401967901
total counted in batch average is 126.06619859578736
Saving checkpoint to /viscam/u/joycj/dvr/film/chckpt_paths/appendix_biased_005_film_moma_attr_ans_cogen_biased_005_78_sampler_t3_63.pt
63100 0.15029730299127436
63200 0.11600704900944038
Starting epoch 164
63300 0.13367257954596426
63400 0.16418184426729568
63500 0.16670116247143596
63600 0.3090811608021613
Starting epoch 165
63700 0.35225906478241087
63800 0.2467516850680113
63900 0.1544083961471915
64000 0.23574907798320055
Checking training accuracy ... 
train accuracy is 0.9328498035660321
Checking validation accuracy ...
val accuracy is  0.743850310508912
total counted in batch average is 126.41382765531063
Saving checkpoint to /viscam/u/joycj/dvr/film/chckpt_paths/appendix_biased_005_film_moma_attr_ans_cogen_biased_005_78_sampler_t3_64.pt
Starting epoch 166
64100 0.3797125815786421
64200 0.1867215891322121
64300 0.15443714244291187
64400 0.47993405736982825
Starting epoch 167
64500 0.8532146545685828
64600 0.18218746910337358
64700 0.26378938044421374
Starting epoch 168
64800 0.24196092342957853
64900 0.2113261694367975
65000 0.13882378765381873
Checking training accuracy ... 
train accuracy is 0.8306235519290823
Checking validation accuracy ...
val accuracy is  0.6322284055165739
total counted in batch average is 125.97592778335004
Saving checkpoint to /viscam/u/joycj/dvr/film/chckpt_paths/appendix_biased_005_film_moma_attr_ans_cogen_biased_005_78_sampler_t3_65.pt
65100 0.23376596423331647
Starting epoch 169
65200 0.2643879855005071
65300 0.36632543936837464
65400 0.2582722745562205
65500 0.11293682048795745
Starting epoch 170
65600 0.17514234727248548
65700 0.10451177453971468
65800 0.1175938181206584
65900 0.1823357064090669
Starting epoch 171
66000 0.12896605162415653
Checking training accuracy ... 
train accuracy is 0.8741412309861992
Checking validation accuracy ...
val accuracy is  0.6987660295185095
total counted in batch average is 125.93681043129388
Saving checkpoint to /viscam/u/joycj/dvr/film/chckpt_paths/appendix_biased_005_film_moma_attr_ans_cogen_biased_005_78_sampler_t3_66.pt
66100 0.14658800444565714
66200 0.12346995303407311
66300 0.19275024613365532
Starting epoch 172
66400 0.1284998081251979
66500 0.20557337533682585
66600 0.18398752633482218
66700 0.17069116484373809
Starting epoch 173
66800 0.09296912637073547
66900 0.09598129472695291
67000 0.059510231520980596
Checking training accuracy ... 
train accuracy is 0.7940969074241966
Checking validation accuracy ...
val accuracy is  0.6003709976611017
total counted in batch average is 126.56713426853707
Saving checkpoint to /viscam/u/joycj/dvr/film/chckpt_paths/appendix_biased_005_film_moma_attr_ans_cogen_biased_005_78_sampler_t3_67.pt
67100 0.07680357706267386
Starting epoch 174
67200 0.07597458480624482
67300 0.04424689712235704
67400 0.06926241030683741
67500 0.048211717931553724
Starting epoch 175
67600 0.059209969678195196
67700 0.05382857854478061
67800 0.10575035723973997
Starting epoch 176
68000 0.1004774525819812
Checking training accuracy ... 
train accuracy is 0.774513951848494
Checking validation accuracy ...
val accuracy is  0.6023872892975239
total counted in batch average is 127.24172517552658
Saving checkpoint to /viscam/u/joycj/dvr/film/chckpt_paths/appendix_biased_005_film_moma_attr_ans_cogen_biased_005_78_sampler_t3_68.pt
68100 0.05333686096360907
68200 0.0483702775684651
Starting epoch 177
68300 0.05533552741864696
68400 0.04351638223277405
68500 0.03197820842266083
68600 0.04934514238499105
Starting epoch 178
68700 0.020254379367106595
68800 0.012729021107079462
68900 0.019411943486193194
69000 0.019876305928337386
Checking training accuracy ... 
train accuracy is 0.6873778583660723
Checking validation accuracy ...
val accuracy is  0.5411726752157432
total counted in batch average is 127.76452905811624
Saving checkpoint to /viscam/u/joycj/dvr/film/chckpt_paths/appendix_biased_005_film_moma_attr_ans_cogen_biased_005_78_sampler_t3_69.pt
Starting epoch 179
69100 0.02698098217631923
69200 0.05925375504943076
69300 0.04312429777346551
69400 0.04607729984869366
Starting epoch 180
69500 0.030396873021381908
69600 0.03821690970798954
69700 0.05012087882030755
69800 0.04516958430642262
Starting epoch 181
69900 0.045213445781264454
70000 0.019259583533857948
Checking training accuracy ... 
train accuracy is 0.6345320842147678
Checking validation accuracy ...
val accuracy is  0.48157109444310026
total counted in batch average is 127.65195586760281
Saving checkpoint to /viscam/u/joycj/dvr/film/chckpt_paths/appendix_biased_005_film_moma_attr_ans_cogen_biased_005_78_sampler_t3_70.pt
70100 0.02924744687974453
70200 0.025364756776252762
Starting epoch 182
70300 0.013272752833436242
70400 0.013438860908063361
70500 0.017291037744726054
70600 0.019030268366332165
Starting epoch 183
70700 0.013306509673129767
70800 0.03948472937743645
70900 0.01897312382294331
71000 0.022737360283499583
Checking training accuracy ... 
train accuracy is 0.7960511735670394
Checking validation accuracy ...
val accuracy is  0.6262601822727639
total counted in batch average is 127.87875751503006
Saving checkpoint to /viscam/u/joycj/dvr/film/chckpt_paths/appendix_biased_005_film_moma_attr_ans_cogen_biased_005_78_sampler_t3_71.pt
Starting epoch 184
71100 0.018140216381871143
71200 0.017320516603067517
71300 0.016524921111995355
Starting epoch 185
71400 0.022209010547667277
71500 0.28838835712638683
71600 0.08671234779059887
71700 0.04073067904449999
Starting epoch 186
71800 0.0202088429662399
71900 0.023183342610427645
72000 0.016739473513152917
Checking training accuracy ... 
train accuracy is 0.6159766293945804
Checking validation accuracy ...
val accuracy is  0.5213323655133478
total counted in batch average is 127.79739217652958
Saving checkpoint to /viscam/u/joycj/dvr/film/chckpt_paths/appendix_biased_005_film_moma_attr_ans_cogen_biased_005_78_sampler_t3_72.pt
72100 0.023742879252531567
Starting epoch 187
72200 0.019416630449704826
72300 0.016116640368709342
72400 0.013505537919991184
72500 0.015546681083505973
Starting epoch 188
72600 0.008047256196150557
72700 0.01217509777561645
72800 0.01840814579714788
72900 0.06185883944737725
Starting epoch 189
73000 0.12927107012132183
Checking training accuracy ... 
train accuracy is 0.7072227258990632
Checking validation accuracy ...
val accuracy is  0.5843213162351802
total counted in batch average is 127.88064192577733
Saving checkpoint to /viscam/u/joycj/dvr/film/chckpt_paths/appendix_biased_005_film_moma_attr_ans_cogen_biased_005_78_sampler_t3_73.pt
73100 0.056430976280244065
73200 0.021775640924461187
73300 0.013954607982595917
Starting epoch 190
73400 0.04618367254181067
73500 0.019725671300548128
73600 0.007800675327889622
73700 0.011950088386656716
Starting epoch 191
73800 0.006795613391150254
73900 0.01021307980241545
74000 0.014652747875079513
Checking training accuracy ... 
train accuracy is 0.7809408683388738
Checking validation accuracy ...
val accuracy is  0.608355512541334
total counted in batch average is 127.91082164328657
Saving checkpoint to /viscam/u/joycj/dvr/film/chckpt_paths/appendix_biased_005_film_moma_attr_ans_cogen_biased_005_78_sampler_t3_74.pt
74100 0.011922779053275007
Starting epoch 192
74200 0.00815999412938254
74300 0.009472220548486803
74400 0.006409208475524793
Starting epoch 193
74500 0.006538760418479796
74600 0.009348266598826739
74700 0.07425481045182096
74800 0.023237218880822183
Starting epoch 194
74900 0.043534894856711616
75000 0.025308631216175853
Checking training accuracy ... 
train accuracy is 0.3854538128336859
Checking validation accuracy ...
val accuracy is  0.30228244213243005
total counted in batch average is 127.89067201604814
Saving checkpoint to /viscam/u/joycj/dvr/film/chckpt_paths/appendix_biased_005_film_moma_attr_ans_cogen_biased_005_78_sampler_t3_75.pt
75100 0.007387441678147298
75200 0.003417768507351866
Starting epoch 195
75300 0.005930103506616433
75400 0.0022599631340563062
75500 0.0038045323465848925
75600 0.002431279760057805
Starting epoch 196
75700 0.0025166430791432504
75800 0.001983235554289422
75900 0.0016623860874096863
76000 0.0008385854431253392
Checking training accuracy ... 
train accuracy is 0.3849299889191095
Checking validation accuracy ...
val accuracy is  0.2763932575207678
total counted in batch average is 128.0
Saving checkpoint to /viscam/u/joycj/dvr/film/chckpt_paths/appendix_biased_005_film_moma_attr_ans_cogen_biased_005_78_sampler_t3_76.pt
Starting epoch 197
76100 0.001649017347899644
76200 0.0007014688542676594
76300 0.0013518140274754841
76400 0.0014502174034169
Starting epoch 198
76500 0.0015615439335124393
76600 0.002397989275960981
76700 0.001272208642581063
76800 0.018276060065472846
Starting epoch 199
76900 0.003275522674084641
77000 0.0027880013333742683
Checking training accuracy ... 
train accuracy is 0.5230180316309057
Checking validation accuracy ...
val accuracy is  0.33236551334785064
total counted in batch average is 127.99799398194584
Saving checkpoint to /viscam/u/joycj/dvr/film/chckpt_paths/appendix_biased_005_film_moma_attr_ans_cogen_biased_005_78_sampler_t3_77.pt
77100 0.00241616263873766
77200 0.0023966091668444277
Starting epoch 200
77300 0.0006352409912778967
77400 0.0020373491761256444
77500 0.0010529157541259338
Starting epoch 201
77700 0.0015783343516204695
77800 0.0002894324300041262
77900 0.000446249363503739
Starting epoch 202
78000 0.0005275328316088235
Checking training accuracy ... 
train accuracy is 0.6924952150700111
Checking validation accuracy ...
val accuracy is  0.5177030405677877
total counted in batch average is 127.99899699097291
Saving checkpoint to /viscam/u/joycj/dvr/film/chckpt_paths/appendix_biased_005_film_moma_attr_ans_cogen_biased_005_78_sampler_t3_78.pt
78100 0.001343469824314525
78200 0.001920260808628882
78300 0.0005013986011545057
Starting epoch 203
78400 0.000540783044368709
78500 0.00019391891372492866
78600 0.0007211158517907279
78700 0.024030887857912832
Starting epoch 204
78800 0.0018976505284695121
78900 0.0010944377176519992
79000 0.00028363009193071775
Checking training accuracy ... 
train accuracy is 0.9546489372418656
Checking validation accuracy ...
val accuracy is  0.7949028147431244
total counted in batch average is 127.99899799599199
Saving checkpoint to /viscam/u/joycj/dvr/film/chckpt_paths/appendix_biased_005_film_moma_attr_ans_cogen_biased_005_78_sampler_t3_79.pt
79100 0.00030730271738093506
Starting epoch 205
79200 0.00014825883469143263
79300 0.00021939096550511295
79400 0.002033419381320982
79500 0.0004066554600206018
Starting epoch 206
79600 0.004770963018045222
79700 0.005570885803301735
79800 0.0008989688683698205
79900 0.002244307526221405
Starting epoch 207
80000 0.0036217156405376726
Checking training accuracy ... 
train accuracy is 0.8510526845975622
Checking validation accuracy ...
val accuracy is  0.696991692878458
total counted in batch average is 127.99598796389168
Saving checkpoint to /viscam/u/joycj/dvr/film/chckpt_paths/appendix_biased_005_film_moma_attr_ans_cogen_biased_005_78_sampler_t3_80.pt
80100 0.0005208530719551163
80200 0.0010773663683994528
80300 0.00016265741534766677
Starting epoch 208
80400 9.94978145007508e-05
80500 3.890105142545508e-05
80600 4.194874417763117e-05
80700 3.556773212380904e-05
Starting epoch 209
80800 3.332076318216082e-05
80900 1.8157703511860745e-05
81000 4.87808773704046e-05
Checking training accuracy ... 
train accuracy is 0.842208119270676
Checking validation accuracy ...
val accuracy is  0.690216952980079
total counted in batch average is 128.0
Saving checkpoint to /viscam/u/joycj/dvr/film/chckpt_paths/appendix_biased_005_film_moma_attr_ans_cogen_biased_005_78_sampler_t3_81.pt
Starting epoch 210
81100 6.1030950368774485e-05
81200 2.3219045117457427e-05
81300 1.6323686701582573e-05
81400 6.504618284708386e-05
Starting epoch 211
81500 1.697129071878578e-05
81600 2.077166012611542e-05
81700 0.0010055264772159944
81800 0.006488377091598636
Starting epoch 212
81900 0.008453537341475794
82000 0.011536876481487752
Checking training accuracy ... 
train accuracy is 0.9519492293744334
Checking validation accuracy ...
val accuracy is  0.8107911928381321
total counted in batch average is 127.99598796389168
Saving checkpoint to /viscam/u/joycj/dvr/film/chckpt_paths/appendix_biased_005_film_moma_attr_ans_cogen_biased_005_78_sampler_t3_82.pt
82100 0.004261270709119458
82200 0.0010289223167819729
Starting epoch 213
82300 5.825122705388708e-05
82400 6.0154705383297366e-05
82500 0.00022432417218453792
82600 0.000833705049379887
Starting epoch 214
82700 0.00013252665220264248
82800 6.271009019329199e-05
82900 0.0018961973080148199
83000 0.0017118520808563176
Checking training accuracy ... 
train accuracy is 0.8466807696182129
Checking validation accuracy ...
val accuracy is  0.6530365352044519
total counted in batch average is 127.99899799599199
Saving checkpoint to /viscam/u/joycj/dvr/film/chckpt_paths/appendix_biased_005_film_moma_attr_ans_cogen_biased_005_78_sampler_t3_83.pt
Starting epoch 215
83100 0.0019394362916568752
83200 0.0016773876817345013
83300 0.002322817841739493
83400 0.001952841318754963
Starting epoch 216
83500 0.00033489523862925805
83600 0.00014010324329774448
83700 9.934920485989096e-05
83800 3.5377694168232665e-05
Starting epoch 217
83900 1.0654856271941071e-05
84000 1.699933677755894e-05
Checking training accuracy ... 
train accuracy is 0.9180014102951546
Checking validation accuracy ...
val accuracy is  0.7462698604726188
total counted in batch average is 128.0
Saving checkpoint to /viscam/u/joycj/dvr/film/chckpt_paths/appendix_biased_005_film_moma_attr_ans_cogen_biased_005_78_sampler_t3_84.pt
84100 0.0050884683954336655
Starting epoch 218
84200 0.0017355433531173502
84300 0.0002815122955220772
84400 0.0001335452079226229
84500 0.0002171069194233155
Starting epoch 219
84600 2.969139774990026e-05
84700 6.640353199742321e-05
84800 3.9048544278017515e-05
84900 1.855429834364486e-05
Starting epoch 220
85000 0.00017736971208165642
Checking training accuracy ... 
train accuracy is 0.8185554548201873
Checking validation accuracy ...
val accuracy is  0.6483587386079522
total counted in batch average is 128.0
Saving checkpoint to /viscam/u/joycj/dvr/film/chckpt_paths/appendix_biased_005_film_moma_attr_ans_cogen_biased_005_78_sampler_t3_85.pt
85100 7.762711608940265e-05
85200 0.0014263814315569334
85300 0.00655852620972496
Starting epoch 221
85400 0.017538635439418613
85500 0.0034005708166773728
85600 0.001005453782369159
85700 0.0007414668079690045
Starting epoch 222
85800 0.0005503705189448737
85900 3.80236978855919e-05
86000 0.0008725316249103798
Checking training accuracy ... 
train accuracy is 0.848030623551929
Checking validation accuracy ...
val accuracy is  0.6915880312928462
total counted in batch average is 127.98496993987976
Saving checkpoint to /viscam/u/joycj/dvr/film/chckpt_paths/appendix_biased_005_film_moma_attr_ans_cogen_biased_005_78_sampler_t3_86.pt
86100 8.220565173985505e-05
Starting epoch 223
86200 2.7404525732777073e-05
86300 8.371329596172928e-05
86400 5.530814401367934e-05
86500 4.878207364527043e-05
Starting epoch 224
86600 2.2682371490532205e-05
86700 4.2661489871704816e-05
86800 1.4954052019504616e-05
86900 1.0288227273917983e-05
Starting epoch 225
87000 1.808673290696561e-05
Checking training accuracy ... 
train accuracy is 0.8464188576609247
Checking validation accuracy ...
val accuracy is  0.6877167513509154
total counted in batch average is 128.0
Saving checkpoint to /viscam/u/joycj/dvr/film/chckpt_paths/appendix_biased_005_film_moma_attr_ans_cogen_biased_005_78_sampler_t3_87.pt
87100 1.3816265615744783e-05
87200 3.651120874550884e-05
Starting epoch 226
87400 1.4697444837636909e-05
87500 1.0855972051686536e-05
87600 1.6920841891447934e-05
Starting epoch 227
87700 5.322619893476599e-05
87800 1.195551376667936e-05
87900 2.3401737070116724e-05
88000 0.03797308088879731
Checking training accuracy ... 
train accuracy is 0.9239649440918707
Checking validation accuracy ...
val accuracy is  0.7815146382772804
total counted in batch average is 127.99699398797596
Saving checkpoint to /viscam/u/joycj/dvr/film/chckpt_paths/appendix_biased_005_film_moma_attr_ans_cogen_biased_005_78_sampler_t3_88.pt
Starting epoch 228
88100 0.0008705346418946647
88200 0.0001457981258727159
88300 0.0013118816190876715
88400 0.0008632035525852189
Starting epoch 229
88500 8.830970739609256e-05
88600 4.9962473176492495e-05
88700 5.184519379213271e-05
88800 4.931253554730119e-05
Starting epoch 230
88900 2.205177060886854e-05
89000 1.3781060583824001e-05
Checking training accuracy ... 
train accuracy is 0.9697390953963937
Checking validation accuracy ...
val accuracy is  0.8117590128236148
total counted in batch average is 128.0
Saving checkpoint to /viscam/u/joycj/dvr/film/chckpt_paths/appendix_biased_005_film_moma_attr_ans_cogen_biased_005_78_sampler_t3_89.pt
89100 1.285401073914727e-05
89200 2.5963968821542947e-05
Starting epoch 231
89300 2.463077323284324e-05
89400 2.8756483219467553e-05
89500 1.9148707422402823e-05
89600 1.950143175577068e-05
Starting epoch 232
89700 1.1522472200056199e-05
89800 1.2134221327357864e-05
89900 9.207827711463778e-06
90000 1.4573078467208233e-05
Checking training accuracy ... 
train accuracy is 0.9264027400020147
Checking validation accuracy ...
val accuracy is  0.7589321719493508
total counted in batch average is 128.0
Saving checkpoint to /viscam/u/joycj/dvr/film/chckpt_paths/appendix_biased_005_film_moma_attr_ans_cogen_biased_005_78_sampler_t3_90.pt
Starting epoch 233
90100 0.004192674175247078
90200 0.0028560756410757906
90300 0.004757127094684961
90400 0.0009007410173376229
Starting epoch 234
90500 0.0009751887257058911
90600 0.00025229279592963393
90700 0.00014197588751329703
Starting epoch 235
90800 0.000847072510053124
90900 8.065010386587801e-05
91000 2.7382402455131683e-05
Checking training accuracy ... 
train accuracy is 0.943608340888486
Checking validation accuracy ...
val accuracy is  0.7763529316880393
total counted in batch average is 128.0
Saving checkpoint to /viscam/u/joycj/dvr/film/chckpt_paths/appendix_biased_005_film_moma_attr_ans_cogen_biased_005_78_sampler_t3_91.pt
91100 0.0014931495247665794
Starting epoch 236
91200 0.005319556738966185
91300 0.0026267812088036635
91400 0.0018116414284367012
91500 0.003115544159934416
Starting epoch 237
91600 0.0010136181414463863
91700 0.00025603965480456735
91800 0.0003861461197237759
91900 0.00013179029708282997
Starting epoch 238
92000 4.468181129198001e-05
Checking training accuracy ... 
train accuracy is 0.9891810214566334
Checking validation accuracy ...
val accuracy is  0.8940237115896443
total counted in batch average is 128.0
Saving checkpoint to /viscam/u/joycj/dvr/film/chckpt_paths/appendix_biased_005_film_moma_attr_ans_cogen_biased_005_78_sampler_t3_92.pt
92100 1.941926557037732e-05
92200 1.9497870954410246e-05
92300 1.0369787259776331e-05
Starting epoch 239
92400 8.460208110250279e-06
92500 1.0525624173283177e-05
92600 9.490727135528232e-06
92700 9.705372159203307e-06
Starting epoch 240
92800 9.143094488308633e-06
92900 7.499730374149749e-06
93000 1.386852692817797e-05
Checking training accuracy ... 
train accuracy is 0.9907927873476378
Checking validation accuracy ...
val accuracy is  0.8958786998951528
total counted in batch average is 128.0
Saving checkpoint to /viscam/u/joycj/dvr/film/chckpt_paths/appendix_biased_005_film_moma_attr_ans_cogen_biased_005_78_sampler_t3_93.pt
93100 3.96501590634557e-05
Starting epoch 241
93200 0.017310457882911693
93300 0.0041088441121951294
93400 0.0005148773875885127
93500 6.435050449908886e-05
Starting epoch 242
93600 5.4670356340693616e-05
93700 0.000292264665130233
93800 0.00023087170584744853
Starting epoch 243
93900 3.662756397091016e-05
94000 1.8857527205682345e-05
Checking training accuracy ... 
train accuracy is 0.9583559987911756
Checking validation accuracy ...
val accuracy is  0.8403097023953545
total counted in batch average is 127.98996990972918
Saving checkpoint to /viscam/u/joycj/dvr/film/chckpt_paths/appendix_biased_005_film_moma_attr_ans_cogen_biased_005_78_sampler_t3_94.pt
94100 2.964709867512738e-05
94200 2.8867698275121257e-05
Starting epoch 244
94300 3.162936072669709e-05
94400 5.44346767756565e-05
94500 1.4353325503009273e-05
94600 1.2209801870994853e-05
Starting epoch 245
94700 1.4697330038586643e-05
94800 1.1287767958378935e-05
94900 1.643960608021189e-05
95000 1.3570299290108778e-05
Checking training accuracy ... 
train accuracy is 0.975642187972197
Checking validation accuracy ...
val accuracy is  0.8703121219453182
total counted in batch average is 128.0
Saving checkpoint to /viscam/u/joycj/dvr/film/chckpt_paths/appendix_biased_005_film_moma_attr_ans_cogen_biased_005_78_sampler_t3_95.pt
Starting epoch 246
95100 8.070363160754822e-06
95200 9.800265549699816e-06
95300 6.433858658283498e-06
95400 0.23862152183561305
Starting epoch 247
95500 0.21650773655099328
95600 0.17201594727546762
95700 0.125924465435007
95800 0.1337773490097004
Starting epoch 248
95900 0.12669006548732425
96000 0.14528967508791552
Checking training accuracy ... 
train accuracy is 0.9885766092475068
Checking validation accuracy ...
val accuracy is  0.8356319057988547
total counted in batch average is 125.19859578736208
Saving checkpoint to /viscam/u/joycj/dvr/film/chckpt_paths/appendix_biased_005_film_moma_attr_ans_cogen_biased_005_78_sampler_t3_96.pt
96100 0.11170022263080909
96200 0.1282604616780135
Starting epoch 249
96300 0.10605639050299885
96400 0.09642896380217807
96500 0.15893426908500863
96600 0.12297706432886728
Starting epoch 250
96700 0.11169142192953445
96800 0.138658049637139
96900 0.18695337584733224
Starting epoch 251
97100 0.25033368869668576
97200 0.10550277961408852
97300 0.10329205917658119
Starting epoch 252
97400 0.11728234891576672
97500 0.10097650090137482
97600 0.16751166631383274
97700 0.12512555603547548
Starting epoch 253
97800 0.19361658404095253
97900 0.11362252132880514
98000 0.1250410813208025
Checking training accuracy ... 
train accuracy is 0.9928276417850307
Checking validation accuracy ...
val accuracy is  0.784014839906444
total counted in batch average is 125.4015037593985
Saving checkpoint to /viscam/u/joycj/dvr/film/chckpt_paths/appendix_biased_005_film_moma_attr_ans_cogen_biased_005_78_sampler_t3_98.pt
98100 0.12993996502731237
Starting epoch 254
98200 0.1471227443503639
98300 0.11788073233032768
98400 0.19932874621821425
98500 0.11665202675783898
Starting epoch 255
98600 0.09634997138117184
98700 0.10473258593319999
98800 0.22427310694501845
98900 0.10064268926148706
Starting epoch 256
99000 0.1578617719444982
Checking training accuracy ... 
train accuracy is 0.9898861690339478
Checking validation accuracy ...
val accuracy is  0.7682071134768933
total counted in batch average is 125.63390170511535
Saving checkpoint to /viscam/u/joycj/dvr/film/chckpt_paths/appendix_biased_005_film_moma_attr_ans_cogen_biased_005_78_sampler_t3_99.pt
99100 0.12896830602204098
99200 0.12441193195123429
99300 0.12973450713997636
Starting epoch 257
99400 0.1150279375200272
99500 0.15250042859460214
99600 0.1057124869538591
99700 0.08194097117781482
Starting epoch 258
99800 0.08261354773343765
99900 0.1484770760260086
100000 0.1378162417429467
Checking training accuracy ... 
train accuracy is 0.9883146972902186
Checking validation accuracy ...
val accuracy is  0.7529639487055407
total counted in batch average is 126.21142284569139
Saving checkpoint to /viscam/u/joycj/dvr/film/chckpt_paths/appendix_biased_005_film_moma_attr_ans_cogen_biased_005_78_sampler_t3_100.pt
100100 0.15984662753033832
Starting epoch 259
100200 0.12415201892914446
100300 0.07658928119652661
100400 0.11357571722644934
Starting epoch 260
100500 0.11006056120629537
100600 0.15639162794355285
100700 0.13483537659568726
100800 0.11557930837323838
Starting epoch 261
100900 0.13364701827302852
101000 0.1079815294558472
Checking training accuracy ... 
train accuracy is 0.9906316107585373
Checking validation accuracy ...
val accuracy is  0.7732075167352206
total counted in batch average is 125.99699097291875
Saving checkpoint to /viscam/u/joycj/dvr/film/chckpt_paths/appendix_biased_005_film_moma_attr_ans_cogen_biased_005_78_sampler_t3_101.pt
101100 0.10934545340687847
101200 0.11730634885511623
Starting epoch 262
101300 0.27037915550807284
101400 0.2548863613373487
101500 0.2154158743592575
101600 0.13847278950648204
Starting epoch 263
101700 0.16306699331865096
101800 0.19342488617528944
101900 0.1295710149150893
102000 0.1480787549688818
Checking training accuracy ... 
train accuracy is 0.992767200564118
Checking validation accuracy ...
val accuracy is  0.7565932736511009
total counted in batch average is 125.91482965931864
Saving checkpoint to /viscam/u/joycj/dvr/film/chckpt_paths/appendix_biased_005_film_moma_attr_ans_cogen_biased_005_78_sampler_t3_102.pt
Starting epoch 264
102100 0.15797120337044926
102200 0.2662724228993637
102300 0.16281601122816824
102400 0.1789473813511546
Starting epoch 265
102500 0.11231053787672339
102600 0.15233542541437
102700 0.2220312614334307
102800 0.1667717305904307
Starting epoch 266
102900 0.13547864251086308
103000 0.07546340020051985
Checking training accuracy ... 
train accuracy is 0.9924448473859172
Checking validation accuracy ...
val accuracy is  0.7559480603274458
total counted in batch average is 126.19057171514544
Saving checkpoint to /viscam/u/joycj/dvr/film/chckpt_paths/appendix_biased_005_film_moma_attr_ans_cogen_biased_005_78_sampler_t3_103.pt
103100 0.10511563449202413
103200 0.14068280134690042
Starting epoch 267
103300 0.33939021390340907
103400 0.16318767466008466
103500 0.1279322594909445
Starting epoch 268
103600 0.14434901778571083
103700 0.09820276304747928
103800 0.09454415857350228
103900 0.10765206870298645
Starting epoch 269
104000 0.05902270574894798
Checking training accuracy ... 
train accuracy is 0.9931499949632316
Checking validation accuracy ...
val accuracy is  0.8046616662634083
total counted in batch average is 126.05516549648947
Saving checkpoint to /viscam/u/joycj/dvr/film/chckpt_paths/appendix_biased_005_film_moma_attr_ans_cogen_biased_005_78_sampler_t3_104.pt
104100 0.12134917938104786
104200 0.1313786895147661
104300 0.15888234954206376
Starting epoch 270
104400 0.13305506219042798
104500 0.21811186950642877
104600 0.12778784708827728
104700 0.20706969471508557
Starting epoch 271
104800 0.18405517521033063
104900 0.12199575488674755
105000 0.15041440291458305
Checking training accuracy ... 
train accuracy is 0.9909338168631007
Checking validation accuracy ...
val accuracy is  0.8077264295507702
total counted in batch average is 126.1132264529058
Saving checkpoint to /viscam/u/joycj/dvr/film/chckpt_paths/appendix_biased_005_film_moma_attr_ans_cogen_biased_005_78_sampler_t3_105.pt
105100 0.12437435060152752
Starting epoch 272
105200 0.11728558090434639
105300 0.08042369230615862
105400 0.10393923370231044
105500 0.11274623005133734
Starting epoch 273
105600 0.15377046887190488
105700 0.1254375076798922
105800 0.09487921406415445
105900 0.1322492898578679
Starting epoch 274
106000 0.10402714891376456
Checking training accuracy ... 
train accuracy is 0.9935529364359826
Checking validation accuracy ...
val accuracy is  0.8224050326639245
total counted in batch average is 126.5135406218656
Saving checkpoint to /viscam/u/joycj/dvr/film/chckpt_paths/appendix_biased_005_film_moma_attr_ans_cogen_biased_005_78_sampler_t3_106.pt
106100 0.06582409715071051
106200 0.15614765986718837
106300 0.17761935647611352
Starting epoch 275
106400 0.12004767946625407
106500 0.14987659335823708
106600 0.1782533845431264
Starting epoch 276
106800 0.3248095223912291
106900 0.13303736363440932
107000 0.16178156728811813
Checking training accuracy ... 
train accuracy is 0.9926060239750176
Checking validation accuracy ...
val accuracy is  0.7790144366481168
total counted in batch average is 126.49498997995993
Saving checkpoint to /viscam/u/joycj/dvr/film/chckpt_paths/appendix_biased_005_film_moma_attr_ans_cogen_biased_005_78_sampler_t3_107.pt
Starting epoch 277
107100 0.05846208388902045
107200 0.14593556595131285
107300 0.09043469241243737
107400 0.09961780703461123
Starting epoch 278
107500 0.11576394734895622
107600 0.1152987635489879
107700 0.1357133539805318
107800 0.22610619176280936
Starting epoch 279
107900 0.4175286175277688
108000 0.3793587694896996
Checking training accuracy ... 
train accuracy is 0.9786239548705551
Checking validation accuracy ...
val accuracy is  0.7600612952657473
total counted in batch average is 126.42527582748245
Saving checkpoint to /viscam/u/joycj/dvr/film/chckpt_paths/appendix_biased_005_film_moma_attr_ans_cogen_biased_005_78_sampler_t3_108.pt
108100 0.19924766048367928
108200 0.142241895222769
Starting epoch 280
108300 0.22689515999089052
108400 0.12136374981630979
108500 0.19219055076016958
108600 0.11438687552306419
Starting epoch 281
108700 0.12994880392860977
108800 0.11930739219408337
108900 0.3111583852626791
109000 0.13037517571683566
Checking training accuracy ... 
train accuracy is 0.9813035156643497
Checking validation accuracy ...
val accuracy is  0.7537704653601097
total counted in batch average is 126.14629258517034
Saving checkpoint to /viscam/u/joycj/dvr/film/chckpt_paths/appendix_biased_005_film_moma_attr_ans_cogen_biased_005_78_sampler_t3_109.pt
Starting epoch 282
109100 0.10890050834597786
109200 0.12019717531291917
109300 0.1636925957084327
109400 0.21028970545223274
Starting epoch 283
109500 0.0986260463578656
109600 0.20912441059866524
109700 0.17671080572279607
109800 0.135745155481809
Starting epoch 284
109900 0.15293480220252376
110000 0.09627242675531761
Checking training accuracy ... 
train accuracy is 0.9875692555656291
Checking validation accuracy ...
val accuracy is  0.7709492701024276
total counted in batch average is 126.01404212637914
Saving checkpoint to /viscam/u/joycj/dvr/film/chckpt_paths/appendix_biased_005_film_moma_attr_ans_cogen_biased_005_78_sampler_t3_110.pt
110100 0.07541121445493275
Starting epoch 285
110200 0.11571713549884408
110300 0.06135529347147553
110400 0.09405168016322023
110500 0.09801573910800052
Starting epoch 286
110600 0.08960911003260946
110700 0.11014911513631603
110800 0.09855766151260241
110900 0.10044527862124596
Starting epoch 287
111000 0.20037949185614706
Checking training accuracy ... 
train accuracy is 0.9849501359927471
Checking validation accuracy ...
val accuracy is  0.7784498749899186
total counted in batch average is 126.25376128385156
Saving checkpoint to /viscam/u/joycj/dvr/film/chckpt_paths/appendix_biased_005_film_moma_attr_ans_cogen_biased_005_78_sampler_t3_111.pt
111100 0.06736975813776745
111200 0.12866237702459785
111300 0.1198779880248685
Starting epoch 288
111400 0.13837490989517845
111500 0.13043064731697085
111600 0.5676364012051636
111700 0.23646792098173136
Starting epoch 289
111800 0.08784912791790703
111900 0.11728399564350184
112000 0.09189991792325145
Checking training accuracy ... 
train accuracy is 0.9669990933816863
Checking validation accuracy ...
val accuracy is  0.7567545769820146
total counted in batch average is 126.28156312625251
Saving checkpoint to /viscam/u/joycj/dvr/film/chckpt_paths/appendix_biased_005_film_moma_attr_ans_cogen_biased_005_78_sampler_t3_112.pt
112100 0.09324956874129725
Starting epoch 290
112200 0.0788760632427585
112300 0.08321692955376961
112400 0.06139186024340461
112500 0.09154452702685603
Starting epoch 291
112600 0.06909434767900774
112700 0.10403464254280607
112800 0.06657626171382951
112900 0.1262115990068736
Starting epoch 292
113000 0.12412024712929223
Checking training accuracy ... 
train accuracy is 0.9915583761458648
Checking validation accuracy ...
val accuracy is  0.7761916283571256
total counted in batch average is 126.51554663991976
Saving checkpoint to /viscam/u/joycj/dvr/film/chckpt_paths/appendix_biased_005_film_moma_attr_ans_cogen_biased_005_78_sampler_t3_113.pt
113100 0.10195257382174105
113200 0.09284446299670092
Starting epoch 293
113300 0.13897556925185484
113400 0.1986817881436213
113500 0.17123633009258468
113600 0.06746137623795243
Starting epoch 294
113700 0.11594651298325857
113800 0.10878388012680261
113900 0.12850981351399896
114000 0.10280060314400628
Checking training accuracy ... 
train accuracy is 0.9888586682784326
Checking validation accuracy ...
val accuracy is  0.7629647552221953
total counted in batch average is 126.39779559118236
Saving checkpoint to /viscam/u/joycj/dvr/film/chckpt_paths/appendix_biased_005_film_moma_attr_ans_cogen_biased_005_78_sampler_t3_114.pt
Starting epoch 295
114100 0.14282914878314842
114200 0.18128836151559186
114300 0.10601935954314935
114400 0.07760106664237813
Starting epoch 296
114500 0.08178366288097394
114600 0.08999040352631767
114700 0.07020525539416894
114800 0.10820603807972021
Starting epoch 297
114900 0.08481157441003234
115000 0.16909245442468318
Checking training accuracy ... 
train accuracy is 0.9845270474463584
Checking validation accuracy ...
val accuracy is  0.7606258569239455
total counted in batch average is 126.71113340020061
Saving checkpoint to /viscam/u/joycj/dvr/film/chckpt_paths/appendix_biased_005_film_moma_attr_ans_cogen_biased_005_78_sampler_t3_115.pt
115100 0.13756850425612413
115200 0.16068034839412576
Starting epoch 298
115300 0.11485767649031459
115400 0.07543318762851868
115500 0.1907323468054983
115600 0.1754043352626104
Starting epoch 299
115700 0.1936936660887295
115800 0.12084355673174287
115900 0.14986248659930423
116000 0.2615978543943493
Checking training accuracy ... 
train accuracy is 0.9528558476881233
Checking validation accuracy ...
val accuracy is  0.7444148721671102
total counted in batch average is 126.6002004008016
Saving checkpoint to /viscam/u/joycj/dvr/film/chckpt_paths/appendix_biased_005_film_moma_attr_ans_cogen_biased_005_78_sampler_t3_116.pt
Starting epoch 300
116100 0.9161718826407741
116200 0.2555538594230893
116300 0.1187103507822303
Starting epoch 301
116500 0.31839051870330876
116600 0.3710800163913518
116700 0.10356297997675938
Starting epoch 302
116800 0.09271775786939543
116900 0.6754282966232859
117000 0.13824732926645084
Checking training accuracy ... 
train accuracy is 0.948987609549713
Checking validation accuracy ...
val accuracy is  0.7407855472215501
total counted in batch average is 126.09729187562688
Saving checkpoint to /viscam/u/joycj/dvr/film/chckpt_paths/appendix_biased_005_film_moma_attr_ans_cogen_biased_005_78_sampler_t3_117.pt
117100 0.1264118656050414
Starting epoch 303
117200 0.077466409621411
117300 0.059813539447641235
117400 0.08404968313858262
117500 0.06106371814428712
Starting epoch 304
117600 0.05834047939657466
117700 0.10420229850744363
117800 0.1236611214041477
117900 0.1082701625773916
Starting epoch 305
118000 0.07683407056378201
Checking training accuracy ... 
train accuracy is 0.9659312984788959
Checking validation accuracy ...
val accuracy is  0.7312686506976369
total counted in batch average is 126.76830491474423
Saving checkpoint to /viscam/u/joycj/dvr/film/chckpt_paths/appendix_biased_005_film_moma_attr_ans_cogen_biased_005_78_sampler_t3_118.pt
118100 0.08864893098245374
118200 0.04778090207328205
118300 0.11744660467258655
Starting epoch 306
118400 0.12461057443812024
118500 0.09197282113163965
118600 0.055477174794650634
118700 0.03308378756380989
Starting epoch 307
118800 0.03168188387935515
118900 0.03349240869341884
119000 0.04812057378447207
Checking training accuracy ... 
train accuracy is 0.9560390853228569
Checking validation accuracy ...
val accuracy is  0.7317525606903783
total counted in batch average is 127.41683366733467
Saving checkpoint to /viscam/u/joycj/dvr/film/chckpt_paths/appendix_biased_005_film_moma_attr_ans_cogen_biased_005_78_sampler_t3_119.pt
119100 0.06233998386975145
Starting epoch 308
119200 0.044311220277304525
119300 0.039642945584273545
119400 0.010972792543179821
119500 0.025905107275648334
Starting epoch 309
119600 0.021364631315445876
119700 0.021201464435725938
119800 0.013346456314575334
Starting epoch 310
119900 0.008210285111490521
120000 0.0046169721498154105
Checking training accuracy ... 
train accuracy is 0.6761559383499547
Checking validation accuracy ...
val accuracy is  0.4897975643197032
total counted in batch average is 127.88465396188566
Saving checkpoint to /viscam/u/joycj/dvr/film/chckpt_paths/appendix_biased_005_film_moma_attr_ans_cogen_biased_005_78_sampler_t3_120.pt
120100 0.010614757740677305
120200 0.01150902504394253
Starting epoch 311
120300 0.004446206026605068
120400 0.002337386208355383
120500 0.006442153038965444
120600 0.006934760202229881
Starting epoch 312
120700 0.003460860246332231
120800 0.002176219708355802
120900 0.0025889581545538933
121000 0.0030017241837452958
Checking training accuracy ... 
train accuracy is 0.7461468721668177
Checking validation accuracy ...
val accuracy is  0.5631905798854746
total counted in batch average is 127.99699398797596
Saving checkpoint to /viscam/u/joycj/dvr/film/chckpt_paths/appendix_biased_005_film_moma_attr_ans_cogen_biased_005_78_sampler_t3_121.pt
Starting epoch 313
121100 0.005196066724039383
121200 0.0011714423546243325
121300 0.00414409367437429
121400 0.003553308638638555
Starting epoch 314
121500 0.0022415741266195253
121600 0.0021478759422672057
121700 0.0017473281055436019
121800 0.0020778649473606947
Starting epoch 315
121900 0.0007803848264677526
122000 0.0005648558391862934
Checking training accuracy ... 
train accuracy is 0.8009670595346026
Checking validation accuracy ...
val accuracy is  0.6280345189128156
total counted in batch average is 127.99799398194584
Saving checkpoint to /viscam/u/joycj/dvr/film/chckpt_paths/appendix_biased_005_film_moma_attr_ans_cogen_biased_005_78_sampler_t3_122.pt
122100 0.0005115923609366036
122200 0.0010653968149991044
Starting epoch 316
122300 0.0027464210009779323
122400 0.0017497071960576704
122500 0.0013225049589425453
122600 0.002009096637242447
Starting epoch 317
122700 0.0002838000939874874
122800 0.0007258534279817575
122900 0.0015874639161957305
Starting epoch 318
123000 0.004217642434741045
Checking training accuracy ... 
train accuracy is 0.9490480507706256
Checking validation accuracy ...
val accuracy is  0.7519154770546012
total counted in batch average is 127.99699097291875
Saving checkpoint to /viscam/u/joycj/dvr/film/chckpt_paths/appendix_biased_005_film_moma_attr_ans_cogen_biased_005_78_sampler_t3_123.pt
123100 0.0010004782536073265
123200 0.0005144107465351766
123300 0.0008920233715454984
Starting epoch 319
123400 0.002215116722360122
123500 0.0005512693918059241
123600 0.0025212682497057414
123700 0.0007160246375060276
Starting epoch 320
123800 0.006542063088493464
123900 0.0017593838017097596
124000 0.007516271493701368
Checking training accuracy ... 
train accuracy is 0.8706356401732648
Checking validation accuracy ...
val accuracy is  0.7086055327042503
total counted in batch average is 127.99799599198397
Saving checkpoint to /viscam/u/joycj/dvr/film/chckpt_paths/appendix_biased_005_film_moma_attr_ans_cogen_biased_005_78_sampler_t3_124.pt
124100 0.0014711315461553198
Starting epoch 321
124200 0.0015073839130931787
124300 0.0012055062678563643
124400 0.004442316233481804
124500 0.0037108899267934703
Starting epoch 322
124600 0.00027956803178768474
124700 0.00016418347075110694
124800 0.00041478413715534347
124900 6.032554332235485e-05
Starting epoch 323
125000 3.840182059219099e-05
Checking training accuracy ... 
train accuracy is 0.9061549309962728
Checking validation accuracy ...
val accuracy is  0.7203000241954997
total counted in batch average is 127.99699097291875
Saving checkpoint to /viscam/u/joycj/dvr/film/chckpt_paths/appendix_biased_005_film_moma_attr_ans_cogen_biased_005_78_sampler_t3_125.pt
125100 1.919419257651489e-05
125200 3.804669150372919e-05
125300 6.422290012645494e-05
Starting epoch 324
125400 0.00018256336543316377
125500 0.000505958601979879
125600 0.0007265846682569865
125700 5.154267970173265e-05
Starting epoch 325
125800 3.117266399249585e-05
125900 2.4947792836511605e-05
126000 0.004409840553047011
Checking training accuracy ... 
train accuracy is 0.9313186259695779
Checking validation accuracy ...
val accuracy is  0.7803855149608839
total counted in batch average is 128.0
Saving checkpoint to /viscam/u/joycj/dvr/film/chckpt_paths/appendix_biased_005_film_moma_attr_ans_cogen_biased_005_78_sampler_t3_126.pt
Starting epoch 326
126200 0.0011252437148463002
126300 0.00013919880944044394
126400 0.003860612157201828
Starting epoch 327
126500 0.002922410411460168
126600 0.0008037528500408797
126700 0.0003860649542391847
126800 0.002949976239093015
Starting epoch 328
126900 0.0001465938447752535
127000 0.000348713292276166
Checking training accuracy ... 
train accuracy is 0.9925052886068298
Checking validation accuracy ...
val accuracy is  0.8442616340027421
total counted in batch average is 127.99799398194584
Saving checkpoint to /viscam/u/joycj/dvr/film/chckpt_paths/appendix_biased_005_film_moma_attr_ans_cogen_biased_005_78_sampler_t3_127.pt
127100 0.008572441662493872
127200 0.06994321367669272
Starting epoch 329
127300 0.009649633990229632
127400 0.003946085519752387
127500 0.002569317370522981
127600 0.0023298337646757263
Starting epoch 330
127700 0.0010386215114613151
127800 0.0003490684781922937
127900 0.00022049807678627077
128000 0.0002971392928165528
Checking training accuracy ... 
train accuracy is 0.8720056411806185
Checking validation accuracy ...
val accuracy is  0.6704572949431405
total counted in batch average is 127.88577154308618
Saving checkpoint to /viscam/u/joycj/dvr/film/chckpt_paths/appendix_biased_005_film_moma_attr_ans_cogen_biased_005_78_sampler_t3_128.pt
Starting epoch 331
128100 0.00017185586263735787
128200 0.00014719651203677132
128300 0.00021419891367603584
128400 0.00016609959424657817
Starting epoch 332
128500 0.0001323877511196514
128600 0.00011700073233392061
128700 0.00010222430212358802
128800 6.940029396883318e-05
Starting epoch 333
128900 4.5419358294012115e-05
129000 4.792381837443571e-05
Checking training accuracy ... 
train accuracy is 0.8892112420670898
Checking validation accuracy ...
val accuracy is  0.6909428179691911
total counted in batch average is 127.99899699097291
Saving checkpoint to /viscam/u/joycj/dvr/film/chckpt_paths/appendix_biased_005_film_moma_attr_ans_cogen_biased_005_78_sampler_t3_129.pt
129100 3.451876663991271e-05
129200 3.812468650973955e-05
Starting epoch 334
129300 0.00013185032154118482
129400 3.368748808830091e-05
129500 2.8213821198033174e-05
Starting epoch 335
129600 1.640918164268257e-05
129700 2.159653444087084e-05
129800 1.4152605583750422e-05
129900 1.5464052271147998e-05
Starting epoch 336
130000 5.9682604829092154e-05
Checking training accuracy ... 
train accuracy is 0.942883046237534
Checking validation accuracy ...
val accuracy is  0.7417533672070328
total counted in batch average is 128.0
Saving checkpoint to /viscam/u/joycj/dvr/film/chckpt_paths/appendix_biased_005_film_moma_attr_ans_cogen_biased_005_78_sampler_t3_130.pt
130100 3.077441365593847e-05
130200 3.341052077204587e-05
130300 0.00011218743177222823
Starting epoch 337
130400 4.6192316984057235e-05
130500 0.002173721848811443
130600 0.09892172780193505
130700 0.006404958827259435
Starting epoch 338
130800 0.042981557713713696
130900 0.026326958207877168
131000 0.018446798606892117
Checking training accuracy ... 
train accuracy is 0.8712199053087539
Checking validation accuracy ...
val accuracy is  0.7136059359625776
total counted in batch average is 127.72244488977955
Saving checkpoint to /viscam/u/joycj/dvr/film/chckpt_paths/appendix_biased_005_film_moma_attr_ans_cogen_biased_005_78_sampler_t3_131.pt
131100 0.011398920605470266
Starting epoch 339
131200 0.001547881942565823
131300 0.002537616270888066
131400 0.0011007440208732077
131500 0.00042052688669699025
Starting epoch 340
131600 0.0003509660893809041
131700 0.0003614205683788896
131800 0.00039393673130248884
131900 0.000733068092994813
Starting epoch 341
132000 0.00014191732530369094
Checking training accuracy ... 
train accuracy is 0.8846177092777274
Checking validation accuracy ...
val accuracy is  0.7291717073957578
total counted in batch average is 127.94583751253761
Saving checkpoint to /viscam/u/joycj/dvr/film/chckpt_paths/appendix_biased_005_film_moma_attr_ans_cogen_biased_005_78_sampler_t3_132.pt
132100 0.0002178264766500604
132200 7.786620534574241e-05
132300 6.929022232696979e-05
Starting epoch 342
132400 6.512484128663231e-05
132500 6.685263977391997e-05
132600 6.101450809026687e-05
Starting epoch 343
132700 0.00016315154976723534
132800 6.533258970623734e-05
132900 2.5556264148960396e-05
133000 2.1416887219487534e-05
Checking training accuracy ... 
train accuracy is 0.9005338974513952
Checking validation accuracy ...
val accuracy is  0.7350592789741108
total counted in batch average is 127.99899799599199
Saving checkpoint to /viscam/u/joycj/dvr/film/chckpt_paths/appendix_biased_005_film_moma_attr_ans_cogen_biased_005_78_sampler_t3_133.pt
Starting epoch 344
133100 2.746691210672836e-05
133200 0.00010978784755409699
133300 3.3622667198383026e-05
133400 1.4992737642405274e-05
Starting epoch 345
133500 1.6621473679032662e-05
133600 1.3471005275267345e-05
133700 1.547948419761802e-05
133800 1.5839947114446585e-05
Starting epoch 346
133900 8.870119982447022e-06
134000 1.1107939369274788e-05
Checking training accuracy ... 
train accuracy is 0.8991034552231288
Checking validation accuracy ...
val accuracy is  0.7363497056214211
total counted in batch average is 128.0
Saving checkpoint to /viscam/u/joycj/dvr/film/chckpt_paths/appendix_biased_005_film_moma_attr_ans_cogen_biased_005_78_sampler_t3_134.pt
134100 9.661322919685134e-06
134200 8.96390466559538e-06
Starting epoch 347
134300 9.966759875719155e-06
134400 0.013130777078271053
134500 0.0039005062950596427
134600 0.0006221394936941493
Starting epoch 348
134700 0.0003461524650576742
134800 4.970571458216e-05
134900 0.00023708689056423538
135000 8.06523576367546e-05
Checking training accuracy ... 
train accuracy is 0.8340485544474665
Checking validation accuracy ...
val accuracy is  0.6803774497943382
total counted in batch average is 127.99799599198397
Saving checkpoint to /viscam/u/joycj/dvr/film/chckpt_paths/appendix_biased_005_film_moma_attr_ans_cogen_biased_005_78_sampler_t3_135.pt
Starting epoch 349
135100 3.185013719779306e-05
135200 4.8127206852868197e-05
135300 1.4038418576234336e-05
135400 3.50863186995376e-05
Starting epoch 350
slurmstepd: error: *** JOB 3789587 ON viscam4 CANCELLED AT 2022-05-22T00:27:57 ***
