SLURM_JOBID=3789658
SLURM_JOB_NAME=filmreconcontrastive
SLURM_JOB_NODELIST=viscam1
SLURM_NNODES=1
SLURMTMPDIR=
working directory = /viscam/u/joycj/dvr/fin_code/film/fin_scripts/batch_scripts
/viscam/u/joycj/dvr/fin_code/film/vr/models/layers.py:141: UserWarning: nn.init.kaiming_uniform is now deprecated in favor of nn.init.kaiming_uniform_.
  init_params(m.weight)
Will save checkpoints to /viscam/u/joycj/dvr/film/chckpt_paths/appendix_biased_005_film_moma_attr_ans_cogen_biased_005_78_uncond_stylegan_moma_attr_ans_cogen_test_81_gan_sampler_b8_t008.pt
Entropy threshold 0.008
Reading features from /viscam/u/joycj/dvr/final_datasets/cogen_multi_object_biased_005/train/features.h5
Reading questions from  /viscam/u/joycj/dvr/final_datasets/cogen_multi_object_biased_005/questions/train/what_attr_is_the_attr_questions.h5
Reading question data into memory
Reading features from /viscam/u/joycj/dvr/final_datasets/cogen_multi_object/test/features.h5
Reading questions from  /viscam/u/joycj/dvr/final_datasets/cogen_multi_object/questions/test/what_attr_is_the_attr_questions.h5
Reading question data into memory
Loading FiLMGen from /viscam/u/joycj/dvr/film/checkpoint_paths/stage_1_film_moma_attr_ans_cogen_biased_005_78.pt
Here is the conditioning network:
FiLMGen(
  (encoder_embed): Embedding(27, 200)
  (encoder_rnn): GRU(200, 4096, batch_first=True)
  (decoder_linear): Linear(in_features=4096, out_features=1024, bias=True)
)
Loading FiLMReconContrastiveIntermediate from /viscam/u/joycj/dvr/film/checkpoint_paths/stage_1_film_moma_attr_ans_cogen_biased_005_78.pt
Loading Generator from /viscam/u/joycj/dvr/film/checkpoint_paths/stage_2_uncond_stylegan_moma_attr_ans_cogen_test_81.pt
Loading Discriminator from /viscam/u/joycj/dvr/film/checkpoint_paths/stage_2_uncond_stylegan_moma_attr_ans_cogen_test_81.pt
Here is the conditioned network:
FiLMedNetReconContrastiveIntermediate(
  (stem): Sequential(
    (0): Conv2d(1026, 128, kernel_size=(3, 3), stride=(1, 1), padding=(1, 1))
    (1): BatchNorm2d(128, eps=1e-05, momentum=0.1, affine=True, track_running_stats=True)
    (2): ReLU(inplace=True)
  )
  (0): FiLMedResBlock(
    (input_proj): Conv2d(130, 128, kernel_size=(1, 1), stride=(1, 1))
    (conv1): Conv2d(128, 128, kernel_size=(3, 3), stride=(1, 1), padding=(1, 1))
    (bn1): BatchNorm2d(128, eps=1e-05, momentum=0.1, affine=False, track_running_stats=True)
    (film): FiLM()
  )
  (1): FiLMedResBlock(
    (input_proj): Conv2d(130, 128, kernel_size=(1, 1), stride=(1, 1))
    (conv1): Conv2d(128, 128, kernel_size=(3, 3), stride=(1, 1), padding=(1, 1))
    (bn1): BatchNorm2d(128, eps=1e-05, momentum=0.1, affine=False, track_running_stats=True)
    (film): FiLM()
  )
  (2): FiLMedResBlock(
    (input_proj): Conv2d(130, 128, kernel_size=(1, 1), stride=(1, 1))
    (conv1): Conv2d(128, 128, kernel_size=(3, 3), stride=(1, 1), padding=(1, 1))
    (bn1): BatchNorm2d(128, eps=1e-05, momentum=0.1, affine=False, track_running_stats=True)
    (film): FiLM()
  )
  (3): FiLMedResBlock(
    (input_proj): Conv2d(130, 128, kernel_size=(1, 1), stride=(1, 1))
    (conv1): Conv2d(128, 128, kernel_size=(3, 3), stride=(1, 1), padding=(1, 1))
    (bn1): BatchNorm2d(128, eps=1e-05, momentum=0.1, affine=False, track_running_stats=True)
    (film): FiLM()
  )
  (bottleneck_classifier): Sequential(
    (0): Conv2d(130, 512, kernel_size=(1, 1), stride=(1, 1))
    (1): BatchNorm2d(512, eps=1e-05, momentum=0.1, affine=True, track_running_stats=True)
    (2): ReLU(inplace=True)
    (3): MaxPool2d(kernel_size=14, stride=14, padding=0, dilation=1, ceil_mode=False)
    (4): Flatten()
    (5): Linear(in_features=512, out_features=1024, bias=True)
    (6): BatchNorm1d(1024, eps=1e-05, momentum=0.1, affine=True, track_running_stats=True)
    (7): ReLU(inplace=True)
    (8): Linear(in_features=1024, out_features=16, bias=True)
  )
  (pred_classifier): Linear(in_features=16, out_features=19, bias=True)
)
train_loader has 49635 samples
val_loader has 12399 samples
real_loader has 2000 samples
Starting epoch 1
Setting up PyTorch plugin "bias_act_plugin"... Done.
Setting up PyTorch plugin "upfirdn2d_plugin"... /viscam/u/joycj/dvr/fin_code/film/fin_scripts/train_gan_sampler.py:437: UserWarning: Implicit dimension choice for softmax has been deprecated. Change the call to include dim=X as an argument.
  p = torch.nn.Softmax()(recon_scores)
Done.
100 0.20320114058804792
200 0.26790335987004255
300 0.06575225002745355
400 0.11018209403049696
500 0.31194379620843393
600 0.07979660545588559
700 0.05533374398389697
800 0.03457937238260456
900 0.14012249347586475
1000 0.13358157414990274
Checking training accuracy ... 
/viscam/u/joycj/dvr/fin_code/film/fin_scripts/train_gan_sampler.py:804: UserWarning: volatile was removed and now has no effect. Use `with torch.no_grad():` instead.
  questions_var = Variable(questions.cuda(), volatile=True)
/viscam/u/joycj/dvr/fin_code/film/fin_scripts/train_gan_sampler.py:805: UserWarning: volatile was removed and now has no effect. Use `with torch.no_grad():` instead.
  feats_var = Variable(feats.cuda(), volatile=True)
/viscam/u/joycj/dvr/fin_code/film/fin_scripts/train_gan_sampler.py:806: UserWarning: volatile was removed and now has no effect. Use `with torch.no_grad():` instead.
  answers_var = Variable(feats.cuda(), volatile=True)
train accuracy is 0.990873375642188
Checking validation accuracy ...
val accuracy is  0.8715218969271715
total counted in batch average is 2.073
Saving checkpoint to /viscam/u/joycj/dvr/film/chckpt_paths/appendix_biased_005_film_moma_attr_ans_cogen_biased_005_78_uncond_stylegan_moma_attr_ans_cogen_test_81_gan_sampler_b8_t008_1.pt
1100 0.267208016954994
1200 0.1759989946685937
1300 0.23702264545540402
1400 0.2043592861702473
1500 0.12383998236675098
1600 0.11490846569176938
1700 0.1936769039023784
1800 0.15086061868674733
1900 0.048749265056321746
2000 0.048015184275809586
Checking training accuracy ... 
train accuracy is 0.9975420570162183
Checking validation accuracy ...
val accuracy is  0.9028147431244455
total counted in batch average is 1.557
Saving checkpoint to /viscam/u/joycj/dvr/film/chckpt_paths/appendix_biased_005_film_moma_attr_ans_cogen_biased_005_78_uncond_stylegan_moma_attr_ans_cogen_test_81_gan_sampler_b8_t008_2.pt
2100 0.03647261174799496
2200 0.07769519822247276
2300 0.17359246681047807
2400 0.07965734679508386
2500 0.20653002993591144
2600 0.26133730157498575
2700 0.2673786553634636
2800 0.19942522178971558
2900 0.15687879562022317
3000 0.10181427252720823
Checking training accuracy ... 
train accuracy is 0.991638964440415
Checking validation accuracy ...
val accuracy is  0.8765223001854988
total counted in batch average is 1.487
Saving checkpoint to /viscam/u/joycj/dvr/film/chckpt_paths/appendix_biased_005_film_moma_attr_ans_cogen_biased_005_78_uncond_stylegan_moma_attr_ans_cogen_test_81_gan_sampler_b8_t008_3.pt
3100 0.1287776855752236
3200 0.06507692468435834
3300 0.024658259076431932
3400 0.10147768559480028
3500 0.02845418114885888
3600 0.11229218486421814
3700 0.33380559158502365
3800 0.11307452650535196
3900 0.07874534719016082
4000 0.034729408007603976
Checking training accuracy ... 
train accuracy is 0.9863604311473758
Checking validation accuracy ...
val accuracy is  0.8628921687232841
total counted in batch average is 1.292
Saving checkpoint to /viscam/u/joycj/dvr/film/chckpt_paths/appendix_biased_005_film_moma_attr_ans_cogen_biased_005_78_uncond_stylegan_moma_attr_ans_cogen_test_81_gan_sampler_b8_t008_4.pt
4100 0.049553887020283585
4200 0.06919498829933105
4300 0.19793377983820848
4400 0.038078441310208294
4500 0.09889161338060148
4600 0.16767476755183452
4700 0.15033955054652323
4800 0.13120318989149382
4900 0.40259236316362146
5000 0.18747496598778526
Checking training accuracy ... 
train accuracy is 0.9801752795406468
Checking validation accuracy ...
val accuracy is  0.8630534720541979
total counted in batch average is 1.389
Saving checkpoint to /viscam/u/joycj/dvr/film/chckpt_paths/appendix_biased_005_film_moma_attr_ans_cogen_biased_005_78_uncond_stylegan_moma_attr_ans_cogen_test_81_gan_sampler_b8_t008_5.pt
5100 0.06118815731955692
5200 0.07715503608769722
5300 0.12545761836634484
5400 0.10488673996165744
5500 0.02061114267003177
5600 0.0515052617292713
5700 0.18328247417623061
5800 0.24516872441615306
5900 0.04081870263566998
6000 0.050093225577620616
Checking training accuracy ... 
train accuracy is 0.987166314092878
Checking validation accuracy ...
val accuracy is  0.8549076538430519
total counted in batch average is 0.951
Saving checkpoint to /viscam/u/joycj/dvr/film/chckpt_paths/appendix_biased_005_film_moma_attr_ans_cogen_biased_005_78_uncond_stylegan_moma_attr_ans_cogen_test_81_gan_sampler_b8_t008_6.pt
6100 0.05909196812477603
6200 0.025016283913359985
Starting epoch 2
6300 0.04452676209284619
6400 0.025354633550468863
6500 0.06926143841568319
6600 0.1330677852624467
6700 0.2338756507774633
6800 0.07975882842279589
6900 0.5807744914486761
7000 0.30055906447636516
Checking training accuracy ... 
train accuracy is 0.9655283570061448
Checking validation accuracy ...
val accuracy is  0.8036938462779256
total counted in batch average is 1.3033033033033032
Saving checkpoint to /viscam/u/joycj/dvr/film/chckpt_paths/appendix_biased_005_film_moma_attr_ans_cogen_biased_005_78_uncond_stylegan_moma_attr_ans_cogen_test_81_gan_sampler_b8_t008_7.pt
7100 0.3598541117842979
7200 0.08070987806364428
7300 0.26454345132186063
7400 0.19188190728015797
7500 0.06613451840214112
7600 0.041009429622645255
7700 0.08708625732828296
7800 0.06039213471942844
7900 0.0493803460336494
8000 0.05295966344894623
Checking training accuracy ... 
train accuracy is 0.9906114636848997
Checking validation accuracy ...
val accuracy is  0.8565206871521897
total counted in batch average is 1.179
Saving checkpoint to /viscam/u/joycj/dvr/film/chckpt_paths/appendix_biased_005_film_moma_attr_ans_cogen_biased_005_78_uncond_stylegan_moma_attr_ans_cogen_test_81_gan_sampler_b8_t008_8.pt
8100 0.039340013864311914
8200 0.03399297393015331
8300 0.023491471566212566
8400 0.13249033185893494
8500 0.018916421457624892
8600 0.07373227465555829
8700 0.06255983824275801
8800 0.074595671102079
8900 0.024000711924491044
9000 0.04557813541828636
Checking training accuracy ... 
train accuracy is 0.9729827742520399
Checking validation accuracy ...
val accuracy is  0.8157109444310024
total counted in batch average is 1.524
Saving checkpoint to /viscam/u/joycj/dvr/film/chckpt_paths/appendix_biased_005_film_moma_attr_ans_cogen_biased_005_78_uncond_stylegan_moma_attr_ans_cogen_test_81_gan_sampler_b8_t008_9.pt
9100 0.04932477283794924
9200 0.24170356397225987
9300 0.045137886591328426
9400 0.08507979078251993
9500 0.09951943668531385
9600 0.03254019326948764
9700 0.19401000905643287
9800 0.06471343727953353
9900 0.05196292024313152
10000 0.043859145953574624
Checking training accuracy ... 
train accuracy is 0.9936939659514455
Checking validation accuracy ...
val accuracy is  0.8449874989918542
total counted in batch average is 1.292
Saving checkpoint to /viscam/u/joycj/dvr/film/chckpt_paths/appendix_biased_005_film_moma_attr_ans_cogen_biased_005_78_uncond_stylegan_moma_attr_ans_cogen_test_81_gan_sampler_b8_t008_10.pt
10100 0.026782239310723526
10200 0.022032547420676566
10300 0.020073150876869478
10400 0.03525289488676208
10500 0.05299107364920928
10600 0.07752491889681551
10700 0.09832159928271722
10800 0.06326145370492668
10900 0.08253052761410799
11000 0.041162897142075966
Checking training accuracy ... 
train accuracy is 0.9935126422887076
Checking validation accuracy ...
val accuracy is  0.8450681506573111
total counted in batch average is 1.95
Saving checkpoint to /viscam/u/joycj/dvr/film/chckpt_paths/appendix_biased_005_film_moma_attr_ans_cogen_biased_005_78_uncond_stylegan_moma_attr_ans_cogen_test_81_gan_sampler_b8_t008_11.pt
11100 0.03784350761488781
11200 0.05575078493093656
11300 0.17389596229976179
11400 0.08243018347627185
11500 0.02134778103716826
11600 0.018511281060742703
11700 0.004940737052893382
11800 0.026439964964270077
11900 0.0063291806056258795
12000 0.01790823247370554
Checking training accuracy ... 
train accuracy is 0.9967361740707162
Checking validation accuracy ...
val accuracy is  0.8728929752399387
total counted in batch average is 2.13
Saving checkpoint to /viscam/u/joycj/dvr/film/chckpt_paths/appendix_biased_005_film_moma_attr_ans_cogen_biased_005_78_uncond_stylegan_moma_attr_ans_cogen_test_81_gan_sampler_b8_t008_12.pt
12100 0.07399968780510789
12200 0.0894054883707031
12300 0.15338596203117505
12400 0.06823481873164383
Starting epoch 3
12500 0.14133815446355583
12600 0.0368700111351518
12700 0.016637751055340003
12800 0.02183044809396961
12900 0.013465107295123744
13000 0.02858688117969905
Checking training accuracy ... 
train accuracy is 0.9955877908733757
Checking validation accuracy ...
val accuracy is  0.8558754738285346
total counted in batch average is 1.87987987987988
Saving checkpoint to /viscam/u/joycj/dvr/film/chckpt_paths/appendix_biased_005_film_moma_attr_ans_cogen_biased_005_78_uncond_stylegan_moma_attr_ans_cogen_test_81_gan_sampler_b8_t008_13.pt
13100 0.09111380628943606
13200 0.04088233349943948
13300 0.011928380864621885
13400 0.12208232108787342
13500 0.05297685207072391
13600 0.03864347466489562
13700 0.19846840803561464
13800 0.16323585887165337
13900 0.037386211880620975
14000 0.03531497200835929
Checking training accuracy ... 
train accuracy is 0.9946811725596857
Checking validation accuracy ...
val accuracy is  0.8535365755302847
total counted in batch average is 2.057
Saving checkpoint to /viscam/u/joycj/dvr/film/chckpt_paths/appendix_biased_005_film_moma_attr_ans_cogen_biased_005_78_uncond_stylegan_moma_attr_ans_cogen_test_81_gan_sampler_b8_t008_14.pt
14100 0.02391237175070273
14200 0.032772270923778705
14300 0.010460417925824004
14400 0.008157071924752018
14500 0.02867062490509852
14600 0.03955250878036168
14700 0.006138104746623867
14800 0.01565657858729537
14900 0.038017339076084226
15000 0.05675488949072133
Checking training accuracy ... 
train accuracy is 0.9968973506598167
Checking validation accuracy ...
val accuracy is  0.8661182353415599
total counted in batch average is 2.553
Saving checkpoint to /viscam/u/joycj/dvr/film/chckpt_paths/appendix_biased_005_film_moma_attr_ans_cogen_biased_005_78_uncond_stylegan_moma_attr_ans_cogen_test_81_gan_sampler_b8_t008_15.pt
15100 0.008858851488776054
15200 0.046815570539911276
15300 0.08679103556583868
15400 0.06352332307283859
15500 0.03793762467848864
15600 0.11669278447551278
15700 0.12771072552342047
15800 0.01004852714844219
15900 0.06756947059755532
16000 0.04304112242030897
Checking training accuracy ... 
train accuracy is 0.9939357308350962
Checking validation accuracy ...
val accuracy is  0.8722477619162836
total counted in batch average is 2.305
Saving checkpoint to /viscam/u/joycj/dvr/film/chckpt_paths/appendix_biased_005_film_moma_attr_ans_cogen_biased_005_78_uncond_stylegan_moma_attr_ans_cogen_test_81_gan_sampler_b8_t008_16.pt
16100 0.04065111891158267
16200 0.03435686842923928
16300 0.15694589226005745
16400 0.23212353468406774
16500 0.0863570399991795
16600 0.03580337835045611
16700 0.01213890263918529
16800 0.010676665882371025
16900 0.025944106900040537
17000 0.05412418700898343
Checking training accuracy ... 
train accuracy is 0.9926866122695679
Checking validation accuracy ...
val accuracy is  0.8332930075006049
total counted in batch average is 2.275
Saving checkpoint to /viscam/u/joycj/dvr/film/chckpt_paths/appendix_biased_005_film_moma_attr_ans_cogen_biased_005_78_uncond_stylegan_moma_attr_ans_cogen_test_81_gan_sampler_b8_t008_17.pt
17100 0.025276224725366774
17200 0.019854174309152768
17300 0.05709167443296678
17400 0.05500486659393573
17500 0.0485669274319207
17600 0.05646679490258748
17700 0.008563552622454153
17800 0.010065118156471726
17900 0.008900802204343562
18000 0.0449450691302809
Checking training accuracy ... 
train accuracy is 0.9924649944595547
Checking validation accuracy ...
val accuracy is  0.866682796999758
total counted in batch average is 2.537
Saving checkpoint to /viscam/u/joycj/dvr/film/chckpt_paths/appendix_biased_005_film_moma_attr_ans_cogen_biased_005_78_uncond_stylegan_moma_attr_ans_cogen_test_81_gan_sampler_b8_t008_18.pt
18100 0.03184513418921142
18200 0.04422271507222831
18300 0.011664388178151058
18400 0.012705890318920865
18500 0.02290804114675666
18600 0.017463078922792193
Starting epoch 4
18700 0.042427700378354985
18800 0.022448588360985015
18900 0.012542740105818666
19000 0.02848987144295279
Checking training accuracy ... 
train accuracy is 0.9954064672106376
Checking validation accuracy ...
val accuracy is  0.8861198483748689
total counted in batch average is 2.7167167167167166
Saving checkpoint to /viscam/u/joycj/dvr/film/chckpt_paths/appendix_biased_005_film_moma_attr_ans_cogen_biased_005_78_uncond_stylegan_moma_attr_ans_cogen_test_81_gan_sampler_b8_t008_19.pt
19100 0.015241430744231366
19200 0.032335928588586284
19300 0.12200383373936347
19400 0.05408822958011115
19500 0.013428299292936572
19600 0.03837543542395906
19700 0.03221380948407386
19800 0.05691124912870691
19900 0.030072164552979074
20000 0.04062804607278849
Checking training accuracy ... 
train accuracy is 0.9940566132769215
Checking validation accuracy ...
/viscam/u/joycj/dvr/fin_code/film/fin_scripts/train_gan_sampler.py:491: RuntimeWarning: More than 20 figures have been opened. Figures created through the pyplot interface (`matplotlib.pyplot.figure`) are retained until explicitly closed and may consume too much memory. (To control this warning, see the rcParam `figure.max_open_warning`).
  plt.figure(figsize=(8,8))
val accuracy is  0.8587789337849827
total counted in batch average is 2.903
Saving checkpoint to /viscam/u/joycj/dvr/film/chckpt_paths/appendix_biased_005_film_moma_attr_ans_cogen_biased_005_78_uncond_stylegan_moma_attr_ans_cogen_test_81_gan_sampler_b8_t008_20.pt
20100 0.03512101484048799
20200 0.0073396321684481335
20300 0.008227177184955962
20400 0.0486180656648321
20500 0.01381395325768608
20600 0.0615317057008383
20700 0.0048640536102357145
20800 0.008375615811125883
20900 0.00901389033918008
21000 0.035240001632699886
Checking training accuracy ... 
train accuracy is 0.9646821799133676
Checking validation accuracy ...
val accuracy is  0.83990644406807
total counted in batch average is 2.986
Saving checkpoint to /viscam/u/joycj/dvr/film/chckpt_paths/appendix_biased_005_film_moma_attr_ans_cogen_biased_005_78_uncond_stylegan_moma_attr_ans_cogen_test_81_gan_sampler_b8_t008_21.pt
21100 0.12252846643802058
21200 0.0087922994593157
21300 0.020094301491031957
21400 0.02267367757865941
21500 0.1305752958238918
21600 0.21571281092868388
21700 0.039169314074781594
21800 0.013284699747897548
21900 0.021495607774318158
22000 0.020315711761322745
Checking training accuracy ... 
train accuracy is 0.996655585776166
Checking validation accuracy ...
val accuracy is  0.8486168239374143
total counted in batch average is 2.955
Saving checkpoint to /viscam/u/joycj/dvr/film/chckpt_paths/appendix_biased_005_film_moma_attr_ans_cogen_biased_005_78_uncond_stylegan_moma_attr_ans_cogen_test_81_gan_sampler_b8_t008_22.pt
22100 0.006128940820261732
22200 0.020436660206232773
22300 0.0154344950845973
22400 0.011741068522869682
22500 0.13717694716821824
22600 0.009998154839622657
22700 0.008443494170405757
22800 0.06963097754039155
22900 0.01132146772756471
23000 0.021706764197680285
Checking training accuracy ... 
train accuracy is 0.9952654376951747
Checking validation accuracy ...
val accuracy is  0.8658762803451892
total counted in batch average is 3.1
Saving checkpoint to /viscam/u/joycj/dvr/film/chckpt_paths/appendix_biased_005_film_moma_attr_ans_cogen_biased_005_78_uncond_stylegan_moma_attr_ans_cogen_test_81_gan_sampler_b8_t008_23.pt
23100 0.013242994895145941
23200 0.06794949274551755
23300 0.12305368922906375
23400 0.012886278541577667
23500 0.002669325881847726
23600 0.021358601473075396
23700 0.003950443904862766
23800 0.014879520653530563
23900 0.038704040226898544
24000 0.06506182882000303
Checking training accuracy ... 
train accuracy is 0.9961116147879521
Checking validation accuracy ...
val accuracy is  0.848858778933785
total counted in batch average is 3.195
Saving checkpoint to /viscam/u/joycj/dvr/film/chckpt_paths/appendix_biased_005_film_moma_attr_ans_cogen_biased_005_78_uncond_stylegan_moma_attr_ans_cogen_test_81_gan_sampler_b8_t008_24.pt
24100 0.04991822635520293
24200 0.039777905504952284
24300 0.026061910239266125
24400 0.027412494717830214
24500 0.05372768204031672
24600 0.06476191482114928
24700 0.016091796620764855
24800 0.00917980016294223
Starting epoch 5
24900 0.10228034441482123
25000 0.011634222490188221
Checking training accuracy ... 
train accuracy is 0.997421174574393
Checking validation accuracy ...
val accuracy is  0.8812000967819985
total counted in batch average is 3.1281281281281283
Saving checkpoint to /viscam/u/joycj/dvr/film/chckpt_paths/appendix_biased_005_film_moma_attr_ans_cogen_biased_005_78_uncond_stylegan_moma_attr_ans_cogen_test_81_gan_sampler_b8_t008_25.pt
25100 0.015314846437877349
25200 0.02658094789948791
25300 0.04320708683074145
25400 0.010032469671057243
25500 0.01059351677326731
25600 0.014540370616139171
25700 0.0047976796336021725
25800 0.014623587249370757
25900 0.023412754853725345
26000 0.007770093183643212
Checking training accuracy ... 
train accuracy is 0.9980457338571572
Checking validation accuracy ...
val accuracy is  0.8759577385273006
total counted in batch average is 3.561
Saving checkpoint to /viscam/u/joycj/dvr/film/chckpt_paths/appendix_biased_005_film_moma_attr_ans_cogen_biased_005_78_uncond_stylegan_moma_attr_ans_cogen_test_81_gan_sampler_b8_t008_26.pt
26100 0.037007770047139274
26200 0.036977191120290624
26300 0.04283953617408088
26400 0.11029136439171452
26500 0.05738128992739575
26600 0.013936290738265598
26700 0.0221711712577968
26800 0.0036217587538567384
26900 0.03041089819300396
27000 0.021680502129725027
Checking training accuracy ... 
train accuracy is 0.9961116147879521
Checking validation accuracy ...
val accuracy is  0.8795064118074039
total counted in batch average is 3.335
Saving checkpoint to /viscam/u/joycj/dvr/film/chckpt_paths/appendix_biased_005_film_moma_attr_ans_cogen_biased_005_78_uncond_stylegan_moma_attr_ans_cogen_test_81_gan_sampler_b8_t008_27.pt
27100 0.020086565277570117
27200 0.02004567404752379
27300 0.007508455594306724
27400 0.0008618854164978984
27500 0.013919071245591113
27600 0.008183315808023508
27700 0.007751850151603321
27800 0.03069218724145827
27900 0.07923022441634543
28000 0.005769475356119074
Checking training accuracy ... 
train accuracy is 0.9985494106980961
Checking validation accuracy ...
val accuracy is  0.9019275748044198
total counted in batch average is 3.531
Saving checkpoint to /viscam/u/joycj/dvr/film/chckpt_paths/appendix_biased_005_film_moma_attr_ans_cogen_biased_005_78_uncond_stylegan_moma_attr_ans_cogen_test_81_gan_sampler_b8_t008_28.pt
28100 0.0014077690093892415
28200 0.0015180569737981387
28300 0.014805775752183479
28400 0.018247860412584204
28500 0.010561011676995236
28600 0.0601857906565192
28700 0.042100022855970566
28800 0.024178349378962592
28900 0.004834704356680959
29000 0.00842574856696274
Checking training accuracy ... 
train accuracy is 0.9974413216480307
Checking validation accuracy ...
