SLURM_JOBID=3789584
SLURM_JOB_NAME=filmreconcontrastive
SLURM_JOB_NODELIST=viscam4
SLURM_NNODES=1
SLURMTMPDIR=
working directory = /viscam/u/joycj/dvr/fin_code/film/fin_scripts/batch_scripts
/viscam/u/joycj/dvr/fin_code/film/vr/models/layers.py:141: UserWarning: nn.init.kaiming_uniform is now deprecated in favor of nn.init.kaiming_uniform_.
  init_params(m.weight)
Will save checkpoints to /viscam/u/joycj/dvr/film/chckpt_paths/appendix_biased_005_film_moma_attr_ans_cogen_biased_005_78_sampler_t06.pt
Entropy threshold 0.06
Reading features from /viscam/u/joycj/dvr/final_datasets/cogen_multi_object_biased_005/train/features.h5
Reading questions from  /viscam/u/joycj/dvr/final_datasets/cogen_multi_object_biased_005/questions/train/what_attr_is_the_attr_questions.h5
Reading question data into memory
Reading features from /viscam/u/joycj/dvr/final_datasets/cogen_multi_object/test/features.h5
Reading questions from  /viscam/u/joycj/dvr/final_datasets/cogen_multi_object/questions/test/what_attr_is_the_attr_questions.h5
Reading question data into memory
Loading FiLMGen from /viscam/u/joycj/dvr/film/checkpoint_paths/stage_1_film_moma_attr_ans_cogen_biased_005_78.pt
Here is the conditioning network:
FiLMGen(
  (encoder_embed): Embedding(27, 200)
  (encoder_rnn): GRU(200, 4096, batch_first=True)
  (decoder_linear): Linear(in_features=4096, out_features=1024, bias=True)
)
Loading FiLMReconContrastiveIntermediate from /viscam/u/joycj/dvr/film/checkpoint_paths/stage_1_film_moma_attr_ans_cogen_biased_005_78.pt
Here is the conditioned network:
FiLMedNetReconContrastiveIntermediate(
  (stem): Sequential(
    (0): Conv2d(1026, 128, kernel_size=(3, 3), stride=(1, 1), padding=(1, 1))
    (1): BatchNorm2d(128, eps=1e-05, momentum=0.1, affine=True, track_running_stats=True)
    (2): ReLU(inplace=True)
  )
  (0): FiLMedResBlock(
    (input_proj): Conv2d(130, 128, kernel_size=(1, 1), stride=(1, 1))
    (conv1): Conv2d(128, 128, kernel_size=(3, 3), stride=(1, 1), padding=(1, 1))
    (bn1): BatchNorm2d(128, eps=1e-05, momentum=0.1, affine=False, track_running_stats=True)
    (film): FiLM()
  )
  (1): FiLMedResBlock(
    (input_proj): Conv2d(130, 128, kernel_size=(1, 1), stride=(1, 1))
    (conv1): Conv2d(128, 128, kernel_size=(3, 3), stride=(1, 1), padding=(1, 1))
    (bn1): BatchNorm2d(128, eps=1e-05, momentum=0.1, affine=False, track_running_stats=True)
    (film): FiLM()
  )
  (2): FiLMedResBlock(
    (input_proj): Conv2d(130, 128, kernel_size=(1, 1), stride=(1, 1))
    (conv1): Conv2d(128, 128, kernel_size=(3, 3), stride=(1, 1), padding=(1, 1))
    (bn1): BatchNorm2d(128, eps=1e-05, momentum=0.1, affine=False, track_running_stats=True)
    (film): FiLM()
  )
  (3): FiLMedResBlock(
    (input_proj): Conv2d(130, 128, kernel_size=(1, 1), stride=(1, 1))
    (conv1): Conv2d(128, 128, kernel_size=(3, 3), stride=(1, 1), padding=(1, 1))
    (bn1): BatchNorm2d(128, eps=1e-05, momentum=0.1, affine=False, track_running_stats=True)
    (film): FiLM()
  )
  (bottleneck_classifier): Sequential(
    (0): Conv2d(130, 512, kernel_size=(1, 1), stride=(1, 1))
    (1): BatchNorm2d(512, eps=1e-05, momentum=0.1, affine=True, track_running_stats=True)
    (2): ReLU(inplace=True)
    (3): MaxPool2d(kernel_size=14, stride=14, padding=0, dilation=1, ceil_mode=False)
    (4): Flatten()
    (5): Linear(in_features=512, out_features=1024, bias=True)
    (6): BatchNorm1d(1024, eps=1e-05, momentum=0.1, affine=True, track_running_stats=True)
    (7): ReLU(inplace=True)
    (8): Linear(in_features=1024, out_features=16, bias=True)
  )
  (pred_classifier): Linear(in_features=16, out_features=19, bias=True)
)
train_loader has 49635 samples
val_loader has 12399 samples
real_loader has 2000 samples
/viscam/u/joycj/dvr/final_datasets/cogen_multi_object/test/CLEVR_scenes.json
Starting epoch 1
/viscam/u/joycj/dvr/fin_code/film/fin_scripts/train_sampler.py:398: UserWarning: Implicit dimension choice for softmax has been deprecated. Change the call to include dim=X as an argument.
  p = torch.nn.Softmax()(recon_scores)
100 0.012284011026213192
200 0.015839823496189637
300 0.017540732585052864
Starting epoch 2
400 0.020918479839467638
500 0.025553079899425485
600 0.03553461140452328
700 0.026270005032478706
Starting epoch 3
800 0.01813270377766173
900 0.02447209436087178
1000 0.0230202828184693
Checking training accuracy ... 
/viscam/u/joycj/dvr/fin_code/film/fin_scripts/train_sampler.py:784: UserWarning: volatile was removed and now has no effect. Use `with torch.no_grad():` instead.
  questions_var = Variable(questions.cuda(), volatile=True)
/viscam/u/joycj/dvr/fin_code/film/fin_scripts/train_sampler.py:785: UserWarning: volatile was removed and now has no effect. Use `with torch.no_grad():` instead.
  feats_var = Variable(feats.cuda(), volatile=True)
/viscam/u/joycj/dvr/fin_code/film/fin_scripts/train_sampler.py:786: UserWarning: volatile was removed and now has no effect. Use `with torch.no_grad():` instead.
  answers_var = Variable(feats.cuda(), volatile=True)
train accuracy is 0.9973405862798429
Checking validation accuracy ...
val accuracy is  0.8690216952980079
total counted in batch average is 116.63527054108216
Saving checkpoint to /viscam/u/joycj/dvr/film/chckpt_paths/appendix_biased_005_film_moma_attr_ans_cogen_biased_005_78_sampler_t06_1.pt
1100 0.02014126969750464
Starting epoch 4
1200 0.028324443942805148
1300 0.026908766814846673
1400 0.033104955089720466
1500 0.027592607133733793
Starting epoch 5
1600 0.024705447967727424
1700 0.029797037841926582
1800 0.03960437947718145
1900 0.03133020329130502
Starting epoch 6
2000 0.031564584046220985
Checking training accuracy ... 
train accuracy is 0.9984889694771835
Checking validation accuracy ...
val accuracy is  0.929187837728849
total counted in batch average is 121.45636910732196
Saving checkpoint to /viscam/u/joycj/dvr/film/chckpt_paths/appendix_biased_005_film_moma_attr_ans_cogen_biased_005_78_sampler_t06_2.pt
2100 0.021407003891830954
2200 0.02670642142580271
2300 0.02985880000566354
Starting epoch 7
2400 0.013901290377027564
2500 0.01634209950927977
2600 0.02027382476623577
2700 0.025969622766365497
Starting epoch 8
2800 0.03125199285778974
2900 0.024664704074426592
3000 0.025770790301323458
Checking training accuracy ... 
train accuracy is 0.9958497028306639
Checking validation accuracy ...
val accuracy is  0.9056375514154368
total counted in batch average is 122.7374749498998
Saving checkpoint to /viscam/u/joycj/dvr/film/chckpt_paths/appendix_biased_005_film_moma_attr_ans_cogen_biased_005_78_sampler_t06_3.pt
3100 0.046676305166766595
Starting epoch 9
3200 0.018906654376236
3300 0.027240307015960336
3400 0.023780667319250704
Starting epoch 10
3500 0.03038687193763427
3600 0.022438217744178552
3700 0.03887880872125378
3800 0.026704451856059123
Starting epoch 11
3900 0.02374672701935294
4000 0.024026121624697812
Checking training accuracy ... 
train accuracy is 0.9988314697290218
Checking validation accuracy ...
val accuracy is  0.9199128962013066
total counted in batch average is 123.14242728184554
Saving checkpoint to /viscam/u/joycj/dvr/film/chckpt_paths/appendix_biased_005_film_moma_attr_ans_cogen_biased_005_78_sampler_t06_4.pt
4100 0.013422235798179418
4200 0.020557231052293342
Starting epoch 12
4300 0.024789413137689217
4400 0.029666047641029383
4500 0.01869173124912546
4600 0.018849816801999222
Starting epoch 13
4700 0.03494967398913915
4800 0.01726378220660616
4900 0.02864620993083427
5000 0.027066959973164124
Checking training accuracy ... 
train accuracy is 0.9990127933917599
Checking validation accuracy ...
val accuracy is  0.9052342930881523
total counted in batch average is 123.59018036072145
Saving checkpoint to /viscam/u/joycj/dvr/film/chckpt_paths/appendix_biased_005_film_moma_attr_ans_cogen_biased_005_78_sampler_t06_5.pt
Starting epoch 14
5100 0.024875442013487223
5200 0.031273125279896063
5300 0.023070225414083514
5400 0.032164116676874174
Starting epoch 15
5500 0.018482676732650617
5600 0.02012929675131289
5700 0.01699244433593734
5800 0.031190941480626684
Starting epoch 16
5900 0.01973633928008177
6000 0.01424391984450692
Checking training accuracy ... 
train accuracy is 0.9978644101944193
Checking validation accuracy ...
val accuracy is  0.8899104766513428
total counted in batch average is 123.91374122367101
Saving checkpoint to /viscam/u/joycj/dvr/film/chckpt_paths/appendix_biased_005_film_moma_attr_ans_cogen_biased_005_78_sampler_t06_6.pt
6100 0.033920128511243444
6200 0.03627411573253805
Starting epoch 17
6300 0.026878870387085686
6400 0.026364846263130622
6500 0.014202602667709585
Starting epoch 18
6600 0.016887525532546122
6700 0.04122230454057437
6800 0.029028536337783538
6900 0.023487640577513166
Starting epoch 19
7000 0.02232910713471284
Checking training accuracy ... 
train accuracy is 0.99719955676438
Checking validation accuracy ...
val accuracy is  0.8796677151383177
total counted in batch average is 123.95285857572718
Saving checkpoint to /viscam/u/joycj/dvr/film/chckpt_paths/appendix_biased_005_film_moma_attr_ans_cogen_biased_005_78_sampler_t06_7.pt
7100 0.021748790735811305
7200 0.04594005997449498
7300 0.030353363795439726
Starting epoch 20
7400 0.044650932685191644
7500 0.010964610525597641
7600 0.04982421469963656
7700 0.01967294830202453
Starting epoch 21
7800 0.01084491585959503
7900 0.023939262907885586
8000 0.02016175403340019
Checking training accuracy ... 
train accuracy is 0.9985695577717336
Checking validation accuracy ...
val accuracy is  0.9249132994596339
total counted in batch average is 124.14629258517034
Saving checkpoint to /viscam/u/joycj/dvr/film/chckpt_paths/appendix_biased_005_film_moma_attr_ans_cogen_biased_005_78_sampler_t06_8.pt
8100 0.020477492637399407
Starting epoch 22
8200 0.020728398417092942
8300 0.016134476219398678
8400 0.019095318638883408
8500 0.032944727533675
Starting epoch 23
8600 0.009264302149588817
8700 0.02389116401903283
8800 0.02736287715170655
8900 0.02448429276466503
Starting epoch 24
9000 0.05896350751084012
Checking training accuracy ... 
train accuracy is 0.9985897048453712
Checking validation accuracy ...
val accuracy is  0.9199128962013066
total counted in batch average is 124.76429287863591
Saving checkpoint to /viscam/u/joycj/dvr/film/chckpt_paths/appendix_biased_005_film_moma_attr_ans_cogen_biased_005_78_sampler_t06_9.pt
9100 0.014098114746029315
9200 0.017340617147434047
9300 0.008402774281208496
Starting epoch 25
9400 0.022099779345554182
9500 0.016752836666529537
9600 0.012604905899317035
Starting epoch 26
9800 0.03287860944124557
9900 0.02446677074144074
10000 0.015484302150015785
Checking training accuracy ... 
train accuracy is 0.9991135287599476
Checking validation accuracy ...
val accuracy is  0.9325752076780386
total counted in batch average is 125.312625250501
Saving checkpoint to /viscam/u/joycj/dvr/film/chckpt_paths/appendix_biased_005_film_moma_attr_ans_cogen_biased_005_78_sampler_t06_10.pt
Starting epoch 27
10100 0.015561201569454263
10200 0.008747768625184898
10300 0.020065780106283043
10400 0.021100531799907656
Starting epoch 28
10500 0.013180253843445532
10600 0.034745283292155794
10700 0.02057019031165357
10800 0.021113249311678697
Starting epoch 29
10900 0.02533268472821506
11000 0.03389503796673321
Checking training accuracy ... 
train accuracy is 0.9976427923844061
Checking validation accuracy ...
val accuracy is  0.9066053714009195
total counted in batch average is 125.2296890672016
Saving checkpoint to /viscam/u/joycj/dvr/film/chckpt_paths/appendix_biased_005_film_moma_attr_ans_cogen_biased_005_78_sampler_t06_11.pt
11100 0.01330903494431333
11200 0.014206544599812394
Starting epoch 30
11300 0.02584309855190692
11400 0.019376172760468734
11500 0.03475615490087332
11600 0.02299476530295693
Starting epoch 31
11700 0.015081802767751739
11800 0.010055871891368464
11900 0.021665559740202053
12000 0.023329847471237806
Checking training accuracy ... 
train accuracy is 0.99909338168631
Checking validation accuracy ...
val accuracy is  0.910637954673764
total counted in batch average is 125.32164328657315
Saving checkpoint to /viscam/u/joycj/dvr/film/chckpt_paths/appendix_biased_005_film_moma_attr_ans_cogen_biased_005_78_sampler_t06_12.pt
Starting epoch 32
12100 0.0202246055750107
12200 0.028072319822061837
12300 0.019379393834573273
12400 0.013864154930357702
Starting epoch 33
12500 0.020685777981482217
12600 0.014183319585900737
12700 0.017003069190123107
12800 0.01678329548097068
Starting epoch 34
12900 0.049060137319882874
13000 0.017111927862573147
Checking training accuracy ... 
train accuracy is 0.9992545582754105
Checking validation accuracy ...
val accuracy is  0.9118477296556173
total counted in batch average is 125.43630892678034
Saving checkpoint to /viscam/u/joycj/dvr/film/chckpt_paths/appendix_biased_005_film_moma_attr_ans_cogen_biased_005_78_sampler_t06_13.pt
13100 0.021351467509179996
Starting epoch 35
13200 0.02542389571388259
13300 0.011090371390666764
13400 0.010836659400556413
13500 0.01408092029140346
Starting epoch 36
13600 0.019189940813097377
13700 0.007597253933172558
13800 0.01381569648429132
13900 0.011578086574425238
Starting epoch 37
14000 0.024812103875103818
Checking training accuracy ... 
train accuracy is 0.9991941170544978
Checking validation accuracy ...
val accuracy is  0.9013630131462215
total counted in batch average is 125.56770310932798
Saving checkpoint to /viscam/u/joycj/dvr/film/chckpt_paths/appendix_biased_005_film_moma_attr_ans_cogen_biased_005_78_sampler_t06_14.pt
14100 0.015855542759508765
14200 0.014688587719119694
14300 0.019577689836821385
Starting epoch 38
14400 0.02319125496672474
14500 0.035934414599558574
14600 0.0170570238154412
14700 0.031030017545664878
Starting epoch 39
14800 0.03646950594196641
14900 0.03799160052103404
15000 0.02009266689979085
Checking training accuracy ... 
train accuracy is 0.9970786743225547
Checking validation accuracy ...
val accuracy is  0.8682958303088959
total counted in batch average is 125.15931863727455
Saving checkpoint to /viscam/u/joycj/dvr/film/chckpt_paths/appendix_biased_005_film_moma_attr_ans_cogen_biased_005_78_sampler_t06_15.pt
15100 0.027429148340469806
Starting epoch 40
15200 0.01885753782201557
15300 0.019323440159599997
15400 0.028318535708991927
15500 0.03122956723111505
Starting epoch 41
15600 0.03582406543632835
15700 0.030466326183311857
15800 0.018721674327644152
15900 0.011671656927790366
Starting epoch 42
16000 0.01796025405712282
Checking training accuracy ... 
train accuracy is 0.99719955676438
Checking validation accuracy ...
val accuracy is  0.905476248084523
total counted in batch average is 125.4543630892678
Saving checkpoint to /viscam/u/joycj/dvr/film/chckpt_paths/appendix_biased_005_film_moma_attr_ans_cogen_biased_005_78_sampler_t06_16.pt
16100 0.02841585728784108
16200 0.014864155781812199
Starting epoch 43
16300 0.0149392604790483
16400 0.011509038551046393
16500 0.030689855102369573
16600 0.03488404205005177
Starting epoch 44
16700 0.022435888935309282
16800 0.016994796868746814
16900 0.013892238896584905
17000 0.03207199003357224
Checking training accuracy ... 
train accuracy is 0.9988314697290218
Checking validation accuracy ...
val accuracy is  0.8668441003306718
total counted in batch average is 125.13827655310621
Saving checkpoint to /viscam/u/joycj/dvr/film/chckpt_paths/appendix_biased_005_film_moma_attr_ans_cogen_biased_005_78_sampler_t06_17.pt
Starting epoch 45
17100 0.016118016966592385
17200 0.014813987164623241
17300 0.042981382096747886
17400 0.01284439233635617
Starting epoch 46
17500 0.02678671417115307
17600 0.015077779493310193
17700 0.008392870270935979
17800 0.050853234183316956
Starting epoch 47
17900 0.012484062162464192
18000 0.047557026909391294
Checking training accuracy ... 
train accuracy is 0.987166314092878
Checking validation accuracy ...
val accuracy is  0.8782966368255505
total counted in batch average is 124.94383149448345
Saving checkpoint to /viscam/u/joycj/dvr/film/chckpt_paths/appendix_biased_005_film_moma_attr_ans_cogen_biased_005_78_sampler_t06_18.pt
18100 0.02910932726281617
18200 0.022606506938687175
Starting epoch 48
18300 0.010719924171901245
18400 0.022063363371355556
18500 0.010256648612954698
18600 0.008764086117105158
Starting epoch 49
18700 0.01038510812530854
18800 0.018572493505295315
18900 0.016598986836148064
19000 0.02186261944541282
Checking training accuracy ... 
train accuracy is 0.9990329404653974
Checking validation accuracy ...
val accuracy is  0.9045084280990402
total counted in batch average is 124.85370741482966
Saving checkpoint to /viscam/u/joycj/dvr/film/chckpt_paths/appendix_biased_005_film_moma_attr_ans_cogen_biased_005_78_sampler_t06_19.pt
Starting epoch 50
19100 0.00978942092941047
19200 0.010864062408475072
19300 0.020661053616815295
Starting epoch 51
19500 0.03672070390475595
19600 0.020910913240394877
19700 0.2618777774318961
Starting epoch 52
19800 0.04794047684528943
19900 0.01684611530955906
20000 0.009808397416092152
Checking training accuracy ... 
train accuracy is 0.9956482320942883
Checking validation accuracy ...
val accuracy is  0.8761190418582143
total counted in batch average is 124.39317953861585
Saving checkpoint to /viscam/u/joycj/dvr/film/chckpt_paths/appendix_biased_005_film_moma_attr_ans_cogen_biased_005_78_sampler_t06_20.pt
20100 0.01797830531342371
Starting epoch 53
20200 0.024919283765969757
20300 0.04390612784162322
20400 0.057355542947666274
20500 0.05780259397682155
Starting epoch 54
20600 0.14683503645471976
20700 0.020983666151439196
20800 0.01936302602861237
20900 0.02282865756713486
Starting epoch 55
21000 0.013533886513393413
Checking training accuracy ... 
train accuracy is 0.999274705349048
Checking validation accuracy ...
val accuracy is  0.8736994918945076
total counted in batch average is 124.94884653961886
Saving checkpoint to /viscam/u/joycj/dvr/film/chckpt_paths/appendix_biased_005_film_moma_attr_ans_cogen_biased_005_78_sampler_t06_21.pt
21100 0.014268553330392574
21200 0.008009256612964668
21300 0.026890478143537774
Starting epoch 56
21400 0.01720329750146698
21500 0.0754549515944277
21600 0.020557993156829806
21700 0.03156699854822386
Starting epoch 57
21800 0.021283816748822782
21900 0.039071080529524085
22000 0.014319055421980111
Checking training accuracy ... 
train accuracy is 0.9990127933917599
Checking validation accuracy ...
val accuracy is  0.8926526332768772
total counted in batch average is 125.30160320641282
Saving checkpoint to /viscam/u/joycj/dvr/film/chckpt_paths/appendix_biased_005_film_moma_attr_ans_cogen_biased_005_78_sampler_t06_22.pt
22100 0.008875348909089793
Starting epoch 58
22200 0.031187204148596295
22300 0.02243319259608018
22400 0.006288708580928539
22500 0.03197077775222054
Starting epoch 59
22600 0.014985488348962796
22700 0.016935723546390554
22800 0.019686135293695842
Starting epoch 60
22900 0.01688052664183795
23000 0.01583059071821301
Checking training accuracy ... 
train accuracy is 0.9979449984889694
Checking validation accuracy ...
val accuracy is  0.8270828292604242
total counted in batch average is 125.63991975927783
Saving checkpoint to /viscam/u/joycj/dvr/film/chckpt_paths/appendix_biased_005_film_moma_attr_ans_cogen_biased_005_78_sampler_t06_23.pt
23100 0.010812650169046185
23200 0.0206099908293334
Starting epoch 61
23300 0.014821824923915925
23400 0.0074316534066467274
23500 0.017917324832495186
23600 0.005531834931089777
Starting epoch 62
23700 0.023919886254973086
23800 0.058219764392938814
23900 0.03657064832428593
24000 0.013373343394812116
Checking training accuracy ... 
train accuracy is 0.9988113226553843
Checking validation accuracy ...
val accuracy is  0.8999919348334543
total counted in batch average is 125.42284569138276
Saving checkpoint to /viscam/u/joycj/dvr/film/chckpt_paths/appendix_biased_005_film_moma_attr_ans_cogen_biased_005_78_sampler_t06_24.pt
Starting epoch 63
24100 0.0189908005302561
24200 0.00909838124112095
24300 0.005760816142596294
24400 0.011636907556728589
Starting epoch 64
24500 0.003948186574355051
24600 0.006069076052393771
24700 0.01834553042381449
24800 0.009414061174794304
Starting epoch 65
24900 0.015222632539966627
25000 0.05841727527481147
Checking training accuracy ... 
train accuracy is 0.9987105872871965
Checking validation accuracy ...
val accuracy is  0.8684571336398097
total counted in batch average is 125.3470411233701
Saving checkpoint to /viscam/u/joycj/dvr/film/chckpt_paths/appendix_biased_005_film_moma_attr_ans_cogen_biased_005_78_sampler_t06_25.pt
25100 0.016606275281164536
25200 0.0703061632368072
Starting epoch 66
25300 0.016725219846562247
25400 0.020838423280784387
25500 0.02433053271740307
25600 0.03250735204193562
Starting epoch 67
25700 0.016221808885034113
25800 0.11573059567553635
25900 0.20151499677048945
Starting epoch 68
26000 0.011716060030824166
Checking training accuracy ... 
train accuracy is 0.9987105872871965
Checking validation accuracy ...
val accuracy is  0.8541817888539398
total counted in batch average is 124.97893681043129
Saving checkpoint to /viscam/u/joycj/dvr/film/chckpt_paths/appendix_biased_005_film_moma_attr_ans_cogen_biased_005_78_sampler_t06_26.pt
26100 0.01634845542551787
26200 0.014166419481131898
26300 0.008558433185706888
Starting epoch 69
26400 0.009840046974825484
26500 0.01993377888779441
26600 0.0064526181736818365
26700 0.010936313040536659
Starting epoch 70
26800 0.04889726965213104
26900 0.019409510153110862
27000 0.010614244965717286
Checking training accuracy ... 
train accuracy is 0.9984688224035458
Checking validation accuracy ...
val accuracy is  0.8882167916767482
total counted in batch average is 125.41182364729458
Saving checkpoint to /viscam/u/joycj/dvr/film/chckpt_paths/appendix_biased_005_film_moma_attr_ans_cogen_biased_005_78_sampler_t06_27.pt
27100 0.0316961525146623
Starting epoch 71
27200 0.006649105002965552
27300 0.023112667411639115
27400 0.014731935230309513
27500 0.011483370932985647
Starting epoch 72
27600 0.008163689073018348
27700 0.009417651010692142
27800 0.012579792929824918
27900 0.012593419168256953
Starting epoch 73
28000 0.005804721981164626
Checking training accuracy ... 
train accuracy is 0.9984285282562708
Checking validation accuracy ...
val accuracy is  0.9087023147027986
total counted in batch average is 125.69909729187563
Saving checkpoint to /viscam/u/joycj/dvr/film/chckpt_paths/appendix_biased_005_film_moma_attr_ans_cogen_biased_005_78_sampler_t06_28.pt
28100 0.021403117915037635
28200 0.010968842469237024
28300 0.030412399795935626
Starting epoch 74
28400 0.05909686582120065
28500 0.016670912771270297
28600 0.10267595228188058
28700 0.022100535910688626
Starting epoch 75
28800 0.016609477097896393
28900 0.01997338795786977
29000 0.01705736852274232
Checking training accuracy ... 
train accuracy is 0.9993552936435983
Checking validation accuracy ...
val accuracy is  0.8633760787160255
total counted in batch average is 125.08216432865731
Saving checkpoint to /viscam/u/joycj/dvr/film/chckpt_paths/appendix_biased_005_film_moma_attr_ans_cogen_biased_005_78_sampler_t06_29.pt
Starting epoch 76
29200 0.01361654757681548
29300 0.06653855796541373
29400 0.010559032570314758
Starting epoch 77
29500 0.015258947116338515
29600 0.005772526227503785
29700 0.05271596892140785
29800 0.07819113974533422
Starting epoch 78
29900 0.04277652612954817
30000 0.04829918441847722
Checking training accuracy ... 
train accuracy is 0.9972599979852926
Checking validation accuracy ...
val accuracy is  0.8632954270505686
total counted in batch average is 125.0692076228686
Saving checkpoint to /viscam/u/joycj/dvr/film/chckpt_paths/appendix_biased_005_film_moma_attr_ans_cogen_biased_005_78_sampler_t06_30.pt
30100 0.009144796129275556
30200 0.027235313348849974
Starting epoch 79
30300 0.023423207055940632
30400 0.023824343235844692
30500 0.008051141035939856
30600 0.008677533148065525
Starting epoch 80
30700 0.125074218754263
30800 0.07813101538748014
30900 0.04289657601124418
31000 0.022471264023454864
Checking training accuracy ... 
train accuracy is 0.9960914677143144
Checking validation accuracy ...
val accuracy is  0.8372449391079926
total counted in batch average is 125.02404809619239
Saving checkpoint to /viscam/u/joycj/dvr/film/chckpt_paths/appendix_biased_005_film_moma_attr_ans_cogen_biased_005_78_sampler_t06_31.pt
Starting epoch 81
31100 0.015517082271331332
31200 0.014036626076506877
31300 0.18130948977469624
31400 0.019169433878022772
Starting epoch 82
31500 0.008699555182663498
31600 0.016060953979635483
31700 0.02876797605859238
31800 0.053527897421486025
Starting epoch 83
31900 0.014128373445364807
32000 0.015535619555643053
Checking training accuracy ... 
train accuracy is 0.9978241160471442
Checking validation accuracy ...
val accuracy is  0.8994273731752561
total counted in batch average is 125.14042126379137
Saving checkpoint to /viscam/u/joycj/dvr/film/chckpt_paths/appendix_biased_005_film_moma_attr_ans_cogen_biased_005_78_sampler_t06_32.pt
32100 0.046654590034600714
32200 0.1524314021045768
Starting epoch 84
32300 0.03596205408054118
32400 0.07105551320976403
32500 0.014213119993136658
Starting epoch 85
32600 0.07535626631556823
32700 0.019056668192051016
32800 0.04515189099475272
32900 0.03989434410086319
Starting epoch 86
33000 0.0672896159531601
Checking training accuracy ... 
train accuracy is 0.9947416137805983
Checking validation accuracy ...
val accuracy is  0.8032905879506412
total counted in batch average is 124.34503510531594
Saving checkpoint to /viscam/u/joycj/dvr/film/chckpt_paths/appendix_biased_005_film_moma_attr_ans_cogen_biased_005_78_sampler_t06_33.pt
33100 0.03511026710965609
33200 0.04454536088507151
33300 0.06296599189364506
Starting epoch 87
33400 0.05651763168882212
33500 0.033146150545790364
33600 0.18830368046001722
33700 0.2883626009417935
Starting epoch 88
33800 0.07357171033564441
33900 0.023784647821556072
34000 0.01565448447217861
Checking training accuracy ... 
train accuracy is 0.9981867633726201
Checking validation accuracy ...
val accuracy is  0.8139366077909509
total counted in batch average is 124.06112224448898
Saving checkpoint to /viscam/u/joycj/dvr/film/chckpt_paths/appendix_biased_005_film_moma_attr_ans_cogen_biased_005_78_sampler_t06_34.pt
34100 0.027512850135009304
Starting epoch 89
34200 0.015911018021354303
34300 0.025171450787082172
34400 0.016456492603734937
34500 0.010811767153587993
Starting epoch 90
34600 0.010730065091379122
34700 0.020621387933201188
34800 0.016801574117651718
34900 0.07116734668140959
Starting epoch 91
35000 1.0163695714809
Checking training accuracy ... 
train accuracy is 0.9502568751888788
Checking validation accuracy ...
val accuracy is  0.7802242116299701
total counted in batch average is 124.11534603811434
Saving checkpoint to /viscam/u/joycj/dvr/film/chckpt_paths/appendix_biased_005_film_moma_attr_ans_cogen_biased_005_78_sampler_t06_35.pt
35100 1.433622121438384
35200 0.23341026772395707
35300 0.09997161154700734
Starting epoch 92
35400 0.057998990677006076
35500 0.03283318040125778
35600 0.04082570273008969
Starting epoch 93
35700 0.20265563912655124
35800 0.05594096290207176
35900 0.017155511780034657
36000 0.04657629672190637
Checking training accuracy ... 
train accuracy is 0.9975219099425808
Checking validation accuracy ...
val accuracy is  0.8325671425114929
total counted in batch average is 121.39078156312625
Saving checkpoint to /viscam/u/joycj/dvr/film/chckpt_paths/appendix_biased_005_film_moma_attr_ans_cogen_biased_005_78_sampler_t06_36.pt
Starting epoch 94
36100 0.013176531094626399
36200 0.029084943281638118
36300 0.018895077196301492
36400 0.01906549124505595
Starting epoch 95
36500 0.015753116967086332
36600 0.020544979890513754
36700 0.068604935050324
36800 0.024164197803004387
Starting epoch 96
36900 0.024196258162851567
37000 0.2125412086837477
Checking training accuracy ... 
train accuracy is 0.9950236728115242
Checking validation accuracy ...
val accuracy is  0.8173239777401403
total counted in batch average is 124.14543630892678
Saving checkpoint to /viscam/u/joycj/dvr/film/chckpt_paths/appendix_biased_005_film_moma_attr_ans_cogen_biased_005_78_sampler_t06_37.pt
37100 0.09243167024376873
37200 0.06149869165309029
Starting epoch 97
37300 0.06897391892780044
37400 0.07556903200671443
37500 0.039452245340565927
37600 0.025449306788128182
Starting epoch 98
37700 0.12434382170223046
37800 0.36863277456629645
37900 0.3568895804422846
38000 0.13766844158380992
Checking training accuracy ... 
train accuracy is 0.991820288103153
Checking validation accuracy ...
val accuracy is  0.7882893781756594
total counted in batch average is 123.37274549098197
Saving checkpoint to /viscam/u/joycj/dvr/film/chckpt_paths/appendix_biased_005_film_moma_attr_ans_cogen_biased_005_78_sampler_t06_38.pt
Starting epoch 99
38100 0.2109770364843962
38200 0.35664807307970475
38300 0.29073011734243664
38400 0.2708202550931833
Starting epoch 100
38500 0.24738855038187466
38600 0.15316872897334177
38700 0.08004872696539067
Starting epoch 101
38900 0.0834829432574648
39000 0.16905861314375215
Checking training accuracy ... 
train accuracy is 0.9844867532990833
Checking validation accuracy ...
val accuracy is  0.7523187353818857
total counted in batch average is 123.04212637913741
Saving checkpoint to /viscam/u/joycj/dvr/film/chckpt_paths/appendix_biased_005_film_moma_attr_ans_cogen_biased_005_78_sampler_t06_39.pt
39100 0.08418501190512587
Starting epoch 102
39200 0.08968154026751066
39300 0.086599568264337
39400 0.023186074443208325
39500 0.02425612595267836
Starting epoch 103
39600 0.033787210495832484
39700 0.03145730615653065
39800 0.04744143824714456
39900 0.20298890704283168
Starting epoch 104
40000 0.1737192167686709
Checking training accuracy ... 
train accuracy is 0.9861791074846379
Checking validation accuracy ...
val accuracy is  0.7609484635857731
total counted in batch average is 123.84252758274825
Saving checkpoint to /viscam/u/joycj/dvr/film/chckpt_paths/appendix_biased_005_film_moma_attr_ans_cogen_biased_005_78_sampler_t06_40.pt
40100 0.08038605270058724
40200 0.1510373708695488
40300 0.17318353498460737
Starting epoch 105
40400 0.026085397043873967
40500 0.02782579159362342
40600 0.037336727195963704
40700 0.024939222520697513
Starting epoch 106
40800 0.05053789819161416
40900 0.027307482434825944
41000 0.03322837425981561
Checking training accuracy ... 
train accuracy is 0.9911554346731137
Checking validation accuracy ...
val accuracy is  0.7812726832809097
total counted in batch average is 123.65531062124248
Saving checkpoint to /viscam/u/joycj/dvr/film/chckpt_paths/appendix_biased_005_film_moma_attr_ans_cogen_biased_005_78_sampler_t06_41.pt
41100 0.06717578466317718
Starting epoch 107
41200 0.025756508916629173
41300 0.07125049907183438
41400 0.05396710675333452
41500 0.1362350771349179
Starting epoch 108
41600 0.03779909184073858
41700 0.02692326766096812
41800 0.029380787122718174
41900 0.07361551119363184
Starting epoch 109
42000 0.022884583100986903
Checking training accuracy ... 
train accuracy is 0.9931097008159565
Checking validation accuracy ...
val accuracy is  0.7832889749173321
total counted in batch average is 124.15646940822468
Saving checkpoint to /viscam/u/joycj/dvr/film/chckpt_paths/appendix_biased_005_film_moma_attr_ans_cogen_biased_005_78_sampler_t06_42.pt
42100 0.04795256127297989
42200 0.02790656962221192
Starting epoch 110
42300 0.022352552564928487
42400 0.017132740239630947
42500 0.014977428665188199
42600 0.024680320457100606
Starting epoch 111
42700 0.018329405760287045
42800 0.016147232125279062
42900 0.022955260822520245
43000 0.014537684286740316
Checking training accuracy ... 
train accuracy is 0.9958497028306639
Checking validation accuracy ...
val accuracy is  0.7924026131139608
total counted in batch average is 124.96492985971943
Saving checkpoint to /viscam/u/joycj/dvr/film/chckpt_paths/appendix_biased_005_film_moma_attr_ans_cogen_biased_005_78_sampler_t06_43.pt
Starting epoch 112
43100 0.01912650946395388
43200 0.008799807739075263
43300 0.025239219248500148
43400 0.010322529663583282
Starting epoch 113
43500 0.02058212934055746
43600 0.03573394427028063
43700 0.05487555927192716
43800 0.10230320394960359
Starting epoch 114
43900 0.040028772012224746
44000 0.09381251341902612
Checking training accuracy ... 
train accuracy is 0.9968167623652664
Checking validation accuracy ...
val accuracy is  0.7790950883135737
total counted in batch average is 124.8926780341023
Saving checkpoint to /viscam/u/joycj/dvr/film/chckpt_paths/appendix_biased_005_film_moma_attr_ans_cogen_biased_005_78_sampler_t06_44.pt
44100 0.08805607943590303
44200 0.0259981543764934
Starting epoch 115
44300 0.037335708440546116
44400 0.09904771126509786
44500 0.03204532957451463
44600 0.04078640444683004
Starting epoch 116
44700 0.058881343146013024
44800 0.26154812021472024
44900 0.5253245155594777
45000 0.5889808114198968
Checking training accuracy ... 
train accuracy is 0.948080991236023
Checking validation accuracy ...
val accuracy is  0.7107024760061296
total counted in batch average is 124.00400801603206
Saving checkpoint to /viscam/u/joycj/dvr/film/chckpt_paths/appendix_biased_005_film_moma_attr_ans_cogen_biased_005_78_sampler_t06_45.pt
Starting epoch 117
45100 0.18453731121517195
45200 0.03345045981914154
45300 0.04514574613953073
Starting epoch 118
45400 0.06605518992319048
45500 0.060438488184372544
45600 0.04424002050598574
45700 0.04666978450728038
Starting epoch 119
45800 0.024443504842420225
45900 0.20851006751953718
46000 0.36555798929941374
Checking training accuracy ... 
train accuracy is 0.966878210939861
Checking validation accuracy ...
val accuracy is  0.7828857165900476
total counted in batch average is 123.51454363089267
Saving checkpoint to /viscam/u/joycj/dvr/film/chckpt_paths/appendix_biased_005_film_moma_attr_ans_cogen_biased_005_78_sampler_t06_46.pt
46100 0.36443394588059164
Starting epoch 120
46200 0.03815504347782735
46300 0.06666522197098403
46400 0.14898741990257577
46500 0.20103120454388773
Starting epoch 121
46600 0.025255116665547347
46700 0.04291991594738647
46800 0.09397709560545764
46900 0.04840755427651118
Starting epoch 122
47000 0.024322476594172998
Checking training accuracy ... 
train accuracy is 0.9945401430442228
Checking validation accuracy ...
val accuracy is  0.7536091620291959
total counted in batch average is 123.87562688064193
Saving checkpoint to /viscam/u/joycj/dvr/film/chckpt_paths/appendix_biased_005_film_moma_attr_ans_cogen_biased_005_78_sampler_t06_47.pt
47100 0.09560387368725173
47200 0.024817167212847834
47300 0.29936433316990585
Starting epoch 123
47400 0.06622126780805047
47500 0.024711879827136726
47600 0.0242741749033803
47700 0.057098337295751665
Starting epoch 124
47800 0.031890299867259275
47900 0.03939314094635847
48000 0.11353598744201009
Checking training accuracy ... 
train accuracy is 0.985675430643699
Checking validation accuracy ...
val accuracy is  0.77659488668441
total counted in batch average is 124.90881763527054
Saving checkpoint to /viscam/u/joycj/dvr/film/chckpt_paths/appendix_biased_005_film_moma_attr_ans_cogen_biased_005_78_sampler_t06_48.pt
48100 0.041948405333532716
Starting epoch 125
48200 0.11163324478580762
48300 0.17536156558060612
48400 0.3607585864649445
Starting epoch 126
48600 0.3220606954467439
48700 0.035361775347919316
48800 0.06398532719751529
Starting epoch 127
48900 0.03070948100732494
49000 0.03701933929773986
Checking training accuracy ... 
train accuracy is 0.9913569054094893
Checking validation accuracy ...
val accuracy is  0.755786756996532
total counted in batch average is 123.66098294884654
Saving checkpoint to /viscam/u/joycj/dvr/film/chckpt_paths/appendix_biased_005_film_moma_attr_ans_cogen_biased_005_78_sampler_t06_49.pt
49100 0.1747369390079257
49200 0.10193160392482241
Starting epoch 128
49300 0.11285482306877384
49400 0.11600609046439786
49500 0.03972614429636451
49600 0.22608218980814854
Starting epoch 129
49700 0.2107819916929293
49800 0.4912791250599548
49900 0.07644508136843797
50000 0.068081015185453
Checking training accuracy ... 
train accuracy is 0.9851113125818475
Checking validation accuracy ...
val accuracy is  0.7724816517461086
total counted in batch average is 123.2625250501002
Saving checkpoint to /viscam/u/joycj/dvr/film/chckpt_paths/appendix_biased_005_film_moma_attr_ans_cogen_biased_005_78_sampler_t06_50.pt
Starting epoch 130
50100 0.23813619281165302
50200 0.09019893111675628
50300 0.10473344095575157
50400 0.07999272488035786
Starting epoch 131
50500 0.09459144376760378
50600 0.03657368167298955
50700 0.060187419672583925
50800 0.07330940838535753
Starting epoch 132
50900 0.11460505015274976
51000 0.03258001257381693
Checking training accuracy ... 
train accuracy is 0.9948826432960612
Checking validation accuracy ...
val accuracy is  0.798209533026857
total counted in batch average is 123.90471414242728
Saving checkpoint to /viscam/u/joycj/dvr/film/chckpt_paths/appendix_biased_005_film_moma_attr_ans_cogen_biased_005_78_sampler_t06_51.pt
51100 0.09389803156154812
51200 0.06572206866403577
Starting epoch 133
51300 0.06551926004629421
51400 0.15842256140364042
51500 0.04498656715175457
51600 0.023457624263865
Starting epoch 134
51700 0.40002611054922455
51800 0.18313952493073885
51900 0.41537779017351567
Starting epoch 135
52000 0.18196935453946936
Checking training accuracy ... 
train accuracy is 0.9884557268056815
Checking validation accuracy ...
val accuracy is  0.7501411404145496
total counted in batch average is 123.5295887662989
Saving checkpoint to /viscam/u/joycj/dvr/film/chckpt_paths/appendix_biased_005_film_moma_attr_ans_cogen_biased_005_78_sampler_t06_52.pt
52100 0.05902893733044039
52200 0.13054002658835087
52300 0.04768806300868164
Starting epoch 136
52400 0.016115949322629605
52500 0.02022620530471613
52600 0.033801679305324794
52700 0.02010970303746035
Starting epoch 137
52800 0.015468162840870719
52900 0.02825927450049676
53000 0.014094442189461915
Checking training accuracy ... 
train accuracy is 0.9962727913770525
Checking validation accuracy ...
val accuracy is  0.7577223969674973
total counted in batch average is 124.35470941883767
Saving checkpoint to /viscam/u/joycj/dvr/film/chckpt_paths/appendix_biased_005_film_moma_attr_ans_cogen_biased_005_78_sampler_t06_53.pt
53100 0.015751208038491313
Starting epoch 138
53200 0.006028203927317008
53300 0.008636197903788343
53400 0.008437159405102647
53500 0.013829925769778128
Starting epoch 139
53600 0.011369482639311172
53700 0.024577378431722537
53800 0.11505278497831568
53900 0.08578093040236354
Starting epoch 140
54000 0.0998658747560512
Checking training accuracy ... 
train accuracy is 0.9942379369396596
Checking validation accuracy ...
val accuracy is  0.7609484635857731
total counted in batch average is 125.39317953861585
Saving checkpoint to /viscam/u/joycj/dvr/film/chckpt_paths/appendix_biased_005_film_moma_attr_ans_cogen_biased_005_78_sampler_t06_54.pt
54100 0.03705498653626819
54200 0.013237672205452782
54300 0.04080958268527866
Starting epoch 141
54400 0.014121325647261073
54500 0.022783688013096253
54600 0.009587431972113336
54700 0.010036941509641793
Starting epoch 142
54800 0.015644841535747675
54900 0.01098011781774403
55000 0.010848326876293867
Checking training accuracy ... 
train accuracy is 0.9864208723682885
Checking validation accuracy ...
val accuracy is  0.7449794338253085
total counted in batch average is 125.54208416833667
Saving checkpoint to /viscam/u/joycj/dvr/film/chckpt_paths/appendix_biased_005_film_moma_attr_ans_cogen_biased_005_78_sampler_t06_55.pt
Starting epoch 143
55100 0.0267915205410452
55200 0.04753718453332567
55300 0.020975610675078825
55400 0.05552637994129327
Starting epoch 144
55500 0.041687327146646566
55600 0.015092665740371557
55700 0.012610362151951904
55800 0.007173367538043749
Starting epoch 145
55900 0.1287525699291291
56000 0.030129223169351464
Checking training accuracy ... 
train accuracy is 0.9918807293240657
Checking validation accuracy ...
val accuracy is  0.7583676102911525
total counted in batch average is 125.76730190571715
Saving checkpoint to /viscam/u/joycj/dvr/film/chckpt_paths/appendix_biased_005_film_moma_attr_ans_cogen_biased_005_78_sampler_t06_56.pt
56100 0.019855021469866188
56200 0.017569526269071503
Starting epoch 146
56300 0.020679754967532063
56400 0.024595905566930015
56500 0.01668819645870826
56600 0.014072864511126682
Starting epoch 147
56700 0.009874006225750236
56800 0.016524153643867976
56900 0.007067019034818714
57000 0.013131242024319362
Checking training accuracy ... 
train accuracy is 0.9969779389543669
Checking validation accuracy ...
val accuracy is  0.7637712718767643
total counted in batch average is 126.25951903807615
Saving checkpoint to /viscam/u/joycj/dvr/film/chckpt_paths/appendix_biased_005_film_moma_attr_ans_cogen_biased_005_78_sampler_t06_57.pt
Starting epoch 148
57100 0.07143094524850312
57200 0.011044190924744299
57300 0.010835726106895436
57400 0.026232686095145254
Starting epoch 149
57500 0.010623626924652853
57600 0.014741650919308995
57700 0.01811183648268752
57800 0.18725456133204715
Starting epoch 150
57900 0.21697433028992236
58000 0.7733153742383001
Checking training accuracy ... 
train accuracy is 0.9675027702226252
Checking validation accuracy ...
val accuracy is  0.7521574320509719
total counted in batch average is 125.03009027081244
Saving checkpoint to /viscam/u/joycj/dvr/film/chckpt_paths/appendix_biased_005_film_moma_attr_ans_cogen_biased_005_78_sampler_t06_58.pt
58100 0.26408236954928727
Starting epoch 151
58300 0.22286591084015528
58400 0.08630661549608704
58500 0.04532370177274061
Starting epoch 152
58600 0.07195334385122465
58700 0.06342226467531872
58800 0.03633306475385325
58900 0.04375908454456294
Starting epoch 153
59000 0.052523078687049744
Checking training accuracy ... 
train accuracy is 0.9917598468822404
Checking validation accuracy ...
val accuracy is  0.773691426727962
total counted in batch average is 123.1925777331996
Saving checkpoint to /viscam/u/joycj/dvr/film/chckpt_paths/appendix_biased_005_film_moma_attr_ans_cogen_biased_005_78_sampler_t06_59.pt
59100 0.04738842136011954
59200 0.03635467856773175
59300 0.04681705424489337
Starting epoch 154
59400 0.17704356362461113
59500 0.06483800229019834
59600 0.10639346894793561
59700 0.06382479385269108
Starting epoch 155
59800 0.02767681242839899
59900 0.04041717753920238
60000 0.023848682600510075
Checking training accuracy ... 
train accuracy is 0.9926060239750176
Checking validation accuracy ...
val accuracy is  0.7705460117751431
total counted in batch average is 125.09218436873748
Saving checkpoint to /viscam/u/joycj/dvr/film/chckpt_paths/appendix_biased_005_film_moma_attr_ans_cogen_biased_005_78_sampler_t06_60.pt
60100 0.08873928195796907
Starting epoch 156
60200 0.18414381211274303
60300 0.39338891178602353
60400 0.12793014524329918
60500 0.3313587500504218
Starting epoch 157
60600 0.44081470679171614
60700 0.2480948316177819
60800 0.11362965905747842
60900 0.3850483798078494
Starting epoch 158
61000 0.2026465499290498
Checking training accuracy ... 
train accuracy is 0.9889996977938954
Checking validation accuracy ...
val accuracy is  0.7521574320509719
total counted in batch average is 122.88064192577733
Saving checkpoint to /viscam/u/joycj/dvr/film/chckpt_paths/appendix_biased_005_film_moma_attr_ans_cogen_biased_005_78_sampler_t06_61.pt
61100 0.09920611770590768
61200 0.06185781884298194
61300 0.13871877340694483
Starting epoch 159
61400 0.14981743702170205
61500 0.12446098218555562
61600 0.06593130176370324
Starting epoch 160
61700 0.1293023194372654
61800 0.2315642827213742
61900 0.042564574310963506
62000 0.028310524046537465
Checking training accuracy ... 
train accuracy is 0.9881938148483933
Checking validation accuracy ...
val accuracy is  0.7774820550044358
total counted in batch average is 125.01503006012024
Saving checkpoint to /viscam/u/joycj/dvr/film/chckpt_paths/appendix_biased_005_film_moma_attr_ans_cogen_biased_005_78_sampler_t06_62.pt
Starting epoch 161
62100 0.032333784856746206
62200 0.02976978055376094
62300 0.050734300093899946
62400 0.028961488717468457
Starting epoch 162
62500 0.039248565316665915
62600 0.044798306802622395
62700 0.17049618821565674
62800 0.2890236638757051
Starting epoch 163
62900 0.10589580342297268
63000 0.09571928047247638
Checking training accuracy ... 
train accuracy is 0.9911352875994762
Checking validation accuracy ...
val accuracy is  0.7790144366481168
total counted in batch average is 125.82948846539618
Saving checkpoint to /viscam/u/joycj/dvr/film/chckpt_paths/appendix_biased_005_film_moma_attr_ans_cogen_biased_005_78_sampler_t06_63.pt
63100 0.06615865538973593
63200 0.031120307366909402
Starting epoch 164
63300 0.48574334806020486
63400 0.0819975156604778
63500 0.32542906772810964
63600 0.10237088859546929
Starting epoch 165
63700 0.45214360163547096
63800 0.4025283040385693
63900 0.18375437299604527
64000 0.19388411780819298
Checking training accuracy ... 
train accuracy is 0.9768711594640879
Checking validation accuracy ...
val accuracy is  0.7801435599645132
total counted in batch average is 122.55711422845691
Saving checkpoint to /viscam/u/joycj/dvr/film/chckpt_paths/appendix_biased_005_film_moma_attr_ans_cogen_biased_005_78_sampler_t06_64.pt
Starting epoch 166
64100 0.4439913433720358
64200 0.1850570341796265
64300 0.2765909693867434
64400 0.1343682197970338
Starting epoch 167
64500 0.2712307907268405
64600 0.18349292952101678
64700 0.2568655724171549
Starting epoch 168
64800 0.4219633419951424
64900 0.32376336834393443
65000 0.21835267355665564
Checking training accuracy ... 
train accuracy is 0.9709277727410094
Checking validation accuracy ...
val accuracy is  0.7584482619566094
total counted in batch average is 122.27081243731193
Saving checkpoint to /viscam/u/joycj/dvr/film/chckpt_paths/appendix_biased_005_film_moma_attr_ans_cogen_biased_005_78_sampler_t06_65.pt
65100 0.2229551277915016
Starting epoch 169
65200 0.1242421910027042
65300 0.11615033883601428
65400 0.17352650394663216
65500 0.13360898341052235
Starting epoch 170
65600 0.11621016510296613
65700 0.3798652866668999
65800 0.20226666651898995
65900 0.1813181011006236
Starting epoch 171
66000 0.13256978761637583
Checking training accuracy ... 
train accuracy is 0.9738893925657298
Checking validation accuracy ...
val accuracy is  0.7558674086619889
total counted in batch average is 122.02808425275828
Saving checkpoint to /viscam/u/joycj/dvr/film/chckpt_paths/appendix_biased_005_film_moma_attr_ans_cogen_biased_005_78_sampler_t06_66.pt
66100 0.047600375025067476
66200 0.07561438551289029
66300 0.1379053039615974
Starting epoch 172
66400 0.18825981170753947
66500 0.08816037680313457
66600 0.041766528215957804
66700 0.12358585972513537
Starting epoch 173
66800 0.09645967466640286
66900 0.06566323185164948
67000 0.03579711965569004
Checking training accuracy ... 
train accuracy is 0.9877304321547296
Checking validation accuracy ...
val accuracy is  0.7653843051859021
total counted in batch average is 123.77254509018036
Saving checkpoint to /viscam/u/joycj/dvr/film/chckpt_paths/appendix_biased_005_film_moma_attr_ans_cogen_biased_005_78_sampler_t06_67.pt
67100 0.13597150939691346
Starting epoch 174
67200 0.21757370745530352
67300 0.08456098267633934
67400 0.09935922803735593
67500 0.07640687805804192
Starting epoch 175
67600 0.05932256501822849
67700 0.03508676508499775
67800 0.05338687780269538
Starting epoch 176
68000 0.037426011584466325
Checking training accuracy ... 
train accuracy is 0.9961922030825022
Checking validation accuracy ...
val accuracy is  0.7794983466408582
total counted in batch average is 124.92176529588767
Saving checkpoint to /viscam/u/joycj/dvr/film/chckpt_paths/appendix_biased_005_film_moma_attr_ans_cogen_biased_005_78_sampler_t06_68.pt
68100 0.06020115910941968
68200 0.15919066786926123
Starting epoch 177
68300 0.16745926494637386
68400 0.11191769580065739
68500 0.24680952012073248
68600 0.2680918844603002
Starting epoch 178
68700 0.19716530847363173
68800 0.09212601271341554
68900 0.17241420428981655
69000 0.47868642313405874
Checking training accuracy ... 
train accuracy is 0.9829555757026291
Checking validation accuracy ...
val accuracy is  0.8086942495362529
total counted in batch average is 121.16032064128257
Saving checkpoint to /viscam/u/joycj/dvr/film/chckpt_paths/appendix_biased_005_film_moma_attr_ans_cogen_biased_005_78_sampler_t06_69.pt
Starting epoch 179
69100 0.07419976435718127
69200 0.07019195002503693
69300 0.05238810578011908
69400 0.12334368069277843
Starting epoch 180
69500 0.04793127083554282
69600 0.02787175313780608
69700 0.10457285451157076
69800 0.04287446113070473
Starting epoch 181
69900 0.031961848155624466
70000 0.029343096670709203
Checking training accuracy ... 
train accuracy is 0.9928477888586683
Checking validation accuracy ...
val accuracy is  0.8055488345834342
total counted in batch average is 124.69207622868606
Saving checkpoint to /viscam/u/joycj/dvr/film/chckpt_paths/appendix_biased_005_film_moma_attr_ans_cogen_biased_005_78_sampler_t06_70.pt
70100 0.059107172650110444
70200 0.03708749687000818
Starting epoch 182
70300 0.054191235391772355
70400 0.05233845747774467
70500 0.027451496100475196
70600 0.2255354958458338
Starting epoch 183
70700 0.06328245140466607
70800 0.3253216286120005
70900 0.05551510185876395
71000 0.034640861813677475
Checking training accuracy ... 
train accuracy is 0.9907726402740002
Checking validation accuracy ...
val accuracy is  0.7807887732881684
total counted in batch average is 125.29158316633267
Saving checkpoint to /viscam/u/joycj/dvr/film/chckpt_paths/appendix_biased_005_film_moma_attr_ans_cogen_biased_005_78_sampler_t06_71.pt
Starting epoch 184
71100 0.03957989988499321
71200 0.14806849876535125
71300 0.1455291328788735
Starting epoch 185
71400 0.21476190571440384
71500 0.10576820345420856
71600 0.2782665492984233
71700 0.13308659623842686
Starting epoch 186
71800 0.15866452372516504
71900 0.19532875035190955
72000 0.10310368468984961
Checking training accuracy ... 
train accuracy is 0.989060139014808
Checking validation accuracy ...
val accuracy is  0.7913541414630212
total counted in batch average is 123.07422266800401
Saving checkpoint to /viscam/u/joycj/dvr/film/chckpt_paths/appendix_biased_005_film_moma_attr_ans_cogen_biased_005_78_sampler_t06_72.pt
72100 0.14888071827124805
Starting epoch 187
72200 0.15204787141876294
72300 0.34073868501582183
72400 0.1584899497916922
72500 0.2040506820427254
Starting epoch 188
72600 0.06637491645058617
72700 0.24258951171301305
72800 0.2319335368508473
72900 0.3118544416176155
Starting epoch 189
73000 0.2036317030293867
Checking training accuracy ... 
train accuracy is 0.9075652261509016
Checking validation accuracy ...
val accuracy is  0.7544963303492217
total counted in batch average is 124.1384152457372
Saving checkpoint to /viscam/u/joycj/dvr/film/chckpt_paths/appendix_biased_005_film_moma_attr_ans_cogen_biased_005_78_sampler_t06_73.pt
73100 0.15179116442333906
73200 0.08892836509039626
73300 0.10964953258167952
Starting epoch 190
73400 0.06722433882299811
73500 0.1293822105738218
73600 0.11680469276732765
73700 0.0983308213017881
Starting epoch 191
73800 0.11254551480407826
73900 0.1059334810602013
74000 0.07235436392365954
Checking training accuracy ... 
train accuracy is 0.9915180819985897
Checking validation accuracy ...
val accuracy is  0.8068392612307445
total counted in batch average is 124.66032064128257
Saving checkpoint to /viscam/u/joycj/dvr/film/chckpt_paths/appendix_biased_005_film_moma_attr_ans_cogen_biased_005_78_sampler_t06_74.pt
74100 0.10585296292905695
Starting epoch 192
74200 0.05370971266063861
74300 0.13953682293154998
74400 0.030998151060484817
Starting epoch 193
74500 0.06334658891631989
74600 0.03751046667224728
74700 0.04831298370932927
74800 0.0606530405531521
Starting epoch 194
74900 0.05301602671854198
75000 0.03827148194774054
Checking training accuracy ... 
train accuracy is 0.9697390953963937
Checking validation accuracy ...
val accuracy is  0.7787724816517461
total counted in batch average is 125.21965897693079
Saving checkpoint to /viscam/u/joycj/dvr/film/chckpt_paths/appendix_biased_005_film_moma_attr_ans_cogen_biased_005_78_sampler_t06_75.pt
75100 0.33612521149683744
75200 0.2462908487394452
Starting epoch 195
75300 0.08548142118845135
75400 0.0868450478464365
75500 0.1530221276730299
75600 0.08506808844860643
Starting epoch 196
75700 0.06860893639270216
75800 0.04456261987215839
75900 0.07134017696138471
76000 0.08737926282716217
Checking training accuracy ... 
train accuracy is 0.866203283973003
Checking validation accuracy ...
val accuracy is  0.6969110412130011
total counted in batch average is 123.31563126252505
Saving checkpoint to /viscam/u/joycj/dvr/film/chckpt_paths/appendix_biased_005_film_moma_attr_ans_cogen_biased_005_78_sampler_t06_76.pt
Starting epoch 197
76100 0.043937894877162764
76200 0.055472212483873594
76300 0.051104088691063226
76400 0.048913756385445595
Starting epoch 198
76500 0.06393741361564026
76600 0.493142223895411
76700 0.07343937527257367
76800 0.22387961217813426
Starting epoch 199
76900 0.06463555365644424
77000 0.13542090233124326
Checking training accuracy ... 
train accuracy is 0.9932708774050569
Checking validation accuracy ...
val accuracy is  0.7686103718041778
total counted in batch average is 121.36208625877633
Saving checkpoint to /viscam/u/joycj/dvr/film/chckpt_paths/appendix_biased_005_film_moma_attr_ans_cogen_biased_005_78_sampler_t06_77.pt
77100 0.07619683854252798
77200 0.0530516983252528
Starting epoch 200
77300 0.38022442612069424
77400 0.21741488773979653
77500 0.11686443094253264
Starting epoch 201
77700 0.18693130406381442
77800 0.12041324299036205
77900 0.17846544796717353
Starting epoch 202
78000 0.11113770990748889
Checking training accuracy ... 
train accuracy is 0.9857157247909741
Checking validation accuracy ...
val accuracy is  0.7441729171707395
total counted in batch average is 124.06820461384153
Saving checkpoint to /viscam/u/joycj/dvr/film/chckpt_paths/appendix_biased_005_film_moma_attr_ans_cogen_biased_005_78_sampler_t06_78.pt
78100 0.10712021208251826
78200 0.21390826105140148
78300 0.24382913966619527
Starting epoch 203
78400 0.06258988212506665
78500 0.11603267637488898
78600 0.12660743032523897
78700 0.08434802771167597
Starting epoch 204
78800 0.29837326337932607
78900 0.3411578818759881
79000 0.08402201835269807
Checking training accuracy ... 
train accuracy is 0.9882744031429435
Checking validation accuracy ...
val accuracy is  0.7822405032663925
total counted in batch average is 124.03607214428858
Saving checkpoint to /viscam/u/joycj/dvr/film/chckpt_paths/appendix_biased_005_film_moma_attr_ans_cogen_biased_005_78_sampler_t06_79.pt
79100 0.40911801771842876
Starting epoch 205
79200 0.1727109354600543
79300 0.15319837362883845
79400 0.17399571034417022
79500 0.22199943867046387
Starting epoch 206
79600 0.05690640605331282
79700 0.03846597474155715
79800 0.03535415322723565
79900 0.04528669007748249
Starting epoch 207
80000 0.029296770745058893
Checking training accuracy ... 
train accuracy is 0.959242470031228
Checking validation accuracy ...
val accuracy is  0.7669973384950399
total counted in batch average is 123.84653961885657
Saving checkpoint to /viscam/u/joycj/dvr/film/chckpt_paths/appendix_biased_005_film_moma_attr_ans_cogen_biased_005_78_sampler_t06_80.pt
80100 0.010836615951557178
80200 0.01567922581372841
80300 0.02369781263056211
Starting epoch 208
80400 0.01686051658667566
80500 0.03181008390063653
80600 0.03866007463511778
80700 0.04201257563119725
Starting epoch 209
80800 0.019867314300572616
80900 0.0280598704629665
81000 0.0964444548386382
Checking training accuracy ... 
train accuracy is 0.9521305530371713
Checking validation accuracy ...
val accuracy is  0.7620775869021695
total counted in batch average is 124.37274549098197
Saving checkpoint to /viscam/u/joycj/dvr/film/chckpt_paths/appendix_biased_005_film_moma_attr_ans_cogen_biased_005_78_sampler_t06_81.pt
Starting epoch 210
81100 0.02169823888772953
81200 0.06860940311104059
81300 0.08316622973266931
81400 0.04135551717372436
Starting epoch 211
81500 0.048867503214714815
81600 0.04685557956909179
81700 0.053685194992503966
81800 0.03836075069244543
Starting epoch 212
81900 0.13495753868977772
82000 0.0938867146152188
Checking training accuracy ... 
train accuracy is 0.9408683388737786
Checking validation accuracy ...
val accuracy is  0.7658682151786435
total counted in batch average is 124.70912738214643
Saving checkpoint to /viscam/u/joycj/dvr/film/chckpt_paths/appendix_biased_005_film_moma_attr_ans_cogen_biased_005_78_sampler_t06_82.pt
82100 0.05378494997305097
82200 0.020737746346494532
Starting epoch 213
82300 0.08193683877587318
82400 0.06673883571726037
82500 0.03291356711342815
82600 0.07074428787098441
Starting epoch 214
82700 0.07044269511679886
82800 0.1939016026877971
82900 0.10461518604621232
83000 0.07940262823049124
Checking training accuracy ... 
train accuracy is 0.9963332325979651
Checking validation accuracy ...
val accuracy is  0.8215178643438987
total counted in batch average is 118.99398797595191
Saving checkpoint to /viscam/u/joycj/dvr/film/chckpt_paths/appendix_biased_005_film_moma_attr_ans_cogen_biased_005_78_sampler_t06_83.pt
Starting epoch 215
83100 0.12115223817207152
83200 0.07105553268577751
83300 0.045170208298595756
83400 0.11160497211003531
Starting epoch 216
83500 0.037099634744154175
83600 0.09486858903863321
83700 0.07339049050948233
83800 0.03581644324725858
Starting epoch 217
83900 0.09744690215253286
84000 0.028327649879374802
Checking training accuracy ... 
train accuracy is 0.9960914677143144
Checking validation accuracy ...
val accuracy is  0.7966771513831761
total counted in batch average is 122.87562688064193
Saving checkpoint to /viscam/u/joycj/dvr/film/chckpt_paths/appendix_biased_005_film_moma_attr_ans_cogen_biased_005_78_sampler_t06_84.pt
84100 0.02531035363025467
Starting epoch 218
84200 0.12565484526951878
84300 0.12367366306752955
84400 0.023762825102967327
84500 0.0892717911257023
Starting epoch 219
84600 0.045981709785521616
84700 0.06494472183591825
84800 0.06857670312104347
84900 0.08048087258939632
Starting epoch 220
85000 0.0931855986824121
Checking training accuracy ... 
train accuracy is 0.9941372015714718
Checking validation accuracy ...
val accuracy is  0.7854665698846681
total counted in batch average is 123.13540621865597
Saving checkpoint to /viscam/u/joycj/dvr/film/chckpt_paths/appendix_biased_005_film_moma_attr_ans_cogen_biased_005_78_sampler_t06_85.pt
85100 0.0556528586870445
85200 0.4185663934762124
85300 0.05498288230506205
Starting epoch 221
85400 0.05629442310084414
85500 0.028160634243648702
85600 0.04225475934933001
85700 0.15727663663408747
Starting epoch 222
85800 0.15925119245861424
85900 0.034292969041580364
86000 0.04044361053338434
Checking training accuracy ... 
train accuracy is 0.9844464591518082
Checking validation accuracy ...
val accuracy is  0.7826437615936769
total counted in batch average is 123.18537074148297
Saving checkpoint to /viscam/u/joycj/dvr/film/chckpt_paths/appendix_biased_005_film_moma_attr_ans_cogen_biased_005_78_sampler_t06_86.pt
86100 0.047071390518540285
Starting epoch 223
86200 0.05727390537216706
86300 0.07153218463616212
86400 0.03902431047630671
86500 0.038694143062239165
Starting epoch 224
86600 0.0806755016608804
86700 0.02007027338957414
86800 0.02172022611959619
86900 0.018042569007975545
Starting epoch 225
87000 0.01770073076839253
Checking training accuracy ... 
train accuracy is 0.9793895436687821
Checking validation accuracy ...
val accuracy is  0.7933704330994436
total counted in batch average is 124.74122367101305
Saving checkpoint to /viscam/u/joycj/dvr/film/chckpt_paths/appendix_biased_005_film_moma_attr_ans_cogen_biased_005_78_sampler_t06_87.pt
87100 0.012517610798286114
87200 0.05262392620916216
Starting epoch 226
87400 0.23677742233197932
87500 0.048603311349870636
87600 0.08152444124338216
Starting epoch 227
87700 0.06095760859316215
87800 0.05772402521892218
87900 0.034902827173064
88000 0.01561859011388151
Checking training accuracy ... 
train accuracy is 0.7311373023068399
Checking validation accuracy ...
val accuracy is  0.591983224453585
total counted in batch average is 124.66432865731463
Saving checkpoint to /viscam/u/joycj/dvr/film/chckpt_paths/appendix_biased_005_film_moma_attr_ans_cogen_biased_005_78_sampler_t06_88.pt
Starting epoch 228
88100 0.013767192136438098
88200 0.09532634242263156
88300 0.0551236458378844
88400 0.02863681071496103
Starting epoch 229
88500 0.014877899736166
88600 0.012509911029555952
88700 0.017701941027917202
88800 0.009008156933923601
Starting epoch 230
88900 0.00743148468191066
89000 0.00892461311788793
Checking training accuracy ... 
train accuracy is 0.7429837816057218
Checking validation accuracy ...
val accuracy is  0.590450842809904
total counted in batch average is 126.77632898696088
Saving checkpoint to /viscam/u/joycj/dvr/film/chckpt_paths/appendix_biased_005_film_moma_attr_ans_cogen_biased_005_78_sampler_t06_89.pt
89100 0.011705865420117334
89200 0.026962761742761358
Starting epoch 231
89300 0.014473885495972354
89400 0.011032381665136199
89500 0.010761047832493204
89600 0.011066908356588101
Starting epoch 232
89700 0.006122744093736401
89800 0.007745648991949565
89900 0.007899245781482022
90000 0.01804056058477727
Checking training accuracy ... 
train accuracy is 0.829958698499043
Checking validation accuracy ...
val accuracy is  0.6546495685135898
total counted in batch average is 126.76953907815631
Saving checkpoint to /viscam/u/joycj/dvr/film/chckpt_paths/appendix_biased_005_film_moma_attr_ans_cogen_biased_005_78_sampler_t06_90.pt
Starting epoch 233
90100 0.009530481986621453
90200 0.3584155487913813
90300 0.04343840865865786
90400 0.020554735785044614
Starting epoch 234
90500 0.04179899120174014
90600 0.053986366182944036
90700 0.035153990640974374
Starting epoch 235
90800 0.021657233335863568
90900 0.0784335822283174
91000 0.30044875750551
Checking training accuracy ... 
train accuracy is 0.9597259997985292
Checking validation accuracy ...
val accuracy is  0.7363497056214211
total counted in batch average is 124.28686058174523
Saving checkpoint to /viscam/u/joycj/dvr/film/chckpt_paths/appendix_biased_005_film_moma_attr_ans_cogen_biased_005_78_sampler_t06_91.pt
91100 0.16518401802983135
Starting epoch 236
91200 0.04336424524866743
91300 0.025840610507293603
91400 0.010936901408131234
91500 0.014856936491923989
Starting epoch 237
91600 0.008266776849050075
91700 0.009729388753912644
91800 0.005778354379435769
91900 0.006643628530400747
Starting epoch 238
92000 0.004151499258732656
Checking training accuracy ... 
train accuracy is 0.9581545280548001
Checking validation accuracy ...
val accuracy is  0.7540124203564803
total counted in batch average is 126.05616850551655
Saving checkpoint to /viscam/u/joycj/dvr/film/chckpt_paths/appendix_biased_005_film_moma_attr_ans_cogen_biased_005_78_sampler_t06_92.pt
92100 0.026918433965402073
92200 0.01276931681230053
92300 0.01044584893174033
Starting epoch 239
92400 0.0053451705424049575
92500 0.007282586182595878
92600 0.004177025824687917
92700 0.0035303627796247385
Starting epoch 240
92800 0.0036770091188100197
92900 0.004998389244892678
93000 0.0018011004556319676
Checking training accuracy ... 
train accuracy is 0.990873375642188
Checking validation accuracy ...
val accuracy is  0.7679651584805226
total counted in batch average is 127.59418837675351
Saving checkpoint to /viscam/u/joycj/dvr/film/chckpt_paths/appendix_biased_005_film_moma_attr_ans_cogen_biased_005_78_sampler_t06_93.pt
93100 0.0047525603289045645
Starting epoch 241
93200 0.0025266872433121535
93300 0.0016672938578994945
93400 0.002206451158371863
93500 0.0008535116857015623
Starting epoch 242
93600 0.0008761915048933134
93700 0.0003066800894487187
93800 0.002496737099198043
Starting epoch 243
93900 0.000530763211963361
94000 0.00044958990881923457
Checking training accuracy ... 
train accuracy is 0.9894832275611968
Checking validation accuracy ...
val accuracy is  0.778127268328091
total counted in batch average is 127.97291875626881
Saving checkpoint to /viscam/u/joycj/dvr/film/chckpt_paths/appendix_biased_005_film_moma_attr_ans_cogen_biased_005_78_sampler_t06_94.pt
94100 0.001102344850224881
94200 0.0014436281657447126
Starting epoch 244
94300 0.000814679087090191
94400 0.0006103464723830143
94500 0.0004814759717675088
94600 0.0008302104984289826
Starting epoch 245
94700 0.000298970110292629
94800 0.00018041852270172853
94900 0.0024891124426522637
95000 0.0011993439362596803
Checking training accuracy ... 
train accuracy is 0.9596454115039791
Checking validation accuracy ...
val accuracy is  0.735623840632309
total counted in batch average is 128.0
Saving checkpoint to /viscam/u/joycj/dvr/film/chckpt_paths/appendix_biased_005_film_moma_attr_ans_cogen_biased_005_78_sampler_t06_95.pt
Starting epoch 246
95100 0.005019885455767508
95200 0.001132016172963084
95300 0.002303262399510686
95400 0.0005310652799773763
Starting epoch 247
95500 0.0012298063666383995
95600 0.0009381470990165042
95700 0.0014182442587271282
95800 0.0005167955984128092
Starting epoch 248
95900 0.0008561810452224705
96000 0.0002919122699771748
Checking training accuracy ... 
train accuracy is 0.939901279339176
Checking validation accuracy ...
val accuracy is  0.6835228647471571
total counted in batch average is 127.97793380140422
Saving checkpoint to /viscam/u/joycj/dvr/film/chckpt_paths/appendix_biased_005_film_moma_attr_ans_cogen_biased_005_78_sampler_t06_96.pt
96100 0.004473775119721531
96200 0.04661182973810583
Starting epoch 249
96300 0.047331392321765406
96400 0.2917742649488719
96500 0.07407776371261207
96600 0.0472026985120101
Starting epoch 250
96700 0.10400648351554992
96800 0.07351121160114417
96900 0.044654403759050186
Starting epoch 251
97100 0.15898370553884889
97200 0.018354748450365152
97300 0.015016354055114789
Starting epoch 252
97400 0.00953639189741807
97500 0.007042082397383638
97600 0.058727720725000834
97700 0.019567882808405556
Starting epoch 253
97800 0.09056326651872951
97900 0.053192205473897046
98000 0.08091729219879198
Checking training accuracy ... 
train accuracy is 0.8017125012591921
Checking validation accuracy ...
val accuracy is  0.6427937736914268
total counted in batch average is 125.29172932330827
Saving checkpoint to /viscam/u/joycj/dvr/film/chckpt_paths/appendix_biased_005_film_moma_attr_ans_cogen_biased_005_78_sampler_t06_98.pt
98100 0.048873041106853636
Starting epoch 254
98200 0.01856305206543766
98300 0.010613455752609297
98400 0.015803144829806114
98500 0.14045693405918427
Starting epoch 255
98600 0.044189970451407136
98700 0.06299589559668675
98800 0.021293099541217088
98900 0.01558764537301613
Starting epoch 256
99000 0.03267402785771992
Checking training accuracy ... 
train accuracy is 0.9250125919210235
Checking validation accuracy ...
val accuracy is  0.7603839019275748
total counted in batch average is 126.71313941825477
Saving checkpoint to /viscam/u/joycj/dvr/film/chckpt_paths/appendix_biased_005_film_moma_attr_ans_cogen_biased_005_78_sampler_t06_99.pt
99100 0.05180803666513384
99200 0.013029583620082122
99300 0.009496291406212548
Starting epoch 257
99400 0.11859743205553969
99500 0.08598353258421412
99600 0.10917810276674572
99700 0.3533581042045262
Starting epoch 258
99800 0.4135743471700698
99900 0.3133956269279588
100000 0.3059892092226073
Checking training accuracy ... 
train accuracy is 0.9850307242872973
Checking validation accuracy ...
val accuracy is  0.8092588111944512
total counted in batch average is 125.23346693386773
Saving checkpoint to /viscam/u/joycj/dvr/film/chckpt_paths/appendix_biased_005_film_moma_attr_ans_cogen_biased_005_78_sampler_t06_100.pt
100100 0.15239680671598763
Starting epoch 259
100200 0.07883198840543627
100300 0.04317479335833923
100400 0.10839865368354368
Starting epoch 260
100500 0.07523491068684962
100600 0.030498177953704728
100700 0.026897048172104407
100800 0.06879796657842235
Starting epoch 261
100900 0.10115994981024415
101000 0.0425758969783783
Checking training accuracy ... 
train accuracy is 0.9727410093683893
Checking validation accuracy ...
val accuracy is  0.7672392934914106
total counted in batch average is 126.6950852557673
Saving checkpoint to /viscam/u/joycj/dvr/film/chckpt_paths/appendix_biased_005_film_moma_attr_ans_cogen_biased_005_78_sampler_t06_101.pt
101100 0.024080675531877205
101200 0.02247039113775827
Starting epoch 262
101300 0.03724184605103801
101400 0.024274636767222545
101500 0.020448528196720873
101600 0.014651013742186478
Starting epoch 263
101700 0.009430589336407138
101800 0.010868265125900507
101900 0.006634890179848299
102000 0.009534709446015768
Checking training accuracy ... 
train accuracy is 0.9879520499647426
Checking validation accuracy ...
val accuracy is  0.7792563916444875
total counted in batch average is 127.36372745490982
Saving checkpoint to /viscam/u/joycj/dvr/film/chckpt_paths/appendix_biased_005_film_moma_attr_ans_cogen_biased_005_78_sampler_t06_102.pt
Starting epoch 264
102100 0.0037480257867900948
102200 0.006784892282776127
102300 0.0055372351176265515
102400 0.005113057650232804
Starting epoch 265
102500 0.0041464182377421825
102600 0.007735830152087147
102700 0.008742471566292806
102800 0.0036699066711298658
Starting epoch 266
102900 0.013766608306686976
103000 0.11262215833248775
Checking training accuracy ... 
train accuracy is 0.9376649541654075
Checking validation accuracy ...
val accuracy is  0.7378820872651021
total counted in batch average is 127.29889669007021
Saving checkpoint to /viscam/u/joycj/dvr/film/chckpt_paths/appendix_biased_005_film_moma_attr_ans_cogen_biased_005_78_sampler_t06_103.pt
103100 0.023839233248691017
103200 0.07376840396726038
Starting epoch 267
103300 0.01991193257174018
103400 0.007152061730348578
103500 0.024310410561429307
Starting epoch 268
103600 0.0064108691111323425
103700 0.005324609642520954
103800 0.005451164893574969
103900 0.0040298603871815435
Starting epoch 269
104000 0.0034685514442026034
Checking training accuracy ... 
train accuracy is 0.9341593633524731
Checking validation accuracy ...
val accuracy is  0.7091700943624486
total counted in batch average is 126.90571715145437
Saving checkpoint to /viscam/u/joycj/dvr/film/chckpt_paths/appendix_biased_005_film_moma_attr_ans_cogen_biased_005_78_sampler_t06_104.pt
104100 0.0029095338619390533
104200 0.0023068509031963914
104300 0.0010040062310326904
Starting epoch 270
104400 0.0011013339893679586
104500 0.0013513085212093756
104600 0.0037618389885233226
104700 0.0012830848096177761
Starting epoch 271
104800 0.0011431857168759051
104900 0.0006627633644916386
105000 0.0007123635421396557
Checking training accuracy ... 
train accuracy is 0.9598468822403546
Checking validation accuracy ...
val accuracy is  0.7625614968949109
total counted in batch average is 127.84368737474949
Saving checkpoint to /viscam/u/joycj/dvr/film/chckpt_paths/appendix_biased_005_film_moma_attr_ans_cogen_biased_005_78_sampler_t06_105.pt
105100 0.0009661690000098133
Starting epoch 272
105200 0.0003923490901661353
105300 0.0012682200180069002
105400 0.0014971323642873813
105500 0.0329639823154298
Starting epoch 273
105600 0.05020566443276039
105700 0.005822412275208535
105800 0.01315741179043698
105900 0.004401588749748271
Starting epoch 274
106000 0.002415428072528698
Checking training accuracy ... 
train accuracy is 0.9148584668076962
Checking validation accuracy ...
val accuracy is  0.7453020404871361
total counted in batch average is 127.47743229689067
Saving checkpoint to /viscam/u/joycj/dvr/film/chckpt_paths/appendix_biased_005_film_moma_attr_ans_cogen_biased_005_78_sampler_t06_106.pt
106100 0.0030987342799926407
106200 0.0005652611961988896
106300 0.0010332324432170026
Starting epoch 275
106400 0.0029027355378150334
106500 0.005340823360670583
106600 0.008453099162175022
Starting epoch 276
106800 0.003575239422702907
106900 0.001819850039503308
107000 0.005366143137212021
Checking training accuracy ... 
train accuracy is 0.8654981363956885
Checking validation accuracy ...
val accuracy is  0.7317525606903783
total counted in batch average is 127.60721442885772
Saving checkpoint to /viscam/u/joycj/dvr/film/chckpt_paths/appendix_biased_005_film_moma_attr_ans_cogen_biased_005_78_sampler_t06_107.pt
Starting epoch 277
107100 0.09642305570472899
107200 0.4513972600269517
107300 0.3952269021730535
107400 0.3562435268866102
Starting epoch 278
107500 0.12900814628083027
107600 0.41183231287053784
107700 0.36336548061692153
107800 0.09647016097325832
Starting epoch 279
107900 0.05251982480527659
108000 0.03218977259979511
Checking training accuracy ... 
train accuracy is 0.9877908733756422
Checking validation accuracy ...
val accuracy is  0.8079683845471409
total counted in batch average is 121.63991975927783
Saving checkpoint to /viscam/u/joycj/dvr/film/chckpt_paths/appendix_biased_005_film_moma_attr_ans_cogen_biased_005_78_sampler_t06_108.pt
108100 0.06856819436774458
108200 0.04082510273166918
Starting epoch 280
108300 0.029400574067985873
108400 0.02942584354153041
108500 0.03145114159657169
108600 0.030295051888770103
Starting epoch 281
