SLURM_JOBID=3789573
SLURM_JOB_NAME=filmreconcontrastive
SLURM_JOB_NODELIST=viscam2
SLURM_NNODES=1
SLURMTMPDIR=
working directory = /viscam/u/joycj/dvr/fin_code/film/fin_scripts/batch_scripts
/viscam/u/joycj/dvr/fin_code/film/vr/models/layers.py:141: UserWarning: nn.init.kaiming_uniform is now deprecated in favor of nn.init.kaiming_uniform_.
  init_params(m.weight)
Will save checkpoints to /viscam/u/joycj/dvr/film/chckpt_paths/appendix_biased_005_film_moma_attr_ans_cogen_biased_005_78_sampler_t00003.pt
Entropy threshold 3e-05
Reading features from /viscam/u/joycj/dvr/final_datasets/cogen_multi_object_biased_005/train/features.h5
Reading questions from  /viscam/u/joycj/dvr/final_datasets/cogen_multi_object_biased_005/questions/train/what_attr_is_the_attr_questions.h5
Reading question data into memory
Reading features from /viscam/u/joycj/dvr/final_datasets/cogen_multi_object/test/features.h5
Reading questions from  /viscam/u/joycj/dvr/final_datasets/cogen_multi_object/questions/test/what_attr_is_the_attr_questions.h5
Reading question data into memory
Loading FiLMGen from /viscam/u/joycj/dvr/film/checkpoint_paths/stage_1_film_moma_attr_ans_cogen_biased_005_78.pt
Here is the conditioning network:
FiLMGen(
  (encoder_embed): Embedding(27, 200)
  (encoder_rnn): GRU(200, 4096, batch_first=True)
  (decoder_linear): Linear(in_features=4096, out_features=1024, bias=True)
)
Loading FiLMReconContrastiveIntermediate from /viscam/u/joycj/dvr/film/checkpoint_paths/stage_1_film_moma_attr_ans_cogen_biased_005_78.pt
Here is the conditioned network:
FiLMedNetReconContrastiveIntermediate(
  (stem): Sequential(
    (0): Conv2d(1026, 128, kernel_size=(3, 3), stride=(1, 1), padding=(1, 1))
    (1): BatchNorm2d(128, eps=1e-05, momentum=0.1, affine=True, track_running_stats=True)
    (2): ReLU(inplace=True)
  )
  (0): FiLMedResBlock(
    (input_proj): Conv2d(130, 128, kernel_size=(1, 1), stride=(1, 1))
    (conv1): Conv2d(128, 128, kernel_size=(3, 3), stride=(1, 1), padding=(1, 1))
    (bn1): BatchNorm2d(128, eps=1e-05, momentum=0.1, affine=False, track_running_stats=True)
    (film): FiLM()
  )
  (1): FiLMedResBlock(
    (input_proj): Conv2d(130, 128, kernel_size=(1, 1), stride=(1, 1))
    (conv1): Conv2d(128, 128, kernel_size=(3, 3), stride=(1, 1), padding=(1, 1))
    (bn1): BatchNorm2d(128, eps=1e-05, momentum=0.1, affine=False, track_running_stats=True)
    (film): FiLM()
  )
  (2): FiLMedResBlock(
    (input_proj): Conv2d(130, 128, kernel_size=(1, 1), stride=(1, 1))
    (conv1): Conv2d(128, 128, kernel_size=(3, 3), stride=(1, 1), padding=(1, 1))
    (bn1): BatchNorm2d(128, eps=1e-05, momentum=0.1, affine=False, track_running_stats=True)
    (film): FiLM()
  )
  (3): FiLMedResBlock(
    (input_proj): Conv2d(130, 128, kernel_size=(1, 1), stride=(1, 1))
    (conv1): Conv2d(128, 128, kernel_size=(3, 3), stride=(1, 1), padding=(1, 1))
    (bn1): BatchNorm2d(128, eps=1e-05, momentum=0.1, affine=False, track_running_stats=True)
    (film): FiLM()
  )
  (bottleneck_classifier): Sequential(
    (0): Conv2d(130, 512, kernel_size=(1, 1), stride=(1, 1))
    (1): BatchNorm2d(512, eps=1e-05, momentum=0.1, affine=True, track_running_stats=True)
    (2): ReLU(inplace=True)
    (3): MaxPool2d(kernel_size=14, stride=14, padding=0, dilation=1, ceil_mode=False)
    (4): Flatten()
    (5): Linear(in_features=512, out_features=1024, bias=True)
    (6): BatchNorm1d(1024, eps=1e-05, momentum=0.1, affine=True, track_running_stats=True)
    (7): ReLU(inplace=True)
    (8): Linear(in_features=1024, out_features=16, bias=True)
  )
  (pred_classifier): Linear(in_features=16, out_features=19, bias=True)
)
train_loader has 49635 samples
val_loader has 12399 samples
real_loader has 2000 samples
/viscam/u/joycj/dvr/final_datasets/cogen_multi_object/test/CLEVR_scenes.json
Starting epoch 1
/viscam/u/joycj/dvr/fin_code/film/fin_scripts/train_sampler.py:398: UserWarning: Implicit dimension choice for softmax has been deprecated. Change the call to include dim=X as an argument.
  p = torch.nn.Softmax()(recon_scores)
100 0.01381710695316542
200 0.013402729409717722
300 0.008691755342697434
Starting epoch 2
400 0.0011902081610696768
500 0.00029063050626064067
600 0.00043496282339219763
700 0.002403841572977399
Starting epoch 3
800 0.008063895253435475
900 0.07048810768108524
1000 0.45833022194638945
Checking training accuracy ... 
/viscam/u/joycj/dvr/fin_code/film/fin_scripts/train_sampler.py:784: UserWarning: volatile was removed and now has no effect. Use `with torch.no_grad():` instead.
  questions_var = Variable(questions.cuda(), volatile=True)
/viscam/u/joycj/dvr/fin_code/film/fin_scripts/train_sampler.py:785: UserWarning: volatile was removed and now has no effect. Use `with torch.no_grad():` instead.
  feats_var = Variable(feats.cuda(), volatile=True)
/viscam/u/joycj/dvr/fin_code/film/fin_scripts/train_sampler.py:786: UserWarning: volatile was removed and now has no effect. Use `with torch.no_grad():` instead.
  answers_var = Variable(feats.cuda(), volatile=True)
train accuracy is 0.3144353782613075
Checking validation accuracy ...
val accuracy is  0.2558270828292604
total counted in batch average is 19.047094188376754
Saving checkpoint to /viscam/u/joycj/dvr/film/chckpt_paths/appendix_biased_005_film_moma_attr_ans_cogen_biased_005_78_sampler_t00003_1.pt
1100 1.3521402822568347
Starting epoch 4
1200 0.12766798190601547
1300 0.07105402923216389
1400 0.04340960089624332
1500 0.022563559690061085
Starting epoch 5
1600 0.016473504586574563
1700 0.0037066964944415305
1800 0.019627593782597614
1900 0.03762532337665561
Starting epoch 6
2000 0.017080234862114595
Checking training accuracy ... 
train accuracy is 0.9961116147879521
Checking validation accuracy ...
val accuracy is  0.8833776917493347
total counted in batch average is 3.8294884653961887
Saving checkpoint to /viscam/u/joycj/dvr/film/chckpt_paths/appendix_biased_005_film_moma_attr_ans_cogen_biased_005_78_sampler_t00003_2.pt
2100 0.018789096757664082
2200 0.007321199515076842
2300 0.018936057716482536
Starting epoch 7
2400 0.008062597752686997
2500 0.003275196970425895
2600 0.00297182663138301
2700 0.00734798381334258
Starting epoch 8
2800 0.0010380852367052286
2900 0.004978584544915066
3000 0.0010588412978540874
Checking training accuracy ... 
train accuracy is 0.9995970585272489
Checking validation accuracy ...
val accuracy is  0.9105573030083072
total counted in batch average is 6.738476953907815
Saving checkpoint to /viscam/u/joycj/dvr/film/chckpt_paths/appendix_biased_005_film_moma_attr_ans_cogen_biased_005_78_sampler_t00003_3.pt
3100 0.002882236304067192
Starting epoch 9
3200 0.0014233112299370987
3300 0.005133937162754592
3400 0.028582286236069194
Starting epoch 10
3500 0.010820755855202152
3600 0.0019529188928572693
3700 0.0013987531814655086
3800 0.002922630930570449
Starting epoch 11
3900 0.004232685707283963
4000 0.004830884680586678
Checking training accuracy ... 
train accuracy is 0.9814445451798126
Checking validation accuracy ...
val accuracy is  0.8982982498588595
total counted in batch average is 9.72617853560682
Saving checkpoint to /viscam/u/joycj/dvr/film/chckpt_paths/appendix_biased_005_film_moma_attr_ans_cogen_biased_005_78_sampler_t00003_4.pt
4100 0.15953601183735827
4200 0.5975674979119049
Starting epoch 12
4300 2.6293784298934044
4400 4.516775603294373
4500 5.888433933258057
4600 5.888433933258057
Starting epoch 13
4700 5.829549593925476
4800 5.888433933258057
4900 5.888433933258057
5000 5.888433933258057
Checking training accuracy ... 
train accuracy is 0.5713911554346731
Checking validation accuracy ...
val accuracy is  0.5054439874183402
total counted in batch average is 0.4729458917835671
Saving checkpoint to /viscam/u/joycj/dvr/film/chckpt_paths/appendix_biased_005_film_moma_attr_ans_cogen_biased_005_78_sampler_t00003_5.pt
Starting epoch 14
5100 0.36126851800829174
5200 0.08946950450539588
5300 0.17711950838565826
5400 0.17711950838565826
Starting epoch 15
5500 0.17534831330180167
5600 0.17711950838565826
5700 0.17711950838565826
5800 0.17711950838565826
Starting epoch 16
5900 0.17534831330180167
6000 0.17711950838565826
Checking training accuracy ... 
train accuracy is 0.512199053087539
Checking validation accuracy ...
val accuracy is  0.4555206065005242
total counted in batch average is 0.0020060180541624875
Saving checkpoint to /viscam/u/joycj/dvr/film/chckpt_paths/appendix_biased_005_film_moma_attr_ans_cogen_biased_005_78_sampler_t00003_6.pt
6100 0.17711950838565826
6200 0.17711950838565826
Starting epoch 17
6300 0.17534831330180167
6400 0.17711950838565826
6500 0.17711950838565826
Starting epoch 18
6600 0.17534831330180167
6700 0.17711950838565826
6800 0.17711950838565826
6900 0.17711950838565826
Starting epoch 19
7000 0.17534831330180167
Checking training accuracy ... 
train accuracy is 0.5152412612068097
Checking validation accuracy ...
val accuracy is  0.4587466731187999
total counted in batch average is 0.0
Saving checkpoint to /viscam/u/joycj/dvr/film/chckpt_paths/appendix_biased_005_film_moma_attr_ans_cogen_biased_005_78_sampler_t00003_7.pt
7100 0.17711950838565826
7200 0.17711950838565826
7300 0.17711950838565826
Starting epoch 20
7400 0.17534831330180167
7500 0.17711950838565826
7600 0.17711950838565826
7700 0.17711950838565826
Starting epoch 21
7800 0.17534831330180167
7900 0.17711950838565826
8000 0.17711950838565826
Checking training accuracy ... 
train accuracy is 0.5185453812833686
Checking validation accuracy ...
val accuracy is  0.4615694814097911
total counted in batch average is 0.0
Saving checkpoint to /viscam/u/joycj/dvr/film/chckpt_paths/appendix_biased_005_film_moma_attr_ans_cogen_biased_005_78_sampler_t00003_8.pt
8100 0.17711950838565826
Starting epoch 22
8200 0.17534831330180167
8300 0.17711950838565826
8400 0.17711950838565826
8500 0.17711950838565826
Starting epoch 23
8600 0.17534831330180167
8700 0.17711950838565826
8800 0.17711950838565826
8900 0.17711950838565826
Starting epoch 24
9000 0.17534831330180167
Checking training accuracy ... 
train accuracy is 0.5178805278533293
Checking validation accuracy ...
val accuracy is  0.4619727397370756
total counted in batch average is 0.0
Saving checkpoint to /viscam/u/joycj/dvr/film/chckpt_paths/appendix_biased_005_film_moma_attr_ans_cogen_biased_005_78_sampler_t00003_9.pt
9100 0.17711950838565826
9200 0.17711950838565826
9300 0.17711950838565826
Starting epoch 25
9400 0.17534831330180167
9500 0.17711950838565826
9600 0.17711950838565826
Starting epoch 26
9800 0.35246782168745994
9900 0.17711950838565826
10000 0.17711950838565826
Checking training accuracy ... 
train accuracy is 0.5146771431449582
Checking validation accuracy ...
val accuracy is  0.4598757964351964
total counted in batch average is 0.0
Saving checkpoint to /viscam/u/joycj/dvr/film/chckpt_paths/appendix_biased_005_film_moma_attr_ans_cogen_biased_005_78_sampler_t00003_10.pt
Starting epoch 27
10100 0.17534831330180167
10200 0.17711950838565826
10300 0.17711950838565826
10400 0.17711950838565826
Starting epoch 28
10500 0.17534831330180167
10600 0.17711950838565826
10700 0.5156859728693962
10800 0.9131335616111755
Starting epoch 29
10900 1.516077379141607
11000 3.1600589418411253
Checking training accuracy ... 
train accuracy is 0.39707867432255467
Checking validation accuracy ...
val accuracy is  0.37470763771271876
total counted in batch average is 0.04914744232698094
Saving checkpoint to /viscam/u/joycj/dvr/film/chckpt_paths/appendix_biased_005_film_moma_attr_ans_cogen_biased_005_78_sampler_t00003_11.pt
11100 3.0035942459106444
11200 3.369788646697998
Starting epoch 30
11300 3.336090760231018
11400 3.369788646697998
11500 3.369788646697998
11600 3.369788646697998
Starting epoch 31
11700 3.336090760231018
11800 3.369788646697998
11900 3.369788646697998
12000 3.369788646697998
Checking training accuracy ... 
train accuracy is 0.415996776468218
Checking validation accuracy ...
val accuracy is  0.41535607710299216
total counted in batch average is 0.001002004008016032
Saving checkpoint to /viscam/u/joycj/dvr/film/chckpt_paths/appendix_biased_005_film_moma_attr_ans_cogen_biased_005_78_sampler_t00003_12.pt
Starting epoch 32
12100 3.336090760231018
12200 3.369788646697998
12300 3.369788646697998
12400 3.369788646697998
Starting epoch 33
12500 3.336090760231018
12600 3.369788646697998
12700 3.369788646697998
12800 3.369788646697998
Starting epoch 34
12900 3.336090760231018
13000 3.369788646697998
Checking training accuracy ... 
train accuracy is 0.41680265941372013
Checking validation accuracy ...
val accuracy is  0.41656585208484553
total counted in batch average is 0.0
Saving checkpoint to /viscam/u/joycj/dvr/film/chckpt_paths/appendix_biased_005_film_moma_attr_ans_cogen_biased_005_78_sampler_t00003_13.pt
13100 3.369788646697998
Starting epoch 35
13200 3.336090760231018
13300 3.369788646697998
13400 3.369788646697998
13500 3.369788646697998
Starting epoch 36
13600 3.336090760231018
13700 3.369788646697998
13800 3.369788646697998
13900 3.369788646697998
Starting epoch 37
14000 3.336090760231018
Checking training accuracy ... 
train accuracy is 0.4147678049763272
Checking validation accuracy ...
val accuracy is  0.4140656504556819
total counted in batch average is 0.0
Saving checkpoint to /viscam/u/joycj/dvr/film/chckpt_paths/appendix_biased_005_film_moma_attr_ans_cogen_biased_005_78_sampler_t00003_14.pt
14100 3.369788646697998
14200 3.369788646697998
14300 3.369788646697998
Starting epoch 38
14400 3.336090760231018
14500 3.369788646697998
14600 3.369788646697998
14700 3.369788646697998
Starting epoch 39
14800 3.336090760231018
14900 3.369788646697998
15000 3.369788646697998
Checking training accuracy ... 
train accuracy is 0.41498942278634027
Checking validation accuracy ...
val accuracy is  0.4160819420921042
total counted in batch average is 0.0
Saving checkpoint to /viscam/u/joycj/dvr/film/chckpt_paths/appendix_biased_005_film_moma_attr_ans_cogen_biased_005_78_sampler_t00003_15.pt
15100 3.369788646697998
Starting epoch 40
15200 3.336090760231018
15300 3.369788646697998
15400 3.369788646697998
15500 3.369788646697998
Starting epoch 41
15600 3.336090760231018
15700 3.369788646697998
15800 3.369788646697998
15900 3.369788646697998
Starting epoch 42
16000 3.336090760231018
Checking training accuracy ... 
train accuracy is 0.41424398106175075
Checking validation accuracy ...
val accuracy is  0.4151947737720784
total counted in batch average is 0.0
Saving checkpoint to /viscam/u/joycj/dvr/film/chckpt_paths/appendix_biased_005_film_moma_attr_ans_cogen_biased_005_78_sampler_t00003_16.pt
16100 3.369788646697998
16200 3.369788646697998
Starting epoch 43
16300 3.336090760231018
16400 3.369788646697998
16500 3.369788646697998
16600 3.369788646697998
Starting epoch 44
16700 3.336090760231018
16800 3.369788646697998
16900 3.369788646697998
17000 3.369788646697998
Checking training accuracy ... 
train accuracy is 0.41583559987911756
Checking validation accuracy ...
val accuracy is  0.4163238970884749
total counted in batch average is 0.0
Saving checkpoint to /viscam/u/joycj/dvr/film/chckpt_paths/appendix_biased_005_film_moma_attr_ans_cogen_biased_005_78_sampler_t00003_17.pt
Starting epoch 45
17100 3.336090760231018
17200 3.369788646697998
17300 3.369788646697998
17400 3.369788646697998
Starting epoch 46
17500 3.336090760231018
17600 3.369788646697998
17700 3.369788646697998
17800 3.369788646697998
Starting epoch 47
17900 3.336090760231018
18000 3.369788646697998
Checking training accuracy ... 
train accuracy is 0.41315603908532283
Checking validation accuracy ...
val accuracy is  0.4142269537865957
total counted in batch average is 0.0
Saving checkpoint to /viscam/u/joycj/dvr/film/chckpt_paths/appendix_biased_005_film_moma_attr_ans_cogen_biased_005_78_sampler_t00003_18.pt
18100 3.369788646697998
18200 3.369788646697998
Starting epoch 48
18300 3.336090760231018
18400 3.369788646697998
18500 3.369788646697998
18600 3.369788646697998
Starting epoch 49
18700 3.336090760231018
18800 3.369788646697998
18900 3.369788646697998
19000 3.369788646697998
Checking training accuracy ... 
train accuracy is 0.4173264833282966
Checking validation accuracy ...
val accuracy is  0.41664650375030243
total counted in batch average is 0.0
Saving checkpoint to /viscam/u/joycj/dvr/film/chckpt_paths/appendix_biased_005_film_moma_attr_ans_cogen_biased_005_78_sampler_t00003_19.pt
Starting epoch 50
19100 3.336090760231018
19200 3.369788646697998
19300 3.369788646697998
Starting epoch 51
19500 6.705879406929016
19600 3.369788646697998
19700 3.369788646697998
Starting epoch 52
19800 3.336090760231018
19900 3.369788646697998
20000 3.369788646697998
Checking training accuracy ... 
train accuracy is 0.41644001208824416
Checking validation accuracy ...
val accuracy is  0.4164045487539318
total counted in batch average is 0.0
Saving checkpoint to /viscam/u/joycj/dvr/film/chckpt_paths/appendix_biased_005_film_moma_attr_ans_cogen_biased_005_78_sampler_t00003_20.pt
20100 3.369788646697998
Starting epoch 53
20200 3.336090760231018
20300 3.369788646697998
20400 3.369788646697998
20500 3.369788646697998
Starting epoch 54
20600 3.336090760231018
20700 3.369788646697998
20800 3.369788646697998
20900 3.369788646697998
Starting epoch 55
21000 3.336090760231018
Checking training accuracy ... 
train accuracy is 0.4135992747053491
Checking validation accuracy ...
val accuracy is  0.41382369545931125
total counted in batch average is 0.0
Saving checkpoint to /viscam/u/joycj/dvr/film/chckpt_paths/appendix_biased_005_film_moma_attr_ans_cogen_biased_005_78_sampler_t00003_21.pt
21100 3.369788646697998
21200 3.369788646697998
21300 3.369788646697998
Starting epoch 56
21400 3.336090760231018
21500 3.369788646697998
21600 3.369788646697998
21700 3.369788646697998
Starting epoch 57
21800 3.336090760231018
21900 3.369788646697998
22000 3.369788646697998
Checking training accuracy ... 
train accuracy is 0.4157348645109298
Checking validation accuracy ...
val accuracy is  0.416243245423018
total counted in batch average is 0.0
Saving checkpoint to /viscam/u/joycj/dvr/film/chckpt_paths/appendix_biased_005_film_moma_attr_ans_cogen_biased_005_78_sampler_t00003_22.pt
22100 3.369788646697998
Starting epoch 58
22200 3.336090760231018
22300 3.369788646697998
22400 3.369788646697998
22500 3.369788646697998
Starting epoch 59
22600 3.336090760231018
22700 3.369788646697998
22800 3.369788646697998
Starting epoch 60
22900 3.336090760231018
23000 3.369788646697998
Checking training accuracy ... 
train accuracy is 0.41380074544172457
Checking validation accuracy ...
val accuracy is  0.413259133801113
total counted in batch average is 0.0
Saving checkpoint to /viscam/u/joycj/dvr/film/chckpt_paths/appendix_biased_005_film_moma_attr_ans_cogen_biased_005_78_sampler_t00003_23.pt
23100 3.369788646697998
23200 3.369788646697998
Starting epoch 61
23300 3.336090760231018
23400 3.369788646697998
23500 3.369788646697998
23600 3.369788646697998
Starting epoch 62
23700 3.336090760231018
23800 3.369788646697998
23900 3.369788646697998
24000 3.369788646697998
Checking training accuracy ... 
train accuracy is 0.4149491286390652
Checking validation accuracy ...
val accuracy is  0.4141463021211388
total counted in batch average is 0.0
Saving checkpoint to /viscam/u/joycj/dvr/film/chckpt_paths/appendix_biased_005_film_moma_attr_ans_cogen_biased_005_78_sampler_t00003_24.pt
Starting epoch 63
24100 3.336090760231018
24200 3.369788646697998
24300 3.369788646697998
24400 3.369788646697998
Starting epoch 64
24500 3.336090760231018
24600 3.369788646697998
24700 3.369788646697998
24800 3.369788646697998
Starting epoch 65
24900 3.336090760231018
25000 3.369788646697998
Checking training accuracy ... 
train accuracy is 0.4144655988717639
Checking validation accuracy ...
val accuracy is  0.4144689087829664
total counted in batch average is 0.0
Saving checkpoint to /viscam/u/joycj/dvr/film/chckpt_paths/appendix_biased_005_film_moma_attr_ans_cogen_biased_005_78_sampler_t00003_25.pt
25100 3.369788646697998
25200 3.369788646697998
Starting epoch 66
25300 3.336090760231018
25400 3.369788646697998
25500 3.369788646697998
25600 3.369788646697998
Starting epoch 67
25700 3.336090760231018
25800 3.369788646697998
25900 3.369788646697998
Starting epoch 68
26000 3.336090760231018
Checking training accuracy ... 
train accuracy is 0.4144655988717639
Checking validation accuracy ...
val accuracy is  0.41527542543753526
total counted in batch average is 0.0
Saving checkpoint to /viscam/u/joycj/dvr/film/chckpt_paths/appendix_biased_005_film_moma_attr_ans_cogen_biased_005_78_sampler_t00003_26.pt
26100 3.369788646697998
26200 3.369788646697998
26300 3.369788646697998
Starting epoch 69
26400 3.336090760231018
26500 3.369788646697998
26600 3.369788646697998
26700 3.369788646697998
Starting epoch 70
26800 3.336090760231018
26900 3.369788646697998
27000 3.369788646697998
Checking training accuracy ... 
train accuracy is 0.41355898055807394
Checking validation accuracy ...
val accuracy is  0.41382369545931125
total counted in batch average is 0.0
Saving checkpoint to /viscam/u/joycj/dvr/film/chckpt_paths/appendix_biased_005_film_moma_attr_ans_cogen_biased_005_78_sampler_t00003_27.pt
27100 3.369788646697998
Starting epoch 71
27200 3.336090760231018
27300 3.369788646697998
27400 3.369788646697998
27500 3.369788646697998
Starting epoch 72
27600 3.336090760231018
27700 3.369788646697998
27800 3.369788646697998
27900 3.369788646697998
Starting epoch 73
28000 3.336090760231018
Checking training accuracy ... 
train accuracy is 0.41329706860078574
Checking validation accuracy ...
val accuracy is  0.4145495604484233
total counted in batch average is 0.0
Saving checkpoint to /viscam/u/joycj/dvr/film/chckpt_paths/appendix_biased_005_film_moma_attr_ans_cogen_biased_005_78_sampler_t00003_28.pt
28100 3.369788646697998
28200 3.369788646697998
28300 3.369788646697998
Starting epoch 74
28400 3.336090760231018
28500 3.369788646697998
28600 3.369788646697998
28700 3.369788646697998
Starting epoch 75
28800 3.336090760231018
28900 3.369788646697998
29000 3.369788646697998
Checking training accuracy ... 
train accuracy is 0.4146267754608643
Checking validation accuracy ...
val accuracy is  0.41382369545931125
total counted in batch average is 0.0
Saving checkpoint to /viscam/u/joycj/dvr/film/chckpt_paths/appendix_biased_005_film_moma_attr_ans_cogen_biased_005_78_sampler_t00003_29.pt
Starting epoch 76
29200 6.705879406929016
29300 3.369788646697998
29400 3.369788646697998
Starting epoch 77
29500 3.336090760231018
29600 3.369788646697998
29700 3.369788646697998
29800 3.369788646697998
Starting epoch 78
29900 3.336090760231018
30000 3.369788646697998
Checking training accuracy ... 
train accuracy is 0.41609751183640575
Checking validation accuracy ...
val accuracy is  0.4159206387611904
total counted in batch average is 0.0
Saving checkpoint to /viscam/u/joycj/dvr/film/chckpt_paths/appendix_biased_005_film_moma_attr_ans_cogen_biased_005_78_sampler_t00003_30.pt
30100 3.369788646697998
30200 3.369788646697998
Starting epoch 79
30300 3.336090760231018
30400 3.369788646697998
30500 3.369788646697998
30600 3.369788646697998
Starting epoch 80
30700 3.336090760231018
30800 3.369788646697998
30900 3.369788646697998
31000 3.369788646697998
Checking training accuracy ... 
train accuracy is 0.41319633323259797
Checking validation accuracy ...
val accuracy is  0.4126945721429148
total counted in batch average is 0.0
Saving checkpoint to /viscam/u/joycj/dvr/film/chckpt_paths/appendix_biased_005_film_moma_attr_ans_cogen_biased_005_78_sampler_t00003_31.pt
Starting epoch 81
31100 3.336090760231018
31200 3.369788646697998
31300 3.369788646697998
31400 3.369788646697998
Starting epoch 82
31500 3.336090760231018
31600 3.369788646697998
31700 3.369788646697998
31800 3.369788646697998
Starting epoch 83
31900 3.336090760231018
32000 3.369788646697998
Checking training accuracy ... 
train accuracy is 0.4155535408481918
Checking validation accuracy ...
val accuracy is  0.416243245423018
total counted in batch average is 0.0
Saving checkpoint to /viscam/u/joycj/dvr/film/chckpt_paths/appendix_biased_005_film_moma_attr_ans_cogen_biased_005_78_sampler_t00003_32.pt
32100 3.369788646697998
32200 3.369788646697998
Starting epoch 84
32300 3.336090760231018
32400 3.369788646697998
32500 3.369788646697998
Starting epoch 85
32600 3.336090760231018
32700 3.369788646697998
32800 3.369788646697998
32900 3.369788646697998
Starting epoch 86
33000 3.336090760231018
Checking training accuracy ... 
train accuracy is 0.4161176589100433
Checking validation accuracy ...
val accuracy is  0.41551738043390596
total counted in batch average is 0.0
Saving checkpoint to /viscam/u/joycj/dvr/film/chckpt_paths/appendix_biased_005_film_moma_attr_ans_cogen_biased_005_78_sampler_t00003_33.pt
33100 2.821569263935089
33200 2.373026132583618
33300 2.373026132583618
Starting epoch 87
33400 2.349295871257782
33500 2.373026132583618
33600 2.373026132583618
33700 2.373026132583618
Starting epoch 88
33800 2.349295871257782
33900 2.373026132583618
34000 2.373026132583618
Checking training accuracy ... 
train accuracy is 0.43711090964037475
Checking validation accuracy ...
val accuracy is  0.44866521493668843
total counted in batch average is 0.001002004008016032
Saving checkpoint to /viscam/u/joycj/dvr/film/chckpt_paths/appendix_biased_005_film_moma_attr_ans_cogen_biased_005_78_sampler_t00003_34.pt
34100 2.373026132583618
Starting epoch 89
34200 2.349295871257782
34300 2.373026132583618
34400 2.373026132583618
34500 2.373026132583618
Starting epoch 90
34600 2.349295871257782
34700 2.373026132583618
34800 2.373026132583618
34900 2.373026132583618
Starting epoch 91
35000 2.349295871257782
Checking training accuracy ... 
train accuracy is 0.43705046841946205
Checking validation accuracy ...
val accuracy is  0.44576175498024034
total counted in batch average is 0.0
Saving checkpoint to /viscam/u/joycj/dvr/film/chckpt_paths/appendix_biased_005_film_moma_attr_ans_cogen_biased_005_78_sampler_t00003_35.pt
35100 2.373026132583618
35200 2.373026132583618
35300 2.373026132583618
Starting epoch 92
35400 2.349295871257782
35500 2.373026132583618
35600 2.373026132583618
Starting epoch 93
35700 2.349295871257782
35800 2.373026132583618
35900 2.373026132583618
36000 2.373026132583618
Checking training accuracy ... 
train accuracy is 0.43686914475672406
Checking validation accuracy ...
val accuracy is  0.44543914831841275
total counted in batch average is 0.0
Saving checkpoint to /viscam/u/joycj/dvr/film/chckpt_paths/appendix_biased_005_film_moma_attr_ans_cogen_biased_005_78_sampler_t00003_36.pt
Starting epoch 94
36100 2.349295871257782
36200 2.373026132583618
36300 2.373026132583618
36400 2.373026132583618
Starting epoch 95
36500 2.349295871257782
36600 2.373026132583618
36700 2.373026132583618
36800 2.373026132583618
Starting epoch 96
36900 2.349295871257782
37000 2.373026132583618
Checking training accuracy ... 
train accuracy is 0.4366878210939861
Checking validation accuracy ...
val accuracy is  0.4443100250020163
total counted in batch average is 0.0
Saving checkpoint to /viscam/u/joycj/dvr/film/chckpt_paths/appendix_biased_005_film_moma_attr_ans_cogen_biased_005_78_sampler_t00003_37.pt
37100 2.373026132583618
37200 2.373026132583618
Starting epoch 97
37300 2.349295871257782
37400 2.373026132583618
37500 2.373026132583618
37600 2.373026132583618
Starting epoch 98
37700 2.349295871257782
37800 2.373026132583618
37900 2.373026132583618
38000 2.373026132583618
Checking training accuracy ... 
train accuracy is 0.43592223229575905
Checking validation accuracy ...
val accuracy is  0.44600370997661104
total counted in batch average is 0.0
Saving checkpoint to /viscam/u/joycj/dvr/film/chckpt_paths/appendix_biased_005_film_moma_attr_ans_cogen_biased_005_78_sampler_t00003_38.pt
Starting epoch 99
38100 2.349295871257782
38200 2.373026132583618
38300 2.373026132583618
38400 2.373026132583618
Starting epoch 100
38500 2.349295871257782
38600 2.373026132583618
38700 2.373026132583618
Starting epoch 101
38900 4.7223220038414
39000 2.373026132583618
Checking training accuracy ... 
train accuracy is 0.4387025284577415
Checking validation accuracy ...
val accuracy is  0.4485039116057747
total counted in batch average is 0.0
Saving checkpoint to /viscam/u/joycj/dvr/film/chckpt_paths/appendix_biased_005_film_moma_attr_ans_cogen_biased_005_78_sampler_t00003_39.pt
39100 2.373026132583618
Starting epoch 102
39200 2.349295871257782
39300 2.9856380581855775
39400 2.822894877940416
39500 0.563934515863657
Starting epoch 103
39600 1.8735962855815886
39700 1.8925215005874634
39800 3.2964240384101866
39900 2.2723841766268014
Starting epoch 104
40000 3.658460397720337
Checking training accuracy ... 
train accuracy is 0.49330109801551325
Checking validation accuracy ...
val accuracy is  0.4874586660214533
total counted in batch average is 0.006018054162487462
Saving checkpoint to /viscam/u/joycj/dvr/film/chckpt_paths/appendix_biased_005_film_moma_attr_ans_cogen_biased_005_78_sampler_t00003_40.pt
40100 3.6954145431518555
40200 3.6954145431518555
40300 3.6954145431518555
Starting epoch 105
40400 3.648324465751648
40500 2.681821346282959
40600 4.535440492630005
40700 5.058256149291992
Starting epoch 106
40800 2.209213092327118
40900 1.4704862833023071
41000 1.4704862833023071
Checking training accuracy ... 
train accuracy is 0.47543064369900273
Checking validation accuracy ...
val accuracy is  0.4570529881442052
total counted in batch average is 0.003006012024048096
Saving checkpoint to /viscam/u/joycj/dvr/film/chckpt_paths/appendix_biased_005_film_moma_attr_ans_cogen_biased_005_78_sampler_t00003_41.pt
41100 0.7034865027666092
Starting epoch 107
41200 0.1465921398997307
41300 0.14807286858558655
41400 0.14807286858558655
41500 0.14807286858558655
Starting epoch 108
41600 0.1465921398997307
41700 0.14807286858558655
41800 0.14807286858558655
41900 0.14807286858558655
Starting epoch 109
42000 0.1465921398997307
Checking training accuracy ... 
train accuracy is 0.4521406265739901
Checking validation accuracy ...
val accuracy is  0.4329381401725946
total counted in batch average is 0.0010030090270812437
Saving checkpoint to /viscam/u/joycj/dvr/film/chckpt_paths/appendix_biased_005_film_moma_attr_ans_cogen_biased_005_78_sampler_t00003_42.pt
42100 0.14807286858558655
42200 0.14807286858558655
Starting epoch 110
42300 0.1465921398997307
42400 0.14807286858558655
42500 0.14807286858558655
42600 0.14807286858558655
Starting epoch 111
42700 0.1465921398997307
42800 0.14807286858558655
42900 0.14807286858558655
43000 0.14807286858558655
Checking training accuracy ... 
train accuracy is 0.45099224337664956
Checking validation accuracy ...
val accuracy is  0.4315670618598274
total counted in batch average is 0.0
Saving checkpoint to /viscam/u/joycj/dvr/film/chckpt_paths/appendix_biased_005_film_moma_attr_ans_cogen_biased_005_78_sampler_t00003_43.pt
Starting epoch 112
43100 0.1465921398997307
43200 0.14807286858558655
43300 0.14807286858558655
43400 0.14807286858558655
Starting epoch 113
43500 0.1465921398997307
43600 0.14807286858558655
43700 0.14807286858558655
43800 0.14807286858558655
Starting epoch 114
43900 0.1465921398997307
44000 0.14807286858558655
Checking training accuracy ... 
train accuracy is 0.45077062556663644
Checking validation accuracy ...
val accuracy is  0.4317283651907412
total counted in batch average is 0.0
Saving checkpoint to /viscam/u/joycj/dvr/film/chckpt_paths/appendix_biased_005_film_moma_attr_ans_cogen_biased_005_78_sampler_t00003_44.pt
44100 0.14807286858558655
44200 0.14807286858558655
Starting epoch 115
44300 0.1465921398997307
44400 0.14807286858558655
44500 0.14807286858558655
44600 0.14807286858558655
Starting epoch 116
44700 0.1465921398997307
44800 0.14807286858558655
44900 0.14807286858558655
45000 0.14807286858558655
Checking training accuracy ... 
train accuracy is 0.45093180215573686
Checking validation accuracy ...
val accuracy is  0.43237357851439634
total counted in batch average is 0.0
Saving checkpoint to /viscam/u/joycj/dvr/film/chckpt_paths/appendix_biased_005_film_moma_attr_ans_cogen_biased_005_78_sampler_t00003_45.pt
Starting epoch 117
45100 0.1465921398997307
45200 0.14807286858558655
45300 0.14807286858558655
Starting epoch 118
45400 0.1465921398997307
45500 0.14807286858558655
45600 0.14807286858558655
45700 0.14807286858558655
Starting epoch 119
45800 0.1465921398997307
45900 0.14807286858558655
46000 0.14807286858558655
Checking training accuracy ... 
train accuracy is 0.45091165508209935
Checking validation accuracy ...
val accuracy is  0.4328574885071377
total counted in batch average is 0.0
Saving checkpoint to /viscam/u/joycj/dvr/film/chckpt_paths/appendix_biased_005_film_moma_attr_ans_cogen_biased_005_78_sampler_t00003_46.pt
46100 0.14807286858558655
Starting epoch 120
46200 0.1465921398997307
46300 0.14807286858558655
46400 0.14807286858558655
46500 0.14807286858558655
Starting epoch 121
46600 0.1465921398997307
46700 0.14807286858558655
46800 0.14807286858558655
46900 0.14807286858558655
Starting epoch 122
47000 0.1465921398997307
Checking training accuracy ... 
train accuracy is 0.45191900876397706
Checking validation accuracy ...
val accuracy is  0.43229292684893944
total counted in batch average is 0.0
Saving checkpoint to /viscam/u/joycj/dvr/film/chckpt_paths/appendix_biased_005_film_moma_attr_ans_cogen_biased_005_78_sampler_t00003_47.pt
47100 0.14807286858558655
47200 0.14807286858558655
47300 0.14807286858558655
Starting epoch 123
47400 0.1465921398997307
47500 0.14807286858558655
47600 0.14807286858558655
47700 0.14807286858558655
Starting epoch 124
47800 0.1465921398997307
47900 0.14807286858558655
48000 0.14807286858558655
Checking training accuracy ... 
train accuracy is 0.4507101843457238
Checking validation accuracy ...
val accuracy is  0.4330187918380515
total counted in batch average is 0.0
Saving checkpoint to /viscam/u/joycj/dvr/film/chckpt_paths/appendix_biased_005_film_moma_attr_ans_cogen_biased_005_78_sampler_t00003_48.pt
48100 0.14807286858558655
Starting epoch 125
48200 0.1465921398997307
48300 0.14807286858558655
48400 0.14807286858558655
Starting epoch 126
48600 0.29466500848531724
48700 0.14807286858558655
48800 0.14807286858558655
Starting epoch 127
48900 0.1465921398997307
49000 0.14807286858558655
Checking training accuracy ... 
train accuracy is 0.4514959202175884
Checking validation accuracy ...
val accuracy is  0.43188966852165495
total counted in batch average is 0.0
Saving checkpoint to /viscam/u/joycj/dvr/film/chckpt_paths/appendix_biased_005_film_moma_attr_ans_cogen_biased_005_78_sampler_t00003_49.pt
49100 0.14807286858558655
49200 0.14807286858558655
Starting epoch 128
49300 0.1465921398997307
49400 0.14807286858558655
49500 0.14807286858558655
49600 0.14807286858558655
Starting epoch 129
49700 0.1465921398997307
49800 0.14807286858558655
49900 0.14807286858558655
50000 0.14807286858558655
Checking training accuracy ... 
train accuracy is 0.45093180215573686
Checking validation accuracy ...
val accuracy is  0.4316477135252843
total counted in batch average is 0.0
Saving checkpoint to /viscam/u/joycj/dvr/film/chckpt_paths/appendix_biased_005_film_moma_attr_ans_cogen_biased_005_78_sampler_t00003_50.pt
Starting epoch 130
50100 0.1465921398997307
50200 0.14807286858558655
50300 0.14807286858558655
50400 0.14807286858558655
Starting epoch 131
50500 0.1465921398997307
50600 0.14807286858558655
50700 0.14807286858558655
50800 0.14807286858558655
Starting epoch 132
50900 0.1465921398997307
51000 0.14807286858558655
Checking training accuracy ... 
train accuracy is 0.45115341996575
Checking validation accuracy ...
val accuracy is  0.432615533510767
total counted in batch average is 0.0
Saving checkpoint to /viscam/u/joycj/dvr/film/chckpt_paths/appendix_biased_005_film_moma_attr_ans_cogen_biased_005_78_sampler_t00003_51.pt
51100 0.14807286858558655
51200 0.14807286858558655
Starting epoch 133
51300 0.1465921398997307
51400 0.14807286858558655
51500 0.14807286858558655
51600 0.14807286858558655
Starting epoch 134
51700 0.1465921398997307
51800 2.377615900337696
51900 4.20178747177124
Starting epoch 135
52000 4.159769597053528
Checking training accuracy ... 
train accuracy is 0.4439407676035056
Checking validation accuracy ...
val accuracy is  0.42519558028873294
total counted in batch average is 0.0010030090270812437
Saving checkpoint to /viscam/u/joycj/dvr/film/chckpt_paths/appendix_biased_005_film_moma_attr_ans_cogen_biased_005_78_sampler_t00003_52.pt
52100 4.20178747177124
52200 4.20178747177124
52300 4.20178747177124
Starting epoch 136
52400 4.159769597053528
52500 4.20178747177124
52600 4.20178747177124
52700 4.20178747177124
Starting epoch 137
52800 4.159769597053528
52900 4.20178747177124
53000 4.20178747177124
Checking training accuracy ... 
train accuracy is 0.44347738490984184
Checking validation accuracy ...
val accuracy is  0.4246310186305347
total counted in batch average is 0.0
Saving checkpoint to /viscam/u/joycj/dvr/film/chckpt_paths/appendix_biased_005_film_moma_attr_ans_cogen_biased_005_78_sampler_t00003_53.pt
53100 4.20178747177124
Starting epoch 138
53200 4.159769597053528
53300 4.20178747177124
53400 4.20178747177124
53500 4.20178747177124
Starting epoch 139
53600 4.159769597053528
53700 4.20178747177124
53800 4.20178747177124
53900 4.20178747177124
Starting epoch 140
54000 4.159769597053528
Checking training accuracy ... 
train accuracy is 0.44269164903797725
Checking validation accuracy ...
val accuracy is  0.4258407936123881
total counted in batch average is 0.0
Saving checkpoint to /viscam/u/joycj/dvr/film/chckpt_paths/appendix_biased_005_film_moma_attr_ans_cogen_biased_005_78_sampler_t00003_54.pt
54100 4.20178747177124
54200 4.20178747177124
54300 4.20178747177124
Starting epoch 141
54400 4.159769597053528
54500 4.20178747177124
54600 4.20178747177124
54700 4.20178747177124
Starting epoch 142
54800 4.159769597053528
54900 4.20178747177124
55000 4.20178747177124
Checking training accuracy ... 
train accuracy is 0.44404150297169337
Checking validation accuracy ...
val accuracy is  0.4260020969433019
total counted in batch average is 0.0
Saving checkpoint to /viscam/u/joycj/dvr/film/chckpt_paths/appendix_biased_005_film_moma_attr_ans_cogen_biased_005_78_sampler_t00003_55.pt
Starting epoch 143
55100 4.159769597053528
55200 4.20178747177124
55300 4.20178747177124
55400 4.20178747177124
Starting epoch 144
55500 4.159769597053528
55600 4.20178747177124
55700 4.20178747177124
55800 4.20178747177124
Starting epoch 145
55900 4.159769597053528
56000 4.20178747177124
Checking training accuracy ... 
train accuracy is 0.44329606124710386
Checking validation accuracy ...
val accuracy is  0.4268892652633277
total counted in batch average is 0.0
Saving checkpoint to /viscam/u/joycj/dvr/film/chckpt_paths/appendix_biased_005_film_moma_attr_ans_cogen_biased_005_78_sampler_t00003_56.pt
56100 4.20178747177124
56200 4.20178747177124
Starting epoch 146
56300 4.159769597053528
56400 4.20178747177124
56500 4.20178747177124
56600 4.20178747177124
Starting epoch 147
56700 4.159769597053528
56800 4.20178747177124
56900 4.20178747177124
57000 4.20178747177124
Checking training accuracy ... 
train accuracy is 0.443155031731641
Checking validation accuracy ...
val accuracy is  0.4260827486087588
total counted in batch average is 0.0
Saving checkpoint to /viscam/u/joycj/dvr/film/chckpt_paths/appendix_biased_005_film_moma_attr_ans_cogen_biased_005_78_sampler_t00003_57.pt
Starting epoch 148
57100 4.159769597053528
57200 4.20178747177124
57300 4.20178747177124
57400 4.20178747177124
Starting epoch 149
57500 4.159769597053528
57600 4.20178747177124
57700 4.20178747177124
57800 4.20178747177124
Starting epoch 150
57900 4.159769597053528
58000 4.20178747177124
Checking training accuracy ... 
train accuracy is 0.4426513548907021
Checking validation accuracy ...
val accuracy is  0.4265666586015001
total counted in batch average is 0.0
Saving checkpoint to /viscam/u/joycj/dvr/film/chckpt_paths/appendix_biased_005_film_moma_attr_ans_cogen_biased_005_78_sampler_t00003_58.pt
58100 4.20178747177124
Starting epoch 151
58300 8.361557068824768
58400 4.20178747177124
58500 4.20178747177124
Starting epoch 152
58600 4.159769597053528
58700 4.20178747177124
58800 4.20178747177124
58900 4.20178747177124
Starting epoch 153
59000 4.159769597053528
Checking training accuracy ... 
train accuracy is 0.4425707665961519
Checking validation accuracy ...
val accuracy is  0.4268086135978708
total counted in batch average is 0.0
Saving checkpoint to /viscam/u/joycj/dvr/film/chckpt_paths/appendix_biased_005_film_moma_attr_ans_cogen_biased_005_78_sampler_t00003_59.pt
59100 4.20178747177124
59200 4.20178747177124
59300 4.20178747177124
Starting epoch 154
59400 4.159769597053528
59500 4.20178747177124
59600 4.20178747177124
59700 4.20178747177124
Starting epoch 155
59800 4.159769597053528
59900 4.20178747177124
60000 4.20178747177124
Checking training accuracy ... 
train accuracy is 0.4427520902588899
Checking validation accuracy ...
val accuracy is  0.4260020969433019
total counted in batch average is 0.0
Saving checkpoint to /viscam/u/joycj/dvr/film/chckpt_paths/appendix_biased_005_film_moma_attr_ans_cogen_biased_005_78_sampler_t00003_60.pt
60100 4.20178747177124
Starting epoch 156
60200 4.159769597053528
60300 4.20178747177124
60400 4.20178747177124
60500 4.20178747177124
Starting epoch 157
60600 4.159769597053528
60700 4.20178747177124
60800 4.20178747177124
60900 4.20178747177124
Starting epoch 158
61000 4.159769597053528
Checking training accuracy ... 
train accuracy is 0.4435982673516672
Checking validation accuracy ...
val accuracy is  0.42551818695056054
total counted in batch average is 0.0
Saving checkpoint to /viscam/u/joycj/dvr/film/chckpt_paths/appendix_biased_005_film_moma_attr_ans_cogen_biased_005_78_sampler_t00003_61.pt
61100 4.20178747177124
61200 4.20178747177124
61300 4.20178747177124
Starting epoch 159
61400 4.159769597053528
61500 4.20178747177124
61600 4.20178747177124
Starting epoch 160
61700 4.159769597053528
61800 4.20178747177124
61900 2.261971403360367
62000 0.24297916889190674
Checking training accuracy ... 
train accuracy is 0.44277223733252746
Checking validation accuracy ...
val accuracy is  0.4257601419469312
total counted in batch average is 0.001002004008016032
Saving checkpoint to /viscam/u/joycj/dvr/film/chckpt_paths/appendix_biased_005_film_moma_attr_ans_cogen_biased_005_78_sampler_t00003_62.pt
Starting epoch 161
62100 0.24054937720298766
62200 0.24297916889190674
62300 0.24297916889190674
62400 0.24297916889190674
Starting epoch 162
62500 0.24054937720298766
62600 0.24297916889190674
62700 0.24297916889190674
62800 0.24297916889190674
Starting epoch 163
62900 0.24054937720298766
63000 0.24297916889190674
Checking training accuracy ... 
train accuracy is 0.44287297270071524
Checking validation accuracy ...
val accuracy is  0.42535688361964674
total counted in batch average is 0.0
Saving checkpoint to /viscam/u/joycj/dvr/film/chckpt_paths/appendix_biased_005_film_moma_attr_ans_cogen_biased_005_78_sampler_t00003_63.pt
63100 0.24297916889190674
63200 0.24297916889190674
Starting epoch 164
63300 0.24054937720298766
63400 0.24297916889190674
63500 0.24297916889190674
63600 0.24297916889190674
Starting epoch 165
63700 0.24054937720298766
63800 0.24297916889190674
63900 0.24297916889190674
64000 0.24297916889190674
Checking training accuracy ... 
train accuracy is 0.4429938551425405
Checking validation accuracy ...
val accuracy is  0.42745382692152595
total counted in batch average is 0.0
Saving checkpoint to /viscam/u/joycj/dvr/film/chckpt_paths/appendix_biased_005_film_moma_attr_ans_cogen_biased_005_78_sampler_t00003_64.pt
Starting epoch 166
64100 0.24054937720298766
64200 0.24297916889190674
64300 0.24297916889190674
64400 0.24297916889190674
Starting epoch 167
64500 0.24054937720298766
64600 0.24297916889190674
64700 0.24297916889190674
Starting epoch 168
64800 0.24054937720298766
64900 0.24297916889190674
65000 0.24297916889190674
Checking training accuracy ... 
train accuracy is 0.444101944192606
Checking validation accuracy ...
val accuracy is  0.4280990402451811
total counted in batch average is 0.0
Saving checkpoint to /viscam/u/joycj/dvr/film/chckpt_paths/appendix_biased_005_film_moma_attr_ans_cogen_biased_005_78_sampler_t00003_65.pt
65100 0.24297916889190674
Starting epoch 169
65200 0.24054937720298766
65300 0.24297916889190674
65400 0.24297916889190674
65500 0.24297916889190674
Starting epoch 170
65600 0.24054937720298766
65700 0.24297916889190674
65800 0.24297916889190674
65900 0.24297916889190674
Starting epoch 171
66000 0.24054937720298766
Checking training accuracy ... 
train accuracy is 0.4432759141734663
Checking validation accuracy ...
val accuracy is  0.4262440519396726
total counted in batch average is 0.0
Saving checkpoint to /viscam/u/joycj/dvr/film/chckpt_paths/appendix_biased_005_film_moma_attr_ans_cogen_biased_005_78_sampler_t00003_66.pt
66100 0.24297916889190674
66200 0.24297916889190674
66300 0.24297916889190674
Starting epoch 172
66400 0.24054937720298766
66500 0.24297916889190674
66600 0.24297916889190674
66700 0.24297916889190674
Starting epoch 173
66800 0.24054937720298766
66900 0.24297916889190674
67000 0.24297916889190674
Checking training accuracy ... 
train accuracy is 0.44307444343709074
Checking validation accuracy ...
val accuracy is  0.4261634002742157
total counted in batch average is 0.0
Saving checkpoint to /viscam/u/joycj/dvr/film/chckpt_paths/appendix_biased_005_film_moma_attr_ans_cogen_biased_005_78_sampler_t00003_67.pt
67100 0.24297916889190674
Starting epoch 174
67200 0.24054937720298766
67300 0.24297916889190674
67400 0.24297916889190674
67500 0.24297916889190674
Starting epoch 175
67600 0.24054937720298766
67700 0.24297916889190674
67800 0.24297916889190674
Starting epoch 176
68000 0.48352854609489443
Checking training accuracy ... 
train accuracy is 0.4425304724488768
Checking validation accuracy ...
val accuracy is  0.42713122025969835
total counted in batch average is 0.0
Saving checkpoint to /viscam/u/joycj/dvr/film/chckpt_paths/appendix_biased_005_film_moma_attr_ans_cogen_biased_005_78_sampler_t00003_68.pt
68100 0.24297916889190674
68200 0.24297916889190674
Starting epoch 177
68300 0.24054937720298766
68400 0.24297916889190674
68500 0.24297916889190674
68600 0.24297916889190674
Starting epoch 178
68700 0.24054937720298766
68800 0.24297916889190674
68900 0.24297916889190674
69000 0.24297916889190674
Checking training accuracy ... 
train accuracy is 0.4423491487861388
Checking validation accuracy ...
val accuracy is  0.42705056859424145
total counted in batch average is 0.0
Saving checkpoint to /viscam/u/joycj/dvr/film/chckpt_paths/appendix_biased_005_film_moma_attr_ans_cogen_biased_005_78_sampler_t00003_69.pt
Starting epoch 179
69100 0.24054937720298766
69200 0.24297916889190674
69300 0.24297916889190674
69400 0.24297916889190674
Starting epoch 180
69500 0.24054937720298766
69600 0.24297916889190674
69700 0.24297916889190674
69800 0.24297916889190674
Starting epoch 181
69900 0.24054937720298766
70000 0.24297916889190674
Checking training accuracy ... 
train accuracy is 0.44269164903797725
Checking validation accuracy ...
val accuracy is  0.4264860069360432
total counted in batch average is 0.0
Saving checkpoint to /viscam/u/joycj/dvr/film/chckpt_paths/appendix_biased_005_film_moma_attr_ans_cogen_biased_005_78_sampler_t00003_70.pt
70100 0.24297916889190674
70200 0.24297916889190674
Starting epoch 182
70300 0.24054937720298766
70400 0.24297916889190674
70500 0.24297916889190674
70600 0.24297916889190674
Starting epoch 183
70700 0.24054937720298766
70800 0.24297916889190674
70900 0.24297916889190674
71000 0.24297916889190674
Checking training accuracy ... 
train accuracy is 0.4426715019643397
Checking validation accuracy ...
val accuracy is  0.42705056859424145
total counted in batch average is 0.0
Saving checkpoint to /viscam/u/joycj/dvr/film/chckpt_paths/appendix_biased_005_film_moma_attr_ans_cogen_biased_005_78_sampler_t00003_71.pt
Starting epoch 184
71100 0.24054937720298766
71200 0.24297916889190674
71300 0.24297916889190674
Starting epoch 185
71400 0.24054937720298766
71500 0.24297916889190674
71600 0.24297916889190674
71700 0.24297916889190674
Starting epoch 186
71800 0.24054937720298766
71900 0.24297916889190674
72000 0.24297916889190674
Checking training accuracy ... 
train accuracy is 0.4437191497934925
Checking validation accuracy ...
val accuracy is  0.4264053552705863
total counted in batch average is 0.0
Saving checkpoint to /viscam/u/joycj/dvr/film/chckpt_paths/appendix_biased_005_film_moma_attr_ans_cogen_biased_005_78_sampler_t00003_72.pt
72100 0.24297916889190674
Starting epoch 187
72200 0.24054937720298766
72300 0.24297916889190674
72400 0.24297916889190674
72500 0.24297916889190674
Starting epoch 188
72600 0.24054937720298766
72700 0.24297916889190674
72800 0.24297916889190674
72900 0.24297916889190674
Starting epoch 189
73000 0.24054937720298766
Checking training accuracy ... 
train accuracy is 0.44347738490984184
Checking validation accuracy ...
val accuracy is  0.4268892652633277
total counted in batch average is 0.0
Saving checkpoint to /viscam/u/joycj/dvr/film/chckpt_paths/appendix_biased_005_film_moma_attr_ans_cogen_biased_005_78_sampler_t00003_73.pt
73100 0.24297916889190674
73200 0.24297916889190674
73300 0.24297916889190674
Starting epoch 190
73400 0.24054937720298766
73500 0.24297916889190674
73600 0.24297916889190674
73700 0.24297916889190674
Starting epoch 191
73800 0.24054937720298766
73900 0.24297916889190674
74000 0.24297916889190674
Checking training accuracy ... 
train accuracy is 0.44210738390248816
Checking validation accuracy ...
val accuracy is  0.42753447858698285
total counted in batch average is 0.0
Saving checkpoint to /viscam/u/joycj/dvr/film/chckpt_paths/appendix_biased_005_film_moma_attr_ans_cogen_biased_005_78_sampler_t00003_74.pt
74100 0.24297916889190674
Starting epoch 192
74200 0.24054937720298766
74300 0.24297916889190674
74400 0.24297916889190674
Starting epoch 193
74500 0.24054937720298766
74600 0.24297916889190674
74700 0.24297916889190674
74800 0.24297916889190674
Starting epoch 194
74900 0.24054937720298766
75000 0.24297916889190674
Checking training accuracy ... 
train accuracy is 0.44287297270071524
Checking validation accuracy ...
val accuracy is  0.4280990402451811
total counted in batch average is 0.0
Saving checkpoint to /viscam/u/joycj/dvr/film/chckpt_paths/appendix_biased_005_film_moma_attr_ans_cogen_biased_005_78_sampler_t00003_75.pt
75100 0.24297916889190674
75200 0.24297916889190674
Starting epoch 195
75300 0.24054937720298766
75400 0.24297916889190674
75500 0.24297916889190674
75600 0.24297916889190674
Starting epoch 196
75700 0.24054937720298766
75800 0.24297916889190674
75900 0.24297916889190674
76000 0.24297916889190674
Checking training accuracy ... 
train accuracy is 0.44406165004533094
Checking validation accuracy ...
val accuracy is  0.42729252359061215
total counted in batch average is 0.0
Saving checkpoint to /viscam/u/joycj/dvr/film/chckpt_paths/appendix_biased_005_film_moma_attr_ans_cogen_biased_005_78_sampler_t00003_76.pt
Starting epoch 197
76100 0.24054937720298766
76200 0.24297916889190674
76300 0.24297916889190674
76400 0.24297916889190674
Starting epoch 198
76500 0.24054937720298766
76600 0.24297916889190674
76700 0.24297916889190674
76800 0.24297916889190674
Starting epoch 199
76900 0.24054937720298766
77000 0.24297916889190674
Checking training accuracy ... 
train accuracy is 0.4424901783016017
Checking validation accuracy ...
val accuracy is  0.4268086135978708
total counted in batch average is 0.0
Saving checkpoint to /viscam/u/joycj/dvr/film/chckpt_paths/appendix_biased_005_film_moma_attr_ans_cogen_biased_005_78_sampler_t00003_77.pt
77100 0.24297916889190674
77200 0.24297916889190674
Starting epoch 200
77300 0.24054937720298766
77400 0.24297916889190674
77500 0.24297916889190674
Starting epoch 201
77700 0.48352854609489443
77800 0.24297916889190674
77900 0.24297916889190674
Starting epoch 202
78000 0.24054937720298766
Checking training accuracy ... 
train accuracy is 0.44307444343709074
Checking validation accuracy ...
val accuracy is  0.4276957819178966
total counted in batch average is 0.0
Saving checkpoint to /viscam/u/joycj/dvr/film/chckpt_paths/appendix_biased_005_film_moma_attr_ans_cogen_biased_005_78_sampler_t00003_78.pt
78100 0.24297916889190674
78200 0.24297916889190674
78300 0.24297916889190674
Starting epoch 203
78400 0.24054937720298766
78500 0.24297916889190674
78600 0.24297916889190674
78700 0.24297916889190674
Starting epoch 204
78800 0.24054937720298766
78900 0.24297916889190674
79000 0.24297916889190674
Checking training accuracy ... 
train accuracy is 0.4423894429334139
Checking validation accuracy ...
val accuracy is  0.4281796919106379
total counted in batch average is 0.0
Saving checkpoint to /viscam/u/joycj/dvr/film/chckpt_paths/appendix_biased_005_film_moma_attr_ans_cogen_biased_005_78_sampler_t00003_79.pt
79100 0.24297916889190674
Starting epoch 205
79200 0.24054937720298766
79300 0.24297916889190674
79400 0.24297916889190674
79500 0.24297916889190674
Starting epoch 206
79600 0.24054937720298766
79700 0.24297916889190674
79800 0.24297916889190674
79900 0.24297916889190674
Starting epoch 207
80000 0.24054937720298766
Checking training accuracy ... 
train accuracy is 0.44228870756522615
Checking validation accuracy ...
val accuracy is  0.42713122025969835
total counted in batch average is 0.0
Saving checkpoint to /viscam/u/joycj/dvr/film/chckpt_paths/appendix_biased_005_film_moma_attr_ans_cogen_biased_005_78_sampler_t00003_80.pt
80100 0.24297916889190674
80200 0.24297916889190674
80300 0.24297916889190674
Starting epoch 208
80400 0.24054937720298766
80500 0.24297916889190674
80600 0.24297916889190674
80700 0.24297916889190674
Starting epoch 209
80800 0.24054937720298766
80900 0.24297916889190674
81000 0.24297916889190674
Checking training accuracy ... 
train accuracy is 0.4420872368288506
Checking validation accuracy ...
val accuracy is  0.4279377369142673
total counted in batch average is 0.0
Saving checkpoint to /viscam/u/joycj/dvr/film/chckpt_paths/appendix_biased_005_film_moma_attr_ans_cogen_biased_005_78_sampler_t00003_81.pt
Starting epoch 210
81100 0.24054937720298766
81200 0.24297916889190674
81300 0.24297916889190674
81400 0.24297916889190674
Starting epoch 211
81500 0.24054937720298766
81600 0.24297916889190674
81700 0.24297916889190674
81800 0.24297916889190674
Starting epoch 212
81900 0.24054937720298766
82000 0.24297916889190674
Checking training accuracy ... 
train accuracy is 0.4433162083207414
Checking validation accuracy ...
val accuracy is  0.42721187192515525
total counted in batch average is 0.0
Saving checkpoint to /viscam/u/joycj/dvr/film/chckpt_paths/appendix_biased_005_film_moma_attr_ans_cogen_biased_005_78_sampler_t00003_82.pt
82100 0.24297916889190674
82200 0.24297916889190674
Starting epoch 213
82300 0.24054937720298766
82400 0.24297916889190674
82500 0.24297916889190674
82600 0.24297916889190674
Starting epoch 214
82700 0.24054937720298766
82800 0.24297916889190674
82900 0.24297916889190674
83000 0.24297916889190674
Checking training accuracy ... 
train accuracy is 0.44202679560793795
Checking validation accuracy ...
val accuracy is  0.42696991692878455
total counted in batch average is 0.0
Saving checkpoint to /viscam/u/joycj/dvr/film/chckpt_paths/appendix_biased_005_film_moma_attr_ans_cogen_biased_005_78_sampler_t00003_83.pt
Starting epoch 215
83100 0.24054937720298766
83200 0.24297916889190674
83300 0.24297916889190674
83400 0.24297916889190674
Starting epoch 216
83500 0.24054937720298766
83600 0.24297916889190674
83700 0.24297916889190674
83800 0.24297916889190674
Starting epoch 217
83900 0.24054937720298766
84000 0.24297916889190674
Checking training accuracy ... 
train accuracy is 0.44307444343709074
Checking validation accuracy ...
val accuracy is  0.4260827486087588
total counted in batch average is 0.0
Saving checkpoint to /viscam/u/joycj/dvr/film/chckpt_paths/appendix_biased_005_film_moma_attr_ans_cogen_biased_005_78_sampler_t00003_84.pt
84100 0.24297916889190674
Starting epoch 218
84200 0.24054937720298766
84300 0.24297916889190674
84400 0.24297916889190674
84500 0.24297916889190674
Starting epoch 219
84600 0.24054937720298766
84700 0.24297916889190674
84800 0.24297916889190674
84900 0.24297916889190674
Starting epoch 220
85000 0.24054937720298766
Checking training accuracy ... 
train accuracy is 0.44247003122796413
Checking validation accuracy ...
val accuracy is  0.4268086135978708
total counted in batch average is 0.0
Saving checkpoint to /viscam/u/joycj/dvr/film/chckpt_paths/appendix_biased_005_film_moma_attr_ans_cogen_biased_005_78_sampler_t00003_85.pt
85100 0.24297916889190674
85200 0.24297916889190674
85300 0.24297916889190674
Starting epoch 221
85400 0.24054937720298766
85500 0.24297916889190674
85600 0.24297916889190674
85700 0.24297916889190674
Starting epoch 222
85800 0.24054937720298766
85900 0.24297916889190674
86000 0.24297916889190674
Checking training accuracy ... 
train accuracy is 0.4436788556462174
Checking validation accuracy ...
val accuracy is  0.4267279619324139
total counted in batch average is 0.0
Saving checkpoint to /viscam/u/joycj/dvr/film/chckpt_paths/appendix_biased_005_film_moma_attr_ans_cogen_biased_005_78_sampler_t00003_86.pt
86100 0.24297916889190674
Starting epoch 223
86200 0.24054937720298766
86300 0.24297916889190674
86400 0.24297916889190674
86500 0.24297916889190674
Starting epoch 224
86600 0.24054937720298766
86700 0.24297916889190674
86800 0.24297916889190674
86900 0.24297916889190674
Starting epoch 225
87000 0.24054937720298766
Checking training accuracy ... 
train accuracy is 0.4425707665961519
Checking validation accuracy ...
val accuracy is  0.4257601419469312
total counted in batch average is 0.0
Saving checkpoint to /viscam/u/joycj/dvr/film/chckpt_paths/appendix_biased_005_film_moma_attr_ans_cogen_biased_005_78_sampler_t00003_87.pt
87100 0.24297916889190674
87200 0.24297916889190674
Starting epoch 226
87400 0.48352854609489443
87500 0.24297916889190674
87600 0.24297916889190674
Starting epoch 227
87700 0.24054937720298766
87800 0.24297916889190674
87900 0.24297916889190674
88000 0.24297916889190674
Checking training accuracy ... 
train accuracy is 0.443517679057117
Checking validation accuracy ...
val accuracy is  0.4268086135978708
total counted in batch average is 0.0
Saving checkpoint to /viscam/u/joycj/dvr/film/chckpt_paths/appendix_biased_005_film_moma_attr_ans_cogen_biased_005_78_sampler_t00003_88.pt
Starting epoch 228
88100 0.24054937720298766
88200 0.24297916889190674
88300 0.24297916889190674
88400 0.24297916889190674
Starting epoch 229
88500 0.24054937720298766
88600 0.24297916889190674
88700 0.24297916889190674
88800 0.24297916889190674
Starting epoch 230
88900 0.24054937720298766
89000 0.24297916889190674
Checking training accuracy ... 
train accuracy is 0.44307444343709074
Checking validation accuracy ...
val accuracy is  0.4265666586015001
total counted in batch average is 0.0
Saving checkpoint to /viscam/u/joycj/dvr/film/chckpt_paths/appendix_biased_005_film_moma_attr_ans_cogen_biased_005_78_sampler_t00003_89.pt
89100 0.24297916889190674
89200 0.24297916889190674
Starting epoch 231
89300 0.24054937720298766
89400 0.24297916889190674
89500 0.24297916889190674
89600 0.24297916889190674
Starting epoch 232
89700 0.24054937720298766
89800 0.24297916889190674
89900 0.24297916889190674
90000 0.24297916889190674
Checking training accuracy ... 
train accuracy is 0.4420670897552131
Checking validation accuracy ...
val accuracy is  0.4268086135978708
total counted in batch average is 0.0
Saving checkpoint to /viscam/u/joycj/dvr/film/chckpt_paths/appendix_biased_005_film_moma_attr_ans_cogen_biased_005_78_sampler_t00003_90.pt
Starting epoch 233
90100 0.24054937720298766
90200 0.24297916889190674
90300 0.24297916889190674
90400 0.24297916889190674
Starting epoch 234
90500 0.24054937720298766
90600 0.24297916889190674
90700 0.24297916889190674
Starting epoch 235
90800 0.24054937720298766
90900 0.24297916889190674
91000 0.24297916889190674
Checking training accuracy ... 
train accuracy is 0.44244988415432657
Checking validation accuracy ...
val accuracy is  0.4276151302524397
total counted in batch average is 0.0
Saving checkpoint to /viscam/u/joycj/dvr/film/chckpt_paths/appendix_biased_005_film_moma_attr_ans_cogen_biased_005_78_sampler_t00003_91.pt
91100 0.24297916889190674
Starting epoch 236
91200 0.24054937720298766
91300 0.24297916889190674
91400 0.24297916889190674
91500 0.24297916889190674
Starting epoch 237
91600 0.24054937720298766
91700 0.24297916889190674
91800 0.24297916889190674
91900 0.24297916889190674
Starting epoch 238
92000 0.24054937720298766
Checking training accuracy ... 
train accuracy is 0.4436788556462174
Checking validation accuracy ...
val accuracy is  0.4268892652633277
total counted in batch average is 0.0
Saving checkpoint to /viscam/u/joycj/dvr/film/chckpt_paths/appendix_biased_005_film_moma_attr_ans_cogen_biased_005_78_sampler_t00003_92.pt
92100 0.24297916889190674
92200 0.24297916889190674
92300 0.24297916889190674
Starting epoch 239
92400 0.24054937720298766
92500 0.24297916889190674
92600 0.24297916889190674
92700 0.24297916889190674
Starting epoch 240
92800 0.24054937720298766
92900 0.24297916889190674
93000 0.24297916889190674
Checking training accuracy ... 
train accuracy is 0.4421476780497633
Checking validation accuracy ...
val accuracy is  0.4285829502379224
total counted in batch average is 0.0
Saving checkpoint to /viscam/u/joycj/dvr/film/chckpt_paths/appendix_biased_005_film_moma_attr_ans_cogen_biased_005_78_sampler_t00003_93.pt
93100 0.24297916889190674
Starting epoch 241
93200 0.24054937720298766
93300 0.24297916889190674
93400 0.24297916889190674
93500 0.24297916889190674
Starting epoch 242
93600 0.24054937720298766
93700 0.24297916889190674
93800 0.24297916889190674
Starting epoch 243
93900 0.24054937720298766
94000 0.24297916889190674
Checking training accuracy ... 
train accuracy is 0.4429132668479903
Checking validation accuracy ...
val accuracy is  0.4264860069360432
total counted in batch average is 0.0
Saving checkpoint to /viscam/u/joycj/dvr/film/chckpt_paths/appendix_biased_005_film_moma_attr_ans_cogen_biased_005_78_sampler_t00003_94.pt
94100 0.24297916889190674
94200 0.24297916889190674
Starting epoch 244
94300 0.24054937720298766
94400 0.24297916889190674
94500 0.24297916889190674
94600 0.24297916889190674
Starting epoch 245
94700 0.24054937720298766
94800 0.24297916889190674
94900 0.24297916889190674
95000 0.24297916889190674
Checking training accuracy ... 
train accuracy is 0.4446056210335449
Checking validation accuracy ...
val accuracy is  0.42753447858698285
total counted in batch average is 0.0
Saving checkpoint to /viscam/u/joycj/dvr/film/chckpt_paths/appendix_biased_005_film_moma_attr_ans_cogen_biased_005_78_sampler_t00003_95.pt
Starting epoch 246
95100 0.24054937720298766
95200 0.24297916889190674
95300 0.24297916889190674
95400 0.24297916889190674
Starting epoch 247
95500 0.24054937720298766
95600 0.24297916889190674
95700 0.24297916889190674
95800 0.24297916889190674
Starting epoch 248
95900 0.24054937720298766
96000 0.24297916889190674
Checking training accuracy ... 
train accuracy is 0.4433162083207414
Checking validation accuracy ...
val accuracy is  0.42721187192515525
total counted in batch average is 0.0
Saving checkpoint to /viscam/u/joycj/dvr/film/chckpt_paths/appendix_biased_005_film_moma_attr_ans_cogen_biased_005_78_sampler_t00003_96.pt
96100 0.24297916889190674
96200 0.24297916889190674
Starting epoch 249
96300 0.24054937720298766
96400 0.24297916889190674
96500 0.24297916889190674
96600 0.24297916889190674
Starting epoch 250
96700 0.24054937720298766
96800 0.24297916889190674
96900 0.24297916889190674
Starting epoch 251
97100 0.48352854609489443
97200 0.24297916889190674
97300 0.24297916889190674
Starting epoch 252
97400 0.24054937720298766
97500 0.24297916889190674
97600 0.24297916889190674
97700 0.24297916889190674
Starting epoch 253
97800 0.24054937720298766
97900 0.24297916889190674
98000 0.24297916889190674
Checking training accuracy ... 
train accuracy is 0.44287297270071524
Checking validation accuracy ...
val accuracy is  0.4260827486087588
total counted in batch average is 0.0
Saving checkpoint to /viscam/u/joycj/dvr/film/chckpt_paths/appendix_biased_005_film_moma_attr_ans_cogen_biased_005_78_sampler_t00003_98.pt
98100 0.24297916889190674
Starting epoch 254
98200 0.24054937720298766
98300 0.24297916889190674
98400 0.24297916889190674
98500 0.24297916889190674
Starting epoch 255
98600 0.24054937720298766
98700 0.24297916889190674
98800 0.24297916889190674
98900 0.24297916889190674
Starting epoch 256
99000 0.24054937720298766
Checking training accuracy ... 
train accuracy is 0.44390047345623046
Checking validation accuracy ...
val accuracy is  0.42737317525606905
total counted in batch average is 0.0
Saving checkpoint to /viscam/u/joycj/dvr/film/chckpt_paths/appendix_biased_005_film_moma_attr_ans_cogen_biased_005_78_sampler_t00003_99.pt
99100 0.24297916889190674
99200 0.24297916889190674
99300 0.24297916889190674
Starting epoch 257
99400 0.24054937720298766
99500 0.24297916889190674
99600 0.24297916889190674
99700 0.24297916889190674
Starting epoch 258
99800 0.24054937720298766
99900 0.24297916889190674
100000 0.24297916889190674
Checking training accuracy ... 
train accuracy is 0.4425909136697895
Checking validation accuracy ...
val accuracy is  0.4278570852488104
total counted in batch average is 0.0
Saving checkpoint to /viscam/u/joycj/dvr/film/chckpt_paths/appendix_biased_005_film_moma_attr_ans_cogen_biased_005_78_sampler_t00003_100.pt
100100 0.24297916889190674
Starting epoch 259
100200 0.24054937720298766
100300 0.24297916889190674
100400 0.24297916889190674
Starting epoch 260
100500 0.24054937720298766
100600 0.24297916889190674
100700 0.24297916889190674
100800 0.24297916889190674
Starting epoch 261
100900 0.24054937720298766
101000 0.24297916889190674
Checking training accuracy ... 
train accuracy is 0.443517679057117
Checking validation accuracy ...
val accuracy is  0.42713122025969835
total counted in batch average is 0.0
Saving checkpoint to /viscam/u/joycj/dvr/film/chckpt_paths/appendix_biased_005_film_moma_attr_ans_cogen_biased_005_78_sampler_t00003_101.pt
101100 0.24297916889190674
101200 0.24297916889190674
Starting epoch 262
101300 0.24054937720298766
101400 0.24297916889190674
101500 0.24297916889190674
101600 0.24297916889190674
Starting epoch 263
101700 0.24054937720298766
101800 0.24297916889190674
101900 0.24297916889190674
102000 0.24297916889190674
Checking training accuracy ... 
train accuracy is 0.4431953258789161
Checking validation accuracy ...
val accuracy is  0.4260827486087588
total counted in batch average is 0.0
Saving checkpoint to /viscam/u/joycj/dvr/film/chckpt_paths/appendix_biased_005_film_moma_attr_ans_cogen_biased_005_78_sampler_t00003_102.pt
Starting epoch 264
102100 0.24054937720298766
102200 0.24297916889190674
102300 0.24297916889190674
102400 0.24297916889190674
Starting epoch 265
102500 0.24054937720298766
102600 0.24297916889190674
102700 0.24297916889190674
102800 0.24297916889190674
Starting epoch 266
102900 0.24054937720298766
103000 0.24297916889190674
Checking training accuracy ... 
train accuracy is 0.44263120781706455
Checking validation accuracy ...
val accuracy is  0.42721187192515525
total counted in batch average is 0.0
Saving checkpoint to /viscam/u/joycj/dvr/film/chckpt_paths/appendix_biased_005_film_moma_attr_ans_cogen_biased_005_78_sampler_t00003_103.pt
103100 0.24297916889190674
103200 0.24297916889190674
Starting epoch 267
103300 0.24054937720298766
103400 0.24297916889190674
103500 0.24297916889190674
Starting epoch 268
103600 0.24054937720298766
103700 0.24297916889190674
103800 0.24297916889190674
103900 0.24297916889190674
Starting epoch 269
104000 0.24054937720298766
Checking training accuracy ... 
train accuracy is 0.4434975319834794
Checking validation accuracy ...
val accuracy is  0.4267279619324139
total counted in batch average is 0.0
Saving checkpoint to /viscam/u/joycj/dvr/film/chckpt_paths/appendix_biased_005_film_moma_attr_ans_cogen_biased_005_78_sampler_t00003_104.pt
104100 0.24297916889190674
104200 0.24297916889190674
104300 0.24297916889190674
Starting epoch 270
104400 0.24054937720298766
104500 0.24297916889190674
